[2017.02.14-09.18.33:346][  0]Log file open, 02/14/17 10:18:33
[2017.02.14-09.18.33:346][  0]LogInit:Display: Running engine for game: Highlight
[2017.02.14-09.18.33:346][  0]LogPlatformFile: Not using cached read wrapper
[2017.02.14-09.18.33:346][  0]LogInit:Display: RandInit(1907890120) SRandInit(1907890122).
[2017.02.14-09.18.33:346][  0]LogTaskGraph: Started task graph with 4 named threads and 5 total threads.
[2017.02.14-09.18.33:346][  0]LogStats: Stats thread started at 0.058019
[2017.02.14-09.18.33:346][  0]LogInit: Version: 4.10.4-2872498+++depot+UE4-Releases+4.10
[2017.02.14-09.18.33:346][  0]LogInit: API Version: 2758231
[2017.02.14-09.18.33:346][  0]LogInit: Compiled (64-bit): Feb 18 2016 15:47:04
[2017.02.14-09.18.33:346][  0]LogInit: Compiled with Visual C++: 19.00.23026.00
[2017.02.14-09.18.33:346][  0]LogInit: Build Configuration: Development
[2017.02.14-09.18.33:346][  0]LogInit: Branch Name: ++depot+UE4-Releases+4.10
[2017.02.14-09.18.33:347][  0]LogInit: Command line:  
[2017.02.14-09.18.33:347][  0]LogInit: Base directory: C:/Program Files (x86)/Epic Games/4.10/Engine/Binaries/Win64/
[2017.02.14-09.18.33:347][  0]LogInit: Rocket: 1
[2017.02.14-09.18.33:354][  0]LogInit: Using libcurl 7.41.0
[2017.02.14-09.18.33:354][  0]LogInit:  - built for x86_64-pc-win32
[2017.02.14-09.18.33:354][  0]LogInit:  - supports SSL with WinSSL
[2017.02.14-09.18.33:354][  0]LogInit:  - other features:
[2017.02.14-09.18.33:354][  0]LogInit:      CURL_VERSION_SSL
[2017.02.14-09.18.33:354][  0]LogInit:      CURL_VERSION_IPV6
[2017.02.14-09.18.33:354][  0]LogInit:      CURL_VERSION_ASYNCHDNS
[2017.02.14-09.18.33:354][  0]LogInit:      CURL_VERSION_LARGEFILE
[2017.02.14-09.18.33:354][  0]LogInit:      CURL_VERSION_IDN
[2017.02.14-09.18.33:354][  0]LogInit:  CurlRequestOptions (configurable via config and command line):
[2017.02.14-09.18.33:354][  0]LogInit:  - bVerifyPeer = true  - Libcurl will verify peer certificate
[2017.02.14-09.18.33:354][  0]LogInit:  - bUseHttpProxy = false  - Libcurl will NOT use HTTP proxy
[2017.02.14-09.18.33:354][  0]LogInit:  - bDontReuseConnections = false  - Libcurl will reuse connections
[2017.02.14-09.18.33:354][  0]LogInit:  - CertBundlePath = nullptr  - Libcurl will use whatever was configured at build time.
[2017.02.14-09.18.33:362][  0]LogInit: Presizing for 0 objects not considered by GC, pre-allocating 0 bytes.
[2017.02.14-09.18.33:368][  0]LogInit: Object subsystem initialized
[2017.02.14-09.18.33:369][  0]LogInit: Selected Device Profile: [Windows]
[2017.02.14-09.18.33:369][  0]LogInit: Applying CVar settings loaded from the selected device profile: [Windows]
[2017.02.14-09.18.33:376][  0]LogInit: Computer: LAPTOP-ELQTR10M
[2017.02.14-09.18.33:376][  0]LogInit: User: danie
[2017.02.14-09.18.33:376][  0]LogInit: CPU Page size=4096, Cores=2
[2017.02.14-09.18.33:377][  0]LogInit: High frequency timer resolution =2.531250 MHz
[2017.02.14-09.18.33:377][  0]LogMemory: Memory total: Physical=7.9GB (8GB approx)
[2017.02.14-09.18.33:377][  0]LogMemory: Platform Memory Stats for Windows
[2017.02.14-09.18.33:377][  0]LogMemory: Process Physical Memory: 55.86 MB used, 55.86 MB peak
[2017.02.14-09.18.33:377][  0]LogMemory: Process Virtual Memory: 55.52 MB used, 55.52 MB peak
[2017.02.14-09.18.33:377][  0]LogMemory: Physical Memory: 3738.61 MB used, 8105.91 MB total
[2017.02.14-09.18.33:377][  0]LogMemory: Virtual Memory: 380.97 MB used, 134217728.00 MB total
[2017.02.14-09.18.33:416][  0]LogTextLocalizationManager: No translations for ('de-DE') exist, falling back to 'en' for localization and internationalization data.
[2017.02.14-09.18.35:119][  0]LogD3D11RHI: Found D3D11 adapter 0: NVIDIA GeForce GTX 950M      (Feature Level 11_0)
[2017.02.14-09.18.35:119][  0]LogD3D11RHI: Adapter has 4037MB of dedicated video memory, 0MB of dedicated system memory, and 4052MB of shared system memory, 1 output[s]
[2017.02.14-09.18.35:126][  0]LogD3D11RHI: Found D3D11 adapter 1: Intel(R) HD Graphics 520 (Feature Level 11_0)
[2017.02.14-09.18.35:126][  0]LogD3D11RHI: Adapter has 128MB of dedicated video memory, 0MB of dedicated system memory, and 4052MB of shared system memory, 0 output[s]
[2017.02.14-09.18.35:127][  0]LogD3D11RHI: Found D3D11 adapter 2: Microsoft Basic Render Driver (Feature Level 11_0)
[2017.02.14-09.18.35:127][  0]LogD3D11RHI: Adapter has 0MB of dedicated video memory, 0MB of dedicated system memory, and 4052MB of shared system memory, 0 output[s]
[2017.02.14-09.18.35:127][  0]LogD3D11RHI: Chosen D3D11 Adapter Id = 0
[2017.02.14-09.18.35:132][  0]LogD3D11RHI: !Direct3DDevice
[2017.02.14-09.18.35:132][  0]LogRHI: Texture pool is 1361 MB (70% of 1945 MB)
[2017.02.14-09.18.35:147][  0]LogD3D11RHI: Async texture creation enabled
[2017.02.14-09.18.35:165][  0]LogShaderCompilers: Guid format shader working directory is 18 characters bigger than the processId version (D:/Github/Forschungsseminar/Intermediate/Shaders/WorkingDirectory/13808/).
[2017.02.14-09.18.35:165][  0]LogShaderCompilers: Cleaned the shader compiler working directory 'C:/Users/danie/AppData/Local/Temp/UnrealShaderWorkingDir/3EF84C714E36D8B6E19F91B21DA72E9E/'.
[2017.02.14-09.18.35:165][  0]LogShaderCompilers:Display: Using Local Shader Compiler.
[2017.02.14-09.18.35:989][  0]LogTemp:Display: Loaded TP AllDesktopTargetPlatform
[2017.02.14-09.18.35:994][  0]LogTemp:Display: Loaded TP WindowsClientTargetPlatform
[2017.02.14-09.18.36:000][  0]LogTemp:Display: Loaded TP WindowsNoEditorTargetPlatform
[2017.02.14-09.18.36:005][  0]LogTemp:Display: Loaded TP WindowsServerTargetPlatform
[2017.02.14-09.18.36:010][  0]LogTemp:Display: Loaded TP WindowsTargetPlatform
[2017.02.14-09.18.36:015][  0]LogTemp:Display: Loaded TP AndroidTargetPlatform
[2017.02.14-09.18.36:018][  0]LogTemp:Display: Loaded TP Android_ASTCTargetPlatform
[2017.02.14-09.18.36:021][  0]LogTemp:Display: Loaded TP Android_ATCTargetPlatform
[2017.02.14-09.18.36:024][  0]LogTemp:Display: Loaded TP Android_DXTTargetPlatform
[2017.02.14-09.18.36:028][  0]LogTemp:Display: Loaded TP Android_ETC1TargetPlatform
[2017.02.14-09.18.36:031][  0]LogTemp:Display: Loaded TP Android_ETC2TargetPlatform
[2017.02.14-09.18.36:038][  0]LogTemp:Display: Loaded TP Android_MultiTargetPlatform
[2017.02.14-09.18.36:038][  0]LogTemp:Display: Loaded TP Android_PVRTCTargetPlatform
[2017.02.14-09.18.36:039][  0]LogTemp:Display: Loaded TP HTML5TargetPlatform
[2017.02.14-09.18.36:056][  0]LogTemp:Display: Loaded TP IOSTargetPlatform
[2017.02.14-09.18.36:059][  0]LogTemp:Display: Loaded TP LinuxNoEditorTargetPlatform
[2017.02.14-09.18.36:062][  0]LogTemp:Display: Loaded TP LinuxServerTargetPlatform
[2017.02.14-09.18.36:065][  0]LogTemp:Display: Loaded TP LinuxTargetPlatform
[2017.02.14-09.18.36:065][  0]LogTargetPlatformManager:Display: Building Assets For Windows
[2017.02.14-09.18.36:162][  0]LogDerivedDataCache:Display: Max Cache Size: 512 MB
[2017.02.14-09.18.36:203][  0]LogDerivedDataCache: Loaded boot cache 0.04s 41MB C:/Users/danie/AppData/Local/UnrealEngine/4.10/DerivedDataCache/Boot.ddc.
[2017.02.14-09.18.36:203][  0]LogDerivedDataCache:Display: Loaded Boot cache: C:/Users/danie/AppData/Local/UnrealEngine/4.10/DerivedDataCache/Boot.ddc
[2017.02.14-09.18.36:204][  0]LogDerivedDataCache: FDerivedDataBackendGraph:  Pak pak cache file D:/Github/Forschungsseminar/DerivedDataCache/DDC.ddp not found, will not use a pak cache.
[2017.02.14-09.18.36:204][  0]LogDerivedDataCache: Unable to find inner node Pak for hierarchical cache Hierarchy.
[2017.02.14-09.18.36:204][  0]LogDerivedDataCache: FDerivedDataBackendGraph:  CompressedPak pak cache file D:/Github/Forschungsseminar/DerivedDataCache/Compressed.ddp not found, will not use a pak cache.
[2017.02.14-09.18.36:204][  0]LogDerivedDataCache: Unable to find inner node CompressedPak for hierarchical cache Hierarchy.
[2017.02.14-09.18.36:267][  0]LogDerivedDataCache:Display: Pak cache opened for reading ../../../Engine/DerivedDataCache/Compressed.ddp.
[2017.02.14-09.18.36:280][  0]LogDerivedDataCache: Using Local data cache path C:/Users/danie/AppData/Local/UnrealEngine/Common/DerivedDataCache: Writable
[2017.02.14-09.18.36:324][  0]LogModuleManager:Warning: Found module file D:/Github/Forschungsseminar/Plugins/G27Plugin/Binaries/Win64/UE4Editor-G27Plugin-4039.dll (API version 2455222), but it was incompatible with the current engine API version (2758231). This is likely a stale module that must be recompiled.
[2017.02.14-09.18.36:324][  0]LogModuleManager:Warning: Found module file D:/Github/Forschungsseminar/Plugins/G27Plugin/Binaries/Win64/UE4Editor-G27Plugin-6.dll (API version 2455222), but it was incompatible with the current engine API version (2758231). This is likely a stale module that must be recompiled.
[2017.02.14-09.18.36:325][  0]LogModuleManager:Warning: Found module file D:/Github/Forschungsseminar/Plugins/G27Plugin/Binaries/Win64/UE4Editor-G27Plugin-6092.dll (API version 2455222), but it was incompatible with the current engine API version (2758231). This is likely a stale module that must be recompiled.
[2017.02.14-09.18.36:325][  0]LogModuleManager:Warning: Found module file D:/Github/Forschungsseminar/Plugins/G27Plugin/Binaries/Win64/UE4Editor-G27Plugin.dll (API version 2455222), but it was incompatible with the current engine API version (2758231). This is likely a stale module that must be recompiled.
[2017.02.14-09.18.36:487][  0]LogInit: Selected Device Profile: [Windows]
[2017.02.14-09.18.36:490][  0]LogContentStreaming: Texture pool size is 0.000000MB
[2017.02.14-09.18.36:607][  0]LogMeshUtilities: No automatic mesh reduction module available
[2017.02.14-09.18.36:607][  0]LogMeshUtilities: No automatic mesh merging module available
[2017.02.14-09.18.36:833][  0]LogInit: WinSock: version 1.1 (2.2), MaxSocks=32767, MaxUdp=65467
[2017.02.14-09.18.37:594][  0]UdpMessaging: Initializing bridge on interface 0.0.0.0:0 to multicast group 230.0.0.1:6666.
[2017.02.14-09.18.37:695][  0]LogAssetRegistry: FAssetRegistry took 0.0110 seconds to start up
[2017.02.14-09.18.37:906][  0]SourceControl: Info Source control is disabled
[2017.02.14-09.18.37:964][  0]SourceControl: Info Source control is disabled
[2017.02.14-09.18.37:979][  0]SourceControl: Info Source control is disabled
[2017.02.14-09.18.37:993][  0]SourceControl: Info Source control is disabled
[2017.02.14-09.18.38:270][  0]LogModuleManager:Warning: Found module file D:/Github/Forschungsseminar/Plugins/G27Plugin/Binaries/Win64/UE4Editor-G27Plugin-4039.dll (API version 2455222), but it was incompatible with the current engine API version (2758231). This is likely a stale module that must be recompiled.
[2017.02.14-09.18.51:694][  0]LogWindowsTextInputMethodSystem:Display: IME system now deactivated.
[2017.02.14-09.18.51:695][  0]LogWindowsTextInputMethodSystem:Display: IME system now deactivated.
[2017.02.14-09.18.51:760][  0]LogExit: Preparing to exit.
[2017.02.14-09.18.52:741][  0]LogExit: Object subsystem successfully closed.
[2017.02.14-09.18.52:756][  0]LogD3D11RHI: Shutdown
[2017.02.14-09.18.52:756][  0]LogD3D11RHI: CleanupD3DDevice
[2017.02.14-09.18.52:814][  0]LogD3D11RHI: ~FD3D11DynamicRHI
[2017.02.14-09.18.52:822][  0]LogModuleManager: Shutting down and abandoning module SlateRemote (121)
[2017.02.14-09.18.52:822][  0]LogModuleManager: Shutting down and abandoning module SteamVRController (120)
[2017.02.14-09.18.52:822][  0]LogModuleManager: Shutting down and abandoning module SteamVR (119)
[2017.02.14-09.18.52:822][  0]LogModuleManager: Shutting down and abandoning module ProceduralMeshComponent (118)
[2017.02.14-09.18.52:822][  0]LogModuleManager: Shutting down and abandoning module OculusLibrary (117)
[2017.02.14-09.18.52:822][  0]LogModuleManager: Shutting down and abandoning module OculusInput (116)
[2017.02.14-09.18.52:822][  0]LogModuleManager: Shutting down and abandoning module LeapMotionController (115)
[2017.02.14-09.18.52:843][  0]LogModuleManager: Shutting down and abandoning module CustomMeshComponent (114)
[2017.02.14-09.18.52:843][  0]LogModuleManager: Shutting down and abandoning module CableComponent (113)
[2017.02.14-09.18.52:843][  0]LogModuleManager: Shutting down and abandoning module ArchVisCharacter (112)
[2017.02.14-09.18.52:843][  0]LogModuleManager: Shutting down and abandoning module MessagingDebugger (111)
[2017.02.14-09.18.52:843][  0]LogModuleManager: Shutting down and abandoning module MediaPlayerEditor (110)
[2017.02.14-09.18.52:843][  0]LogModuleManager: Shutting down and abandoning module HTML5Networking (109)
[2017.02.14-09.18.52:843][  0]LogModuleManager: Shutting down and abandoning module SpeedTreeImporter (108)
[2017.02.14-09.18.52:843][  0]LogModuleManager: Shutting down and abandoning module PluginBrowser (107)
[2017.02.14-09.18.52:843][  0]LogModuleManager: Shutting down and abandoning module EpicSurvey (106)
[2017.02.14-09.18.52:843][  0]LogModuleManager: Shutting down and abandoning module DesktopPlatform (105)
[2017.02.14-09.18.52:843][  0]LogModuleManager: Shutting down and abandoning module VisualStudioSourceCodeAccess (104)
[2017.02.14-09.18.52:843][  0]LogModuleManager: Shutting down and abandoning module UObjectPlugin (103)
[2017.02.14-09.18.52:843][  0]LogModuleManager: Shutting down and abandoning module SubversionSourceControl (102)
[2017.02.14-09.18.52:843][  0]LogModuleManager: Shutting down and abandoning module PerforceSourceControl (101)
[2017.02.14-09.18.52:843][  0]LogModuleManager: Shutting down and abandoning module SourceControl (100)
[2017.02.14-09.18.52:843][  0]LogModuleManager: Shutting down and abandoning module GitSourceControl (99)
[2017.02.14-09.18.52:843][  0]LogModuleManager: Shutting down and abandoning module LightPropagationVolumeEditor (98)
[2017.02.14-09.18.52:843][  0]LogModuleManager: Shutting down and abandoning module PaperTiledImporter (97)
[2017.02.14-09.18.52:843][  0]LogModuleManager: Shutting down and abandoning module PaperSpriteSheetImporter (96)
[2017.02.14-09.18.52:843][  0]LogModuleManager: Shutting down and abandoning module MeshPaint (95)
[2017.02.14-09.18.52:843][  0]LogModuleManager: Shutting down and abandoning module SlateReflector (94)
[2017.02.14-09.18.52:843][  0]LogModuleManager: Shutting down and abandoning module HotReload (93)
[2017.02.14-09.18.52:843][  0]LogModuleManager: Shutting down and abandoning module MainFrame (92)
[2017.02.14-09.18.52:843][  0]LogModuleManager: Shutting down and abandoning module LevelEditor (91)
[2017.02.14-09.18.52:844][  0]LogModuleManager: Shutting down and abandoning module DirectoryWatcher (90)
[2017.02.14-09.18.52:844][  0]LogModuleManager: Shutting down and abandoning module AssetRegistry (89)
[2017.02.14-09.18.52:885][  0]LogModuleManager: Shutting down and abandoning module ContentBrowser (88)
[2017.02.14-09.18.52:885][  0]LogModuleManager: Shutting down and abandoning module Paper2DEditor (87)
[2017.02.14-09.18.52:885][  0]LogModuleManager: Shutting down and abandoning module UdpMessaging (86)
[2017.02.14-09.18.52:987][  0]LogModuleManager: Shutting down and abandoning module LightPropagationVolumeRuntime (85)
[2017.02.14-09.18.52:987][  0]LogModuleManager: Shutting down and abandoning module Paper2D (84)
[2017.02.14-09.18.52:987][  0]LogModuleManager: Shutting down and abandoning module WindowsMoviePlayer (83)
[2017.02.14-09.18.52:987][  0]LogModuleManager: Shutting down and abandoning module Media (82)
[2017.02.14-09.18.52:987][  0]LogModuleManager: Shutting down and abandoning module WmfMedia (81)
[2017.02.14-09.18.52:987][  0]LogModuleManager: Shutting down and abandoning module OnlineBlueprintSupport (80)
[2017.02.14-09.18.52:987][  0]LogModuleManager: Shutting down and abandoning module GameplayTasksEditor (79)
[2017.02.14-09.18.52:987][  0]LogModuleManager: Shutting down and abandoning module PropertyEditor (78)
[2017.02.14-09.18.52:987][  0]LogModuleManager: Shutting down and abandoning module BehaviorTreeEditor (77)
[2017.02.14-09.18.52:987][  0]LogModuleManager: Shutting down and abandoning module FunctionalTesting (76)
[2017.02.14-09.18.52:987][  0]LogModuleManager: Shutting down and abandoning module CollisionAnalyzer (75)
[2017.02.14-09.18.52:987][  0]LogModuleManager: Shutting down and abandoning module WorkspaceMenuStructure (74)
[2017.02.14-09.18.52:987][  0]LogModuleManager: Shutting down and abandoning module MessageLog (73)
[2017.02.14-09.18.52:987][  0]LogModuleManager: Shutting down and abandoning module Sequencer (72)
[2017.02.14-09.18.52:987][  0]LogModuleManager: Shutting down and abandoning module AssetTools (71)
[2017.02.14-09.18.52:987][  0]LogModuleManager: Shutting down and abandoning module UMGEditor (70)
[2017.02.14-09.18.52:987][  0]LogModuleManager: Shutting down and abandoning module UMG (69)
[2017.02.14-09.18.52:987][  0]LogModuleManager: Shutting down and abandoning module Slate (68)
[2017.02.14-09.18.52:987][  0]LogModuleManager: Shutting down and abandoning module EditorStyle (67)
[2017.02.14-09.18.52:989][  0]LogModuleManager: Shutting down and abandoning module SessionServices (66)
[2017.02.14-09.18.52:989][  0]LogModuleManager: Shutting down and abandoning module SourceCodeAccess (65)
[2017.02.14-09.18.52:989][  0]LogModuleManager: Shutting down and abandoning module HeadMountedDisplay (64)
[2017.02.14-09.18.52:989][  0]LogModuleManager: Shutting down and abandoning module XAudio2 (63)
[2017.02.14-09.18.52:989][  0]LogModuleManager: Shutting down and abandoning module Networking (61)
[2017.02.14-09.18.52:989][  0]LogModuleManager: Shutting down and abandoning module Core (60)
[2017.02.14-09.18.52:989][  0]LogModuleManager: Shutting down and abandoning module KismetCompiler (59)
[2017.02.14-09.18.52:989][  0]LogModuleManager: Shutting down and abandoning module PhysXFormats (58)
[2017.02.14-09.18.52:989][  0]LogModuleManager: Shutting down and abandoning module MeshUtilities (57)
[2017.02.14-09.18.52:989][  0]LogModuleManager: Shutting down and abandoning module DerivedDataCache (56)
[2017.02.14-09.18.53:296][  0]LogDerivedDataCache: Shutdown
[2017.02.14-09.18.53:296][  0]LogModuleManager: Shutting down and abandoning module ShaderFormatOpenGL (55)
[2017.02.14-09.18.53:296][  0]LogModuleManager: Shutting down and abandoning module ShaderFormatD3D (54)
[2017.02.14-09.18.53:296][  0]LogModuleManager: Shutting down and abandoning module MetalShaderFormat (53)
[2017.02.14-09.18.53:296][  0]LogModuleManager: Shutting down and abandoning module TextureFormatUncompressed (52)
[2017.02.14-09.18.53:296][  0]LogModuleManager: Shutting down and abandoning module TextureFormatPVR (51)
[2017.02.14-09.18.53:296][  0]LogModuleManager: Shutting down and abandoning module TextureFormatIntelISPCTexComp (50)
[2017.02.14-09.18.53:296][  0]LogModuleManager: Shutting down and abandoning module TextureFormatDXT (49)
[2017.02.14-09.18.53:296][  0]LogModuleManager: Shutting down and abandoning module ImageWrapper (48)
[2017.02.14-09.18.53:296][  0]LogModuleManager: Shutting down and abandoning module TextureFormatASTC (47)
[2017.02.14-09.18.53:296][  0]LogModuleManager: Shutting down and abandoning module TextureFormatAndroid (46)
[2017.02.14-09.18.53:296][  0]LogModuleManager: Shutting down and abandoning module AudioFormatOpus (45)
[2017.02.14-09.18.53:296][  0]LogModuleManager: Shutting down and abandoning module AudioFormatOgg (44)
[2017.02.14-09.18.53:296][  0]LogModuleManager: Shutting down and abandoning module AudioFormatADPCM (43)
[2017.02.14-09.18.53:296][  0]LogModuleManager: Shutting down and abandoning module LinuxTargetPlatform (42)
[2017.02.14-09.18.53:296][  0]LogModuleManager: Shutting down and abandoning module LinuxServerTargetPlatform (41)
[2017.02.14-09.18.53:296][  0]LogModuleManager: Shutting down and abandoning module LinuxNoEditorTargetPlatform (40)
[2017.02.14-09.18.53:296][  0]LogModuleManager: Shutting down and abandoning module Messaging (39)
[2017.02.14-09.18.53:296][  0]LogModuleManager: Shutting down and abandoning module IOSTargetPlatform (38)
[2017.02.14-09.18.53:296][  0]LogModuleManager: Shutting down and abandoning module HTML5TargetPlatform (37)
[2017.02.14-09.18.53:296][  0]LogModuleManager: Shutting down and abandoning module Android_PVRTCTargetPlatform (36)
[2017.02.14-09.18.53:296][  0]LogModuleManager: Shutting down and abandoning module Android_MultiTargetPlatform (35)
[2017.02.14-09.18.53:296][  0]LogModuleManager: Shutting down and abandoning module Android_ETC2TargetPlatform (34)
[2017.02.14-09.18.53:296][  0]LogModuleManager: Shutting down and abandoning module Android_ETC1TargetPlatform (33)
[2017.02.14-09.18.53:296][  0]LogModuleManager: Shutting down and abandoning module Android_DXTTargetPlatform (32)
[2017.02.14-09.18.53:296][  0]LogModuleManager: Shutting down and abandoning module Android_ATCTargetPlatform (31)
[2017.02.14-09.18.53:296][  0]LogModuleManager: Shutting down and abandoning module Android_ASTCTargetPlatform (30)
[2017.02.14-09.18.53:296][  0]LogModuleManager: Shutting down and abandoning module AndroidTargetPlatform (29)
[2017.02.14-09.18.53:296][  0]LogModuleManager: Shutting down and abandoning module WindowsTargetPlatform (28)
[2017.02.14-09.18.53:296][  0]LogModuleManager: Shutting down and abandoning module WindowsServerTargetPlatform (27)
[2017.02.14-09.18.53:296][  0]LogModuleManager: Shutting down and abandoning module WindowsNoEditorTargetPlatform (26)
[2017.02.14-09.18.53:296][  0]LogModuleManager: Shutting down and abandoning module WindowsClientTargetPlatform (25)
[2017.02.14-09.18.53:296][  0]LogModuleManager: Shutting down and abandoning module AllDesktopTargetPlatform (24)
[2017.02.14-09.18.53:296][  0]LogModuleManager: Shutting down and abandoning module TargetPlatform (23)
[2017.02.14-09.18.53:296][  0]LogModuleManager: Shutting down and abandoning module InputCore (22)
[2017.02.14-09.18.53:296][  0]LogModuleManager: Shutting down and abandoning module Settings (21)
[2017.02.14-09.18.53:296][  0]LogModuleManager: Shutting down and abandoning module OnlineSubsystem (19)
[2017.02.14-09.18.53:296][  0]LogModuleManager: Shutting down and abandoning module HTTP (18)
[2017.02.14-09.18.53:296][  0]LogModuleManager: Shutting down and abandoning module XMPP (17)
[2017.02.14-09.18.53:296][  0]LogModuleManager: Shutting down and abandoning module OculusRift (16)
[2017.02.14-09.18.53:296][  0]LogModuleManager: Shutting down and abandoning module ExampleDeviceProfileSelector (15)
[2017.02.14-09.18.53:296][  0]LogModuleManager: Shutting down and abandoning module TextureCompressor (14)
[2017.02.14-09.18.53:296][  0]LogModuleManager: Shutting down and abandoning module ShaderCore (13)
[2017.02.14-09.18.53:296][  0]LogModuleManager: Shutting down and abandoning module Landscape (12)
[2017.02.14-09.18.53:296][  0]LogModuleManager: Shutting down and abandoning module SlateRHIRenderer (11)
[2017.02.14-09.18.53:296][  0]LogModuleManager: Shutting down and abandoning module OpenGLDrv (10)
[2017.02.14-09.18.53:296][  0]LogModuleManager: Shutting down and abandoning module D3D11RHI (9)
[2017.02.14-09.18.53:296][  0]LogModuleManager: Shutting down and abandoning module AnimGraphRuntime (8)
[2017.02.14-09.18.53:296][  0]LogModuleManager: Shutting down and abandoning module Renderer (7)
[2017.02.14-09.18.53:296][  0]LogModuleManager: Shutting down and abandoning module Engine (6)
[2017.02.14-09.18.53:296][  0]LogModuleManager: Shutting down and abandoning module CoreUObject (5)
[2017.02.14-09.18.53:296][  0]LogModuleManager: Shutting down and abandoning module NetworkFile (4)
[2017.02.14-09.18.53:296][  0]LogModuleManager: Shutting down and abandoning module StreamingFile (3)
[2017.02.14-09.18.53:296][  0]LogModuleManager: Shutting down and abandoning module SandboxFile (2)
[2017.02.14-09.18.53:296][  0]LogModuleManager: Shutting down and abandoning module PakFile (1)
[2017.02.14-09.18.53:298][  0]LogExit: Exiting.
[2017.02.14-09.18.53:299][  0]Log file closed, 02/14/17 10:18:53
