[2016.12.13-13.57.14:294][  0]Log file open, 12/13/16 14:57:14
[2016.12.13-13.57.14:294][  0]LogInit:Display: Running engine for game: Highlight
[2016.12.13-13.57.14:294][  0]LogPlatformFile: Not using cached read wrapper
[2016.12.13-13.57.14:294][  0]LogInit:Display: RandInit(742286687) SRandInit(742286689).
[2016.12.13-13.57.14:294][  0]LogTaskGraph: Started task graph with 4 named threads and 5 total threads.
[2016.12.13-13.57.14:294][  0]LogStats: Stats thread started at 0.055162
[2016.12.13-13.57.14:294][  0]LogInit: Version: 4.10.4-2872498+++depot+UE4-Releases+4.10
[2016.12.13-13.57.14:294][  0]LogInit: API Version: 2758231
[2016.12.13-13.57.14:294][  0]LogInit: Compiled (64-bit): Feb 18 2016 15:47:04
[2016.12.13-13.57.14:294][  0]LogInit: Compiled with Visual C++: 19.00.23026.00
[2016.12.13-13.57.14:294][  0]LogInit: Build Configuration: Development
[2016.12.13-13.57.14:294][  0]LogInit: Branch Name: ++depot+UE4-Releases+4.10
[2016.12.13-13.57.14:294][  0]LogInit: Command line:  
[2016.12.13-13.57.14:294][  0]LogInit: Base directory: C:/Program Files (x86)/Epic Games/4.10/Engine/Binaries/Win64/
[2016.12.13-13.57.14:294][  0]LogInit: Rocket: 1
[2016.12.13-13.57.14:304][  0]LogInit: Using libcurl 7.41.0
[2016.12.13-13.57.14:304][  0]LogInit:  - built for x86_64-pc-win32
[2016.12.13-13.57.14:304][  0]LogInit:  - supports SSL with WinSSL
[2016.12.13-13.57.14:304][  0]LogInit:  - other features:
[2016.12.13-13.57.14:304][  0]LogInit:      CURL_VERSION_SSL
[2016.12.13-13.57.14:304][  0]LogInit:      CURL_VERSION_IPV6
[2016.12.13-13.57.14:304][  0]LogInit:      CURL_VERSION_ASYNCHDNS
[2016.12.13-13.57.14:304][  0]LogInit:      CURL_VERSION_LARGEFILE
[2016.12.13-13.57.14:304][  0]LogInit:      CURL_VERSION_IDN
[2016.12.13-13.57.14:304][  0]LogInit:  CurlRequestOptions (configurable via config and command line):
[2016.12.13-13.57.14:304][  0]LogInit:  - bVerifyPeer = true  - Libcurl will verify peer certificate
[2016.12.13-13.57.14:304][  0]LogInit:  - bUseHttpProxy = false  - Libcurl will NOT use HTTP proxy
[2016.12.13-13.57.14:304][  0]LogInit:  - bDontReuseConnections = false  - Libcurl will reuse connections
[2016.12.13-13.57.14:304][  0]LogInit:  - CertBundlePath = nullptr  - Libcurl will use whatever was configured at build time.
[2016.12.13-13.57.14:315][  0]LogInit: Presizing for 0 objects not considered by GC, pre-allocating 0 bytes.
[2016.12.13-13.57.14:323][  0]LogInit: Object subsystem initialized
[2016.12.13-13.57.14:325][  0]LogInit: Selected Device Profile: [Windows]
[2016.12.13-13.57.14:325][  0]LogInit: Applying CVar settings loaded from the selected device profile: [Windows]
[2016.12.13-13.57.14:336][  0]LogInit: Computer: LAPTOP-ELQTR10M
[2016.12.13-13.57.14:336][  0]LogInit: User: danie
[2016.12.13-13.57.14:336][  0]LogInit: CPU Page size=4096, Cores=2
[2016.12.13-13.57.14:336][  0]LogInit: High frequency timer resolution =2.531251 MHz
[2016.12.13-13.57.14:336][  0]LogMemory: Memory total: Physical=7.9GB (8GB approx)
[2016.12.13-13.57.14:336][  0]LogMemory: Platform Memory Stats for Windows
[2016.12.13-13.57.14:336][  0]LogMemory: Process Physical Memory: 55.96 MB used, 55.96 MB peak
[2016.12.13-13.57.14:336][  0]LogMemory: Process Virtual Memory: 57.57 MB used, 57.57 MB peak
[2016.12.13-13.57.14:336][  0]LogMemory: Physical Memory: 5474.82 MB used, 8105.91 MB total
[2016.12.13-13.57.14:336][  0]LogMemory: Virtual Memory: 382.91 MB used, 134217728.00 MB total
[2016.12.13-13.57.14:378][  0]LogTextLocalizationManager: No translations for ('de-DE') exist, falling back to 'en' for localization and internationalization data.
[2016.12.13-13.57.14:941][  0]LogD3D11RHI: Found D3D11 adapter 0: NVIDIA GeForce GTX 950M      (Feature Level 11_0)
[2016.12.13-13.57.14:941][  0]LogD3D11RHI: Adapter has 4037MB of dedicated video memory, 0MB of dedicated system memory, and 4052MB of shared system memory, 1 output[s]
[2016.12.13-13.57.14:947][  0]LogD3D11RHI: Found D3D11 adapter 1: Intel(R) HD Graphics 520 (Feature Level 11_0)
[2016.12.13-13.57.14:947][  0]LogD3D11RHI: Adapter has 128MB of dedicated video memory, 0MB of dedicated system memory, and 4052MB of shared system memory, 0 output[s]
[2016.12.13-13.57.14:948][  0]LogD3D11RHI: Found D3D11 adapter 2: Microsoft Basic Render Driver (Feature Level 11_0)
[2016.12.13-13.57.14:948][  0]LogD3D11RHI: Adapter has 0MB of dedicated video memory, 0MB of dedicated system memory, and 4052MB of shared system memory, 0 output[s]
[2016.12.13-13.57.14:948][  0]LogD3D11RHI: Chosen D3D11 Adapter Id = 0
[2016.12.13-13.57.14:956][  0]LogD3D11RHI: !Direct3DDevice
[2016.12.13-13.57.14:956][  0]LogRHI: Texture pool is 1361 MB (70% of 1945 MB)
[2016.12.13-13.57.14:975][  0]LogD3D11RHI: Async texture creation enabled
[2016.12.13-13.57.14:988][  0]LogShaderCompilers: Guid format shader working directory is -20 characters bigger than the processId version (../../../../../../Users/danie/Documents/Unreal Projects/Highlight/Intermediate/Shaders/WorkingDirectory/15124/).
[2016.12.13-13.57.14:988][  0]LogShaderCompilers: Cleaned the shader compiler working directory 'C:/Users/danie/AppData/Local/Temp/UnrealShaderWorkingDir/FE20F33146BA142E01EC9F98803A3A94/'.
[2016.12.13-13.57.14:988][  0]LogShaderCompilers:Display: Using Local Shader Compiler.
[2016.12.13-13.57.15:991][  0]LogTemp:Display: Loaded TP AllDesktopTargetPlatform
[2016.12.13-13.57.15:998][  0]LogTemp:Display: Loaded TP WindowsClientTargetPlatform
[2016.12.13-13.57.16:003][  0]LogTemp:Display: Loaded TP WindowsNoEditorTargetPlatform
[2016.12.13-13.57.16:010][  0]LogTemp:Display: Loaded TP WindowsServerTargetPlatform
[2016.12.13-13.57.16:015][  0]LogTemp:Display: Loaded TP WindowsTargetPlatform
[2016.12.13-13.57.16:019][  0]LogTemp:Display: Loaded TP AndroidTargetPlatform
[2016.12.13-13.57.16:022][  0]LogTemp:Display: Loaded TP Android_ASTCTargetPlatform
[2016.12.13-13.57.16:026][  0]LogTemp:Display: Loaded TP Android_ATCTargetPlatform
[2016.12.13-13.57.16:029][  0]LogTemp:Display: Loaded TP Android_DXTTargetPlatform
[2016.12.13-13.57.16:032][  0]LogTemp:Display: Loaded TP Android_ETC1TargetPlatform
[2016.12.13-13.57.16:036][  0]LogTemp:Display: Loaded TP Android_ETC2TargetPlatform
[2016.12.13-13.57.16:042][  0]LogTemp:Display: Loaded TP Android_MultiTargetPlatform
[2016.12.13-13.57.16:042][  0]LogTemp:Display: Loaded TP Android_PVRTCTargetPlatform
[2016.12.13-13.57.16:043][  0]LogTemp:Display: Loaded TP HTML5TargetPlatform
[2016.12.13-13.57.16:062][  0]LogTemp:Display: Loaded TP IOSTargetPlatform
[2016.12.13-13.57.16:064][  0]LogTemp:Display: Loaded TP LinuxNoEditorTargetPlatform
[2016.12.13-13.57.16:067][  0]LogTemp:Display: Loaded TP LinuxServerTargetPlatform
[2016.12.13-13.57.16:071][  0]LogTemp:Display: Loaded TP LinuxTargetPlatform
[2016.12.13-13.57.16:071][  0]LogTargetPlatformManager:Display: Building Assets For Windows
[2016.12.13-13.57.16:173][  0]LogDerivedDataCache:Display: Max Cache Size: 512 MB
[2016.12.13-13.57.16:218][  0]LogDerivedDataCache: Loaded boot cache 0.04s 41MB C:/Users/danie/AppData/Local/UnrealEngine/4.10/DerivedDataCache/Boot.ddc.
[2016.12.13-13.57.16:218][  0]LogDerivedDataCache:Display: Loaded Boot cache: C:/Users/danie/AppData/Local/UnrealEngine/4.10/DerivedDataCache/Boot.ddc
[2016.12.13-13.57.16:218][  0]LogDerivedDataCache: FDerivedDataBackendGraph:  Pak pak cache file ../../../../../../Users/danie/Documents/Unreal Projects/Highlight/DerivedDataCache/DDC.ddp not found, will not use a pak cache.
[2016.12.13-13.57.16:218][  0]LogDerivedDataCache: Unable to find inner node Pak for hierarchical cache Hierarchy.
[2016.12.13-13.57.16:218][  0]LogDerivedDataCache: FDerivedDataBackendGraph:  CompressedPak pak cache file ../../../../../../Users/danie/Documents/Unreal Projects/Highlight/DerivedDataCache/Compressed.ddp not found, will not use a pak cache.
[2016.12.13-13.57.16:219][  0]LogDerivedDataCache: Unable to find inner node CompressedPak for hierarchical cache Hierarchy.
[2016.12.13-13.57.16:306][  0]LogDerivedDataCache:Display: Pak cache opened for reading ../../../Engine/DerivedDataCache/Compressed.ddp.
[2016.12.13-13.57.16:318][  0]LogDerivedDataCache: Using Local data cache path C:/Users/danie/AppData/Local/UnrealEngine/Common/DerivedDataCache: Writable
[2016.12.13-13.57.16:539][  0]LogInit: Selected Device Profile: [Windows]
[2016.12.13-13.57.16:542][  0]LogContentStreaming: Texture pool size is 0.000000MB
[2016.12.13-13.57.16:688][  0]LogMeshUtilities: No automatic mesh reduction module available
[2016.12.13-13.57.16:688][  0]LogMeshUtilities: No automatic mesh merging module available
[2016.12.13-13.57.16:929][  0]LogInit: WinSock: version 1.1 (2.2), MaxSocks=32767, MaxUdp=65467
[2016.12.13-13.57.17:709][  0]UdpMessaging: Initializing bridge on interface 0.0.0.0:0 to multicast group 230.0.0.1:6666.
[2016.12.13-13.57.17:812][  0]LogAssetRegistry: FAssetRegistry took 0.0109 seconds to start up
[2016.12.13-13.57.18:054][  0]SourceControl: Info Source control is disabled
[2016.12.13-13.57.18:141][  0]SourceControl: Info Source control is disabled
[2016.12.13-13.57.18:158][  0]SourceControl: Info Source control is disabled
[2016.12.13-13.57.18:174][  0]SourceControl: Info Source control is disabled
[2016.12.13-13.57.18:501][  0]LogObj: 28633 objects as part of root set at end of initial load.
[2016.12.13-13.57.18:501][  0]LogUObjectAllocator: 6099752 out of 0 bytes used by permanent object pool.
[2016.12.13-13.57.18:569][  0]LogEngine: Initializing Engine...
[2016.12.13-13.57.18:572][  0]LogHMD: Can't find Oculus library dev build: is proper Runtime installed? Version: 0.8.0.0
[2016.12.13-13.57.18:573][  0]LogHMD: SteamVR failed to initialize.  Err: 110
[2016.12.13-13.57.18:720][  0]LogAIModule: Creating AISystem for world NewWorld
[2016.12.13-13.57.18:725][  0]LogInit: XAudio2 using 'Lautsprecher (Realtek High Definition Audio(SST))' : 2 channels at 48 kHz using 32 bits per sample (channel mask 0x3)
[2016.12.13-13.57.18:737][  0]LogInit: FAudioDevice initialized.
[2016.12.13-13.57.18:757][  0]LogDerivedDataCache: Saved boot cache 0.02s 41MB C:/Users/danie/AppData/Local/UnrealEngine/4.10/DerivedDataCache/Boot.ddc.
[2016.12.13-13.57.18:760][  0]LogInit: Texture streaming: Enabled
[2016.12.13-13.57.18:768][  0]LogAnalytics: Creating configured Analytics provider AnalyticsET
[2016.12.13-13.57.18:768][  0]LogAnalytics: [UEEditor.Rocket.Release] APIServer = http://et2.epicgames.com/ET2/. AppVersion = 4.10.4-2872498+++depot+UE4-Releases+4.10
[2016.12.13-13.57.18:768][  0]LogAnalytics: [UEEditor.Rocket.Release] SetUserId 1a4e72b84605f241aedbd0856a2b1682|6de05fa92587480fb7882ffc140bd849|705478e5-d4b4-468d-9618-97abfa4f769e
[2016.12.13-13.57.18:768][  0]LogAnalytics: [UEEditor.Rocket.Release] AnalyticsET::StartSession
[2016.12.13-13.57.18:778][  0]LogInit: Transaction tracking system initialized
[2016.12.13-13.57.18:820][  0]BlueprintLog: New page: Editor Load
[2016.12.13-13.57.18:937][  0]LocalizationService: Info Localization service is disabled
[2016.12.13-13.57.19:025][  0]LogConsoleResponse:Display: 
[2016.12.13-13.57.19:148][  0]LogCook:Display: Done creating registry. It took  0.00s.
[2016.12.13-13.57.19:226][  0]LogFileCache: Scanning file cache for directory 'C:/Users/danie/Documents/Unreal Projects/Highlight/Content/' took 0.02s
[2016.12.13-13.57.19:234][  0]SourceControl: Info Source control is disabled
[2016.12.13-13.57.19:234][  0]Cmd: MAP LOAD FILE="../../../../../../Users/danie/Documents/Unreal Projects/Highlight/Content/FirstPersonBP/Maps/FirstPersonExampleMap.umap" TEMPLATE=0 SHOWPROGRESS=1 FEATURELEVEL=3
[2016.12.13-13.57.19:235][  0]LightingResults: New page: Lighting Build
[2016.12.13-13.57.19:238][  0]MapCheck: New page: Map Check
[2016.12.13-13.57.19:238][  0]LightingResults: New page: Lighting Build
[2016.12.13-13.57.19:259][  0]LogParticles: Destroying 0 GPU particle simulations for FXSystem 0x000001DFF4A16160
[2016.12.13-13.57.19:505][  0]LogBlueprint:Warning: [compiler FirstPersonExampleMap] Warning Node  Unknown  is not referencing a valid level actor
[2016.12.13-13.57.19:505][  0]LogBlueprint:Warning: [compiler FirstPersonExampleMap] Warning [0005.63] Compile of FirstPersonExampleMap successful, but with 1 Warning(s) [in 2 ms]
[2016.12.13-13.57.19:505][  0]LogBlueprint:Warning: [compiler FirstPersonExampleMap] Warning [0005.63] Compile of FirstPersonExampleMap successful, but with 2 Warning(s) [in 0 ms]
[2016.12.13-13.57.19:506][  0]LogBlueprint:Warning: [compiler FirstPersonExampleMap] Warning [0005.63] Compile of FirstPersonExampleMap successful, but with 3 Warning(s) [in 0 ms]
[2016.12.13-13.57.19:508][  0]LogBlueprint:Warning: [compiler FirstPersonExampleMap] Warning Node  Unknown  is not referencing a valid level actor
[2016.12.13-13.57.19:509][  0]LogBlueprint:Warning: [compiler FirstPersonExampleMap] Warning [0005.63] Compile of FirstPersonExampleMap successful, but with 1 Warning(s) [in 1 ms]
[2016.12.13-13.57.19:509][  0]LogBlueprint:Warning: [compiler FirstPersonExampleMap] Warning [0005.63] Compile of FirstPersonExampleMap successful, but with 2 Warning(s) [in 0 ms]
[2016.12.13-13.57.19:509][  0]LogBlueprint:Warning: [compiler FirstPersonExampleMap] Warning [0005.63] Compile of FirstPersonExampleMap successful, but with 3 Warning(s) [in 0 ms]
[2016.12.13-13.57.19:679][  0]LogAIModule: Creating AISystem for world FirstPersonExampleMap
[2016.12.13-13.57.19:685][  0]LogEditorServer: Finished looking for orphan Actors (0.000 secs)
[2016.12.13-13.57.19:686][  0]Cmd: MAP CHECKDEP NOCLEARLOG
[2016.12.13-13.57.19:734][  0]MapCheck: Info Map check complete: 0 Error(s), 0 Warning(s), took 47.753ms to complete.
[2016.12.13-13.57.19:734][  0]LogFileHelpers: Loading map 'FirstPersonExampleMap' took 0.500
[2016.12.13-13.57.19:847][  0]LogCollectionManager: Loaded 0 collections in 0.002610 seconds
[2016.12.13-13.57.19:889][  0]LogFileCache: Scanning file cache for directory 'C:/Users/danie/Documents/Unreal Projects/Highlight/Saved/Collections/' took 0.01s
[2016.12.13-13.57.19:889][  0]LogFileCache: Scanning file cache for directory 'C:/Users/danie/Documents/Unreal Projects/Highlight/Content/Developers/danie/Collections/' took 0.01s
[2016.12.13-13.57.19:889][  0]LogFileCache: Scanning file cache for directory 'C:/Users/danie/Documents/Unreal Projects/Highlight/Content/Collections/' took 0.01s
[2016.12.13-13.57.19:889][  0]LogCollectionManager: Rebuilt the GUID cache for 0 collections in 0.000002 seconds
[2016.12.13-13.57.19:897][  0]LogContentBrowser: Native class hierarchy populated in 0.0077 seconds. Added 1893 classes and 338 folders.
[2016.12.13-13.57.19:906][  0]LogContentBrowser: Native class hierarchy updated for 'WidgetCarousel' in 0.0003 seconds. Added 0 classes and 0 folders.
[2016.12.13-13.57.19:952][  0]LogContentBrowser: Native class hierarchy updated for 'AddContentDialog' in 0.0005 seconds. Added 0 classes and 0 folders.
[2016.12.13-13.57.19:957][  0]LogContentBrowser: Native class hierarchy updated for 'SceneOutliner' in 0.0004 seconds. Added 1 classes and 2 folders.
[2016.12.13-13.57.20:010][  0]LogCrashTracker: Crashtracker disabled due to settings.
[2016.12.13-13.57.20:015][  0]LogUObjectGlobals:Warning: Failed to find object 'Class None.'
[2016.12.13-13.57.20:038][  0]LogLoad: Full Startup: 6.16 seconds (BP compile: 0.07 seconds)
[2016.12.13-13.57.20:061][  0]LogOcInput: Can't find Oculus library dev build: is proper Runtime installed? Version: 0.8.0.0
[2016.12.13-13.57.20:103][  0]LogContentStreaming: Texture pool size now 1000 MB
[2016.12.13-13.57.20:262][  0]LogRenderer: Reallocating scene render targets to support 816x400 (Frame:2).
[2016.12.13-13.57.20:577][  3]LogAssetRegistry: Asset discovery search completed in 2.7761 seconds
[2016.12.13-13.57.20:577][  3]LogCollectionManager: Rebuilt the object cache for 0 collections in 0.000000 seconds (found 0 objects)
[2016.12.13-13.57.20:577][  3]LogCollectionManager: Fixed up redirectors for 0 collections in 0.000030 seconds (updated 0 objects)
[2016.12.13-13.57.53:411][587]LogEditorViewport: Clicking on Actor (LMB): info_panel_Blueprint_C (info_panel_Blueprint)
[2016.12.13-13.57.53:882][612]LogEditorViewport: Clicking on Actor (LMB): info_panel_Blueprint_C (info_panel_Blueprint)
[2016.12.13-13.57.56:745][783]LogEditorViewport: Clicking on Actor (LMB): info_panel_Blueprint_C (info_panel_Blueprint)
[2016.12.13-13.58.32:289][531]LogEditorViewport: Clicking on Actor (LMB): StaticMeshActor (Floor)
[2016.12.13-14.01.24:900][101]LogBlueprintUserMessages: Early PlayInEditor Detection: Level '/Game/FirstPersonBP/Maps/FirstPersonExampleMap.FirstPersonExampleMap:PersistentLevel' has LevelScriptBlueprint '/Game/FirstPersonBP/Maps/FirstPersonExampleMap.FirstPersonExampleMap:PersistentLevel.FirstPersonExampleMap' with GeneratedClass '/Game/FirstPersonBP/Maps/FirstPersonExampleMap.FirstPersonExampleMap_C' with ClassGeneratedBy '/Game/FirstPersonBP/Maps/FirstPersonExampleMap.FirstPersonExampleMap:PersistentLevel.FirstPersonExampleMap'
[2016.12.13-14.01.24:900][101]LogPlayLevel: PlayLevel: No blueprints needed recompiling
[2016.12.13-14.01.24:901][101]PIE: New page: PIE session: FirstPersonExampleMap (Dec 13, 2016, 4:01:24 PM)
[2016.12.13-14.01.24:901][101]LogPlayLevel: Creating play world package: /Game/FirstPersonBP/Maps/UEDPIE_0_FirstPersonExampleMap
[2016.12.13-14.01.24:931][101]LogPlayLevel: PIE: StaticDuplicateObject took: (0.030338s)
[2016.12.13-14.01.24:932][101]LogAIModule: Creating AISystem for world FirstPersonExampleMap
[2016.12.13-14.01.24:932][101]LogPlayLevel: PIE: World Init took: (0.001146s)
[2016.12.13-14.01.24:932][101]LogPlayLevel: PIE: Created PIE world by copying editor world from /Game/FirstPersonBP/Maps/FirstPersonExampleMap.FirstPersonExampleMap to /Game/FirstPersonBP/Maps/UEDPIE_0_FirstPersonExampleMap.FirstPersonExampleMap (0.031817s)
[2016.12.13-14.01.24:971][101]LogInit: XAudio2 using 'Lautsprecher (Realtek High Definition Audio(SST))' : 2 channels at 48 kHz using 32 bits per sample (channel mask 0x3)
[2016.12.13-14.01.24:981][101]LogInit: FAudioDevice initialized.
[2016.12.13-14.01.25:031][101]LogWorld: Game class is 'Mouse_GameMode_C'
[2016.12.13-14.01.25:035][101]LogWorld: Bringing World /Game/FirstPersonBP/Maps/UEDPIE_0_FirstPersonExampleMap.FirstPersonExampleMap up for play (max tick rate 60) at 2016.12.13-15.01.25
[2016.12.13-14.01.25:035][101]LogActor:Warning: GameSession /Game/FirstPersonBP/Maps/UEDPIE_0_FirstPersonExampleMap.FirstPersonExampleMap:PersistentLevel.GameSession_0 has natively added scene component(s), but none of them were set as the actor's RootComponent - picking one arbitrarily
[2016.12.13-14.01.25:035][101]LogActor:Warning: GameNetworkManager /Game/FirstPersonBP/Maps/UEDPIE_0_FirstPersonExampleMap.FirstPersonExampleMap:PersistentLevel.GameNetworkManager_0 has natively added scene component(s), but none of them were set as the actor's RootComponent - picking one arbitrarily
[2016.12.13-14.01.25:035][101]LogWorld: Bringing up level for play took: 0.003504
[2016.12.13-14.01.25:037][101]PIE: Info Play in editor start time for /Game/FirstPersonBP/Maps/UEDPIE_0_FirstPersonExampleMap 0.967
[2016.12.13-14.01.25:037][101]LogBlueprintUserMessages: Late PlayInEditor Detection: Level '/Game/FirstPersonBP/Maps/FirstPersonExampleMap.FirstPersonExampleMap:PersistentLevel' has LevelScriptBlueprint '/Game/FirstPersonBP/Maps/FirstPersonExampleMap.FirstPersonExampleMap:PersistentLevel.FirstPersonExampleMap' with GeneratedClass '/Game/FirstPersonBP/Maps/FirstPersonExampleMap.FirstPersonExampleMap_C' with ClassGeneratedBy '/Game/FirstPersonBP/Maps/FirstPersonExampleMap.FirstPersonExampleMap:PersistentLevel.FirstPersonExampleMap'
[2016.12.13-14.01.32:634][555]LogBlueprintUserMessages: Early EndPlayMap Detection: Level '/Game/FirstPersonBP/Maps/FirstPersonExampleMap.FirstPersonExampleMap:PersistentLevel' has LevelScriptBlueprint '/Game/FirstPersonBP/Maps/FirstPersonExampleMap.FirstPersonExampleMap:PersistentLevel.FirstPersonExampleMap' with GeneratedClass '/Game/FirstPersonBP/Maps/FirstPersonExampleMap.FirstPersonExampleMap_C' with ClassGeneratedBy '/Game/FirstPersonBP/Maps/FirstPersonExampleMap.FirstPersonExampleMap:PersistentLevel.FirstPersonExampleMap'
[2016.12.13-14.01.32:684][555]LogBlueprintUserMessages: Late EndPlayMap Detection: Level '/Game/FirstPersonBP/Maps/FirstPersonExampleMap.FirstPersonExampleMap:PersistentLevel' has LevelScriptBlueprint '/Game/FirstPersonBP/Maps/FirstPersonExampleMap.FirstPersonExampleMap:PersistentLevel.FirstPersonExampleMap' with GeneratedClass '/Game/FirstPersonBP/Maps/FirstPersonExampleMap.FirstPersonExampleMap_C' with ClassGeneratedBy '/Game/FirstPersonBP/Maps/FirstPersonExampleMap.FirstPersonExampleMap:PersistentLevel.FirstPersonExampleMap'
[2016.12.13-14.01.32:706][555]LogParticles: Destroying 0 GPU particle simulations for FXSystem 0x000001DF9FA82840
[2016.12.13-14.01.33:480][600]LogEditorViewport: Clicking on Actor (LMB): info_panel_Blueprint_C (info_panel_Blueprint)
[2016.12.13-14.01.36:705][787]LogLinker:Warning: Asset '../../../Engine/Content/ArtTools/RenderToTexture/Macros/RenderToTextureMacros.uasset' has been saved with empty engine version. The asset will be loaded but may be incompatible.
[2016.12.13-14.01.37:160][787]LogContentBrowser: Native class hierarchy updated for 'BlueprintGraph' in 0.0008 seconds. Added 107 classes and 0 folders.
[2016.12.13-14.02.35:452][248]BlueprintLog: New page: Compile info_panel_Blueprint
[2016.12.13-14.02.35:553][248]BlueprintEditorCompileResults: Info [0321.68] Compile of info_panel_Blueprint successful! [in 99 ms]
[2016.12.13-14.02.37:453][356]LogBlueprintUserMessages: Early PlayInEditor Detection: Level '/Game/FirstPersonBP/Maps/FirstPersonExampleMap.FirstPersonExampleMap:PersistentLevel' has LevelScriptBlueprint '/Game/FirstPersonBP/Maps/FirstPersonExampleMap.FirstPersonExampleMap:PersistentLevel.FirstPersonExampleMap' with GeneratedClass '/Game/FirstPersonBP/Maps/FirstPersonExampleMap.FirstPersonExampleMap_C' with ClassGeneratedBy '/Game/FirstPersonBP/Maps/FirstPersonExampleMap.FirstPersonExampleMap:PersistentLevel.FirstPersonExampleMap'
[2016.12.13-14.02.37:453][356]LogPlayLevel: PlayLevel: No blueprints needed recompiling
[2016.12.13-14.02.37:453][356]PIE: New page: PIE session: FirstPersonExampleMap (Dec 13, 2016, 4:02:37 PM)
[2016.12.13-14.02.37:453][356]LogPlayLevel: Creating play world package: /Game/FirstPersonBP/Maps/UEDPIE_0_FirstPersonExampleMap
[2016.12.13-14.02.37:476][356]LogPlayLevel: PIE: StaticDuplicateObject took: (0.022451s)
[2016.12.13-14.02.37:477][356]LogAIModule: Creating AISystem for world FirstPersonExampleMap
[2016.12.13-14.02.37:477][356]LogPlayLevel: PIE: World Init took: (0.001137s)
[2016.12.13-14.02.37:477][356]LogPlayLevel: PIE: Created PIE world by copying editor world from /Game/FirstPersonBP/Maps/FirstPersonExampleMap.FirstPersonExampleMap to /Game/FirstPersonBP/Maps/UEDPIE_0_FirstPersonExampleMap.FirstPersonExampleMap (0.023848s)
[2016.12.13-14.02.37:517][356]LogParticles: Destroying 0 GPU particle simulations for FXSystem 0x000001DFE5971D00
[2016.12.13-14.02.37:523][356]LogInit: XAudio2 using 'Lautsprecher (Realtek High Definition Audio(SST))' : 2 channels at 48 kHz using 32 bits per sample (channel mask 0x3)
[2016.12.13-14.02.37:532][356]LogInit: FAudioDevice initialized.
[2016.12.13-14.02.37:570][356]LogWorld: Game class is 'Mouse_GameMode_C'
[2016.12.13-14.02.37:575][356]LogWorld: Bringing World /Game/FirstPersonBP/Maps/UEDPIE_0_FirstPersonExampleMap.FirstPersonExampleMap up for play (max tick rate 60) at 2016.12.13-15.02.37
[2016.12.13-14.02.37:576][356]LogActor:Warning: GameSession /Game/FirstPersonBP/Maps/UEDPIE_0_FirstPersonExampleMap.FirstPersonExampleMap:PersistentLevel.GameSession_1 has natively added scene component(s), but none of them were set as the actor's RootComponent - picking one arbitrarily
[2016.12.13-14.02.37:576][356]LogActor:Warning: GameNetworkManager /Game/FirstPersonBP/Maps/UEDPIE_0_FirstPersonExampleMap.FirstPersonExampleMap:PersistentLevel.GameNetworkManager_1 has natively added scene component(s), but none of them were set as the actor's RootComponent - picking one arbitrarily
[2016.12.13-14.02.37:576][356]LogWorld: Bringing up level for play took: 0.005107
[2016.12.13-14.02.37:578][356]PIE: Info Play in editor start time for /Game/FirstPersonBP/Maps/UEDPIE_0_FirstPersonExampleMap -0.493
[2016.12.13-14.02.37:578][356]LogBlueprintUserMessages: Late PlayInEditor Detection: Level '/Game/FirstPersonBP/Maps/FirstPersonExampleMap.FirstPersonExampleMap:PersistentLevel' has LevelScriptBlueprint '/Game/FirstPersonBP/Maps/FirstPersonExampleMap.FirstPersonExampleMap:PersistentLevel.FirstPersonExampleMap' with GeneratedClass '/Game/FirstPersonBP/Maps/FirstPersonExampleMap.FirstPersonExampleMap_C' with ClassGeneratedBy '/Game/FirstPersonBP/Maps/FirstPersonExampleMap.FirstPersonExampleMap:PersistentLevel.FirstPersonExampleMap'
[2016.12.13-14.02.47:402][944]LogBlueprintUserMessages: Early EndPlayMap Detection: Level '/Game/FirstPersonBP/Maps/FirstPersonExampleMap.FirstPersonExampleMap:PersistentLevel' has LevelScriptBlueprint '/Game/FirstPersonBP/Maps/FirstPersonExampleMap.FirstPersonExampleMap:PersistentLevel.FirstPersonExampleMap' with GeneratedClass '/Game/FirstPersonBP/Maps/FirstPersonExampleMap.FirstPersonExampleMap_C' with ClassGeneratedBy '/Game/FirstPersonBP/Maps/FirstPersonExampleMap.FirstPersonExampleMap:PersistentLevel.FirstPersonExampleMap'
[2016.12.13-14.02.47:448][944]LogBlueprintUserMessages: Late EndPlayMap Detection: Level '/Game/FirstPersonBP/Maps/FirstPersonExampleMap.FirstPersonExampleMap:PersistentLevel' has LevelScriptBlueprint '/Game/FirstPersonBP/Maps/FirstPersonExampleMap.FirstPersonExampleMap:PersistentLevel.FirstPersonExampleMap' with GeneratedClass '/Game/FirstPersonBP/Maps/FirstPersonExampleMap.FirstPersonExampleMap_C' with ClassGeneratedBy '/Game/FirstPersonBP/Maps/FirstPersonExampleMap.FirstPersonExampleMap:PersistentLevel.FirstPersonExampleMap'
[2016.12.13-14.02.47:522][945]LogParticles: Destroying 0 GPU particle simulations for FXSystem 0x000001DFB16B9260
[2016.12.13-14.07.14:763][ 12]BlueprintLog: New page: Compile info_panel_Blueprint
[2016.12.13-14.07.14:784][ 12]LogBlueprint:Error: [compiler info_panel_Blueprint] Error This blueprint (self) is not a GameplayTaskOwnerInterface, therefore ' Task Owner ' must have a connection.
[2016.12.13-14.07.14:925][ 12]LogBlueprint:Warning: [compiler info_panel_Blueprint] Warning [0601.05] Compile of info_panel_Blueprint failed. 1 Fatal Issue(s) 0 Warning(s) [in 161 ms]
[2016.12.13-14.07.14:925][ 12]BlueprintEditorCompileResults:Error: Error This blueprint (self) is not a GameplayTaskOwnerInterface, therefore ' Task Owner ' must have a connection.
[2016.12.13-14.07.14:925][ 12]BlueprintEditorCompileResults:Warning: Warning [0601.05] Compile of info_panel_Blueprint failed. 1 Fatal Issue(s) 0 Warning(s) [in 161 ms]
[2016.12.13-14.07.44:212][757]BlueprintLog: New page: Compile info_panel_Blueprint
[2016.12.13-14.07.44:221][757]LogBlueprint:Error: [compiler info_panel_Blueprint] Error This blueprint (self) is not a GameplayTaskOwnerInterface, therefore ' Task Owner ' must have a connection.
[2016.12.13-14.07.44:401][757]LogBlueprint:Warning: [compiler info_panel_Blueprint] Warning [0630.53] Compile of info_panel_Blueprint failed. 1 Fatal Issue(s) 0 Warning(s) [in 189 ms]
[2016.12.13-14.07.44:401][757]BlueprintEditorCompileResults:Error: Error This blueprint (self) is not a GameplayTaskOwnerInterface, therefore ' Task Owner ' must have a connection.
[2016.12.13-14.07.44:401][757]BlueprintEditorCompileResults:Warning: Warning [0630.53] Compile of info_panel_Blueprint failed. 1 Fatal Issue(s) 0 Warning(s) [in 189 ms]
[2016.12.13-14.08.13:309][413]BlueprintLog: New page: Compile info_panel_Blueprint
[2016.12.13-14.08.13:427][413]BlueprintEditorCompileResults: Info [0659.55] Compile of info_panel_Blueprint successful! [in 117 ms]
[2016.12.13-14.08.17:019][623]LogEditorViewport: Clicking on Actor (LMB): PlayerStart (NetworkPlayerStart)
[2016.12.13-14.08.18:746][725]LogNavigationPoint: PostEditMove Clear paths rebuilt
[2016.12.13-14.08.22:862][969]LogNavigationPoint: PostEditMove Clear paths rebuilt
[2016.12.13-14.08.23:885][ 28]LogBlueprintUserMessages: Early PlayInEditor Detection: Level '/Game/FirstPersonBP/Maps/FirstPersonExampleMap.FirstPersonExampleMap:PersistentLevel' has LevelScriptBlueprint '/Game/FirstPersonBP/Maps/FirstPersonExampleMap.FirstPersonExampleMap:PersistentLevel.FirstPersonExampleMap' with GeneratedClass '/Game/FirstPersonBP/Maps/FirstPersonExampleMap.FirstPersonExampleMap_C' with ClassGeneratedBy '/Game/FirstPersonBP/Maps/FirstPersonExampleMap.FirstPersonExampleMap:PersistentLevel.FirstPersonExampleMap'
[2016.12.13-14.08.23:885][ 28]LogPlayLevel: PlayLevel: No blueprints needed recompiling
[2016.12.13-14.08.23:885][ 28]PIE: New page: PIE session: FirstPersonExampleMap (Dec 13, 2016, 4:08:23 PM)
[2016.12.13-14.08.23:885][ 28]LogPlayLevel: Creating play world package: /Game/FirstPersonBP/Maps/UEDPIE_0_FirstPersonExampleMap
[2016.12.13-14.08.23:910][ 28]LogPlayLevel: PIE: StaticDuplicateObject took: (0.024423s)
[2016.12.13-14.08.23:911][ 28]LogAIModule: Creating AISystem for world FirstPersonExampleMap
[2016.12.13-14.08.23:911][ 28]LogPlayLevel: PIE: World Init took: (0.001067s)
[2016.12.13-14.08.23:911][ 28]LogPlayLevel: PIE: Created PIE world by copying editor world from /Game/FirstPersonBP/Maps/FirstPersonExampleMap.FirstPersonExampleMap to /Game/FirstPersonBP/Maps/UEDPIE_0_FirstPersonExampleMap.FirstPersonExampleMap (0.025783s)
[2016.12.13-14.08.23:955][ 28]LogInit: XAudio2 using 'Lautsprecher (Realtek High Definition Audio(SST))' : 2 channels at 48 kHz using 32 bits per sample (channel mask 0x3)
[2016.12.13-14.08.23:965][ 28]LogInit: FAudioDevice initialized.
[2016.12.13-14.08.23:998][ 28]LogWorld: Game class is 'Mouse_GameMode_C'
[2016.12.13-14.08.24:001][ 28]LogWorld: Bringing World /Game/FirstPersonBP/Maps/UEDPIE_0_FirstPersonExampleMap.FirstPersonExampleMap up for play (max tick rate 60) at 2016.12.13-15.08.24
[2016.12.13-14.08.24:001][ 28]LogActor:Warning: GameSession /Game/FirstPersonBP/Maps/UEDPIE_0_FirstPersonExampleMap.FirstPersonExampleMap:PersistentLevel.GameSession_2 has natively added scene component(s), but none of them were set as the actor's RootComponent - picking one arbitrarily
[2016.12.13-14.08.24:002][ 28]LogActor:Warning: GameNetworkManager /Game/FirstPersonBP/Maps/UEDPIE_0_FirstPersonExampleMap.FirstPersonExampleMap:PersistentLevel.GameNetworkManager_2 has natively added scene component(s), but none of them were set as the actor's RootComponent - picking one arbitrarily
[2016.12.13-14.08.24:002][ 28]LogWorld: Bringing up level for play took: 0.003509
[2016.12.13-14.08.24:003][ 28]PIE: Info Play in editor start time for /Game/FirstPersonBP/Maps/UEDPIE_0_FirstPersonExampleMap -0.067
[2016.12.13-14.08.24:003][ 28]LogBlueprintUserMessages: Late PlayInEditor Detection: Level '/Game/FirstPersonBP/Maps/FirstPersonExampleMap.FirstPersonExampleMap:PersistentLevel' has LevelScriptBlueprint '/Game/FirstPersonBP/Maps/FirstPersonExampleMap.FirstPersonExampleMap:PersistentLevel.FirstPersonExampleMap' with GeneratedClass '/Game/FirstPersonBP/Maps/FirstPersonExampleMap.FirstPersonExampleMap_C' with ClassGeneratedBy '/Game/FirstPersonBP/Maps/FirstPersonExampleMap.FirstPersonExampleMap:PersistentLevel.FirstPersonExampleMap'
[2016.12.13-14.08.27:442][233]LogBlueprintUserMessages: Early EndPlayMap Detection: Level '/Game/FirstPersonBP/Maps/FirstPersonExampleMap.FirstPersonExampleMap:PersistentLevel' has LevelScriptBlueprint '/Game/FirstPersonBP/Maps/FirstPersonExampleMap.FirstPersonExampleMap:PersistentLevel.FirstPersonExampleMap' with GeneratedClass '/Game/FirstPersonBP/Maps/FirstPersonExampleMap.FirstPersonExampleMap_C' with ClassGeneratedBy '/Game/FirstPersonBP/Maps/FirstPersonExampleMap.FirstPersonExampleMap:PersistentLevel.FirstPersonExampleMap'
[2016.12.13-14.08.27:478][233]LogBlueprintUserMessages: Late EndPlayMap Detection: Level '/Game/FirstPersonBP/Maps/FirstPersonExampleMap.FirstPersonExampleMap:PersistentLevel' has LevelScriptBlueprint '/Game/FirstPersonBP/Maps/FirstPersonExampleMap.FirstPersonExampleMap:PersistentLevel.FirstPersonExampleMap' with GeneratedClass '/Game/FirstPersonBP/Maps/FirstPersonExampleMap.FirstPersonExampleMap_C' with ClassGeneratedBy '/Game/FirstPersonBP/Maps/FirstPersonExampleMap.FirstPersonExampleMap:PersistentLevel.FirstPersonExampleMap'
[2016.12.13-14.08.27:522][233]LogParticles: Destroying 0 GPU particle simulations for FXSystem 0x000001DFB1F27880
[2016.12.13-14.08.34:510][650]LogNavigationPoint: PostEditMove Clear paths rebuilt
[2016.12.13-14.08.37:616][836]LogNavigationPoint: PostEditMove Clear paths rebuilt
[2016.12.13-14.08.39:118][925]LogBlueprintUserMessages: Early PlayInEditor Detection: Level '/Game/FirstPersonBP/Maps/FirstPersonExampleMap.FirstPersonExampleMap:PersistentLevel' has LevelScriptBlueprint '/Game/FirstPersonBP/Maps/FirstPersonExampleMap.FirstPersonExampleMap:PersistentLevel.FirstPersonExampleMap' with GeneratedClass '/Game/FirstPersonBP/Maps/FirstPersonExampleMap.FirstPersonExampleMap_C' with ClassGeneratedBy '/Game/FirstPersonBP/Maps/FirstPersonExampleMap.FirstPersonExampleMap:PersistentLevel.FirstPersonExampleMap'
[2016.12.13-14.08.39:118][925]LogPlayLevel: PlayLevel: No blueprints needed recompiling
[2016.12.13-14.08.39:118][925]PIE: New page: PIE session: FirstPersonExampleMap (Dec 13, 2016, 4:08:39 PM)
[2016.12.13-14.08.39:118][925]LogPlayLevel: Creating play world package: /Game/FirstPersonBP/Maps/UEDPIE_0_FirstPersonExampleMap
[2016.12.13-14.08.39:139][925]LogPlayLevel: PIE: StaticDuplicateObject took: (0.020432s)
[2016.12.13-14.08.39:140][925]LogAIModule: Creating AISystem for world FirstPersonExampleMap
[2016.12.13-14.08.39:140][925]LogPlayLevel: PIE: World Init took: (0.001028s)
[2016.12.13-14.08.39:140][925]LogPlayLevel: PIE: Created PIE world by copying editor world from /Game/FirstPersonBP/Maps/FirstPersonExampleMap.FirstPersonExampleMap to /Game/FirstPersonBP/Maps/UEDPIE_0_FirstPersonExampleMap.FirstPersonExampleMap (0.021749s)
[2016.12.13-14.08.39:185][925]LogInit: XAudio2 using 'Lautsprecher (Realtek High Definition Audio(SST))' : 2 channels at 48 kHz using 32 bits per sample (channel mask 0x3)
[2016.12.13-14.08.39:193][925]LogInit: FAudioDevice initialized.
[2016.12.13-14.08.39:224][925]LogWorld: Game class is 'Mouse_GameMode_C'
[2016.12.13-14.08.39:228][925]LogWorld: Bringing World /Game/FirstPersonBP/Maps/UEDPIE_0_FirstPersonExampleMap.FirstPersonExampleMap up for play (max tick rate 60) at 2016.12.13-15.08.39
[2016.12.13-14.08.39:229][925]LogActor:Warning: GameSession /Game/FirstPersonBP/Maps/UEDPIE_0_FirstPersonExampleMap.FirstPersonExampleMap:PersistentLevel.GameSession_3 has natively added scene component(s), but none of them were set as the actor's RootComponent - picking one arbitrarily
[2016.12.13-14.08.39:229][925]LogActor:Warning: GameNetworkManager /Game/FirstPersonBP/Maps/UEDPIE_0_FirstPersonExampleMap.FirstPersonExampleMap:PersistentLevel.GameNetworkManager_3 has natively added scene component(s), but none of them were set as the actor's RootComponent - picking one arbitrarily
[2016.12.13-14.08.39:229][925]LogWorld: Bringing up level for play took: 0.004372
[2016.12.13-14.08.39:230][925]PIE: Info Play in editor start time for /Game/FirstPersonBP/Maps/UEDPIE_0_FirstPersonExampleMap -0.84
[2016.12.13-14.08.39:231][925]LogBlueprintUserMessages: Late PlayInEditor Detection: Level '/Game/FirstPersonBP/Maps/FirstPersonExampleMap.FirstPersonExampleMap:PersistentLevel' has LevelScriptBlueprint '/Game/FirstPersonBP/Maps/FirstPersonExampleMap.FirstPersonExampleMap:PersistentLevel.FirstPersonExampleMap' with GeneratedClass '/Game/FirstPersonBP/Maps/FirstPersonExampleMap.FirstPersonExampleMap_C' with ClassGeneratedBy '/Game/FirstPersonBP/Maps/FirstPersonExampleMap.FirstPersonExampleMap:PersistentLevel.FirstPersonExampleMap'
[2016.12.13-14.08.47:055][393]LogBlueprintUserMessages: Early EndPlayMap Detection: Level '/Game/FirstPersonBP/Maps/FirstPersonExampleMap.FirstPersonExampleMap:PersistentLevel' has LevelScriptBlueprint '/Game/FirstPersonBP/Maps/FirstPersonExampleMap.FirstPersonExampleMap:PersistentLevel.FirstPersonExampleMap' with GeneratedClass '/Game/FirstPersonBP/Maps/FirstPersonExampleMap.FirstPersonExampleMap_C' with ClassGeneratedBy '/Game/FirstPersonBP/Maps/FirstPersonExampleMap.FirstPersonExampleMap:PersistentLevel.FirstPersonExampleMap'
[2016.12.13-14.08.47:091][393]LogBlueprintUserMessages: Late EndPlayMap Detection: Level '/Game/FirstPersonBP/Maps/FirstPersonExampleMap.FirstPersonExampleMap:PersistentLevel' has LevelScriptBlueprint '/Game/FirstPersonBP/Maps/FirstPersonExampleMap.FirstPersonExampleMap:PersistentLevel.FirstPersonExampleMap' with GeneratedClass '/Game/FirstPersonBP/Maps/FirstPersonExampleMap.FirstPersonExampleMap_C' with ClassGeneratedBy '/Game/FirstPersonBP/Maps/FirstPersonExampleMap.FirstPersonExampleMap:PersistentLevel.FirstPersonExampleMap'
[2016.12.13-14.08.47:166][394]LogParticles: Destroying 0 GPU particle simulations for FXSystem 0x000001DFB1F25300
[2016.12.13-14.08.58:207][995]LogEditorViewport: Clicking on Actor (LMB): info_panel_Blueprint_C (info_panel_Blueprint)
[2016.12.13-14.09.04:558][349]Cmd: OBJ SAVEPACKAGE PACKAGE="/Game/info_panel_Blueprint" FILE="../../../../../../Users/danie/Documents/Unreal Projects/Highlight/Content/info_panel_Blueprint.uasset" SILENT=true
[2016.12.13-14.09.04:602][349]LogSavePackage: Save=31.698555ms
[2016.12.13-14.09.04:602][349]LogSavePackage: Moving '../../../../../../Users/danie/Documents/Unreal Projects/Highlight/Saved/info_panel_Blueprint5EA9482849091DC3429315AE1E0370C4.tmp' to '../../../../../../Users/danie/Documents/Unreal Projects/Highlight/Content/info_panel_Blueprint.uasset'
[2016.12.13-14.09.04:608][349]LogSavePackage: Total save time: 48.103094ms
[2016.12.13-14.09.04:608][349]LogSavePackage:Display: Finished SavePackage ../../../../../../Users/danie/Documents/Unreal Projects/Highlight/Content/info_panel_Blueprint.uasset
[2016.12.13-14.09.04:959][370]BlueprintLog: New page: Compile info_panel_Blueprint
[2016.12.13-14.09.05:077][370]BlueprintEditorCompileResults: Info [0711.20] Compile of info_panel_Blueprint successful! [in 118 ms]
[2016.12.13-14.09.06:585][454]LogBlueprintUserMessages: Early PlayInEditor Detection: Level '/Game/FirstPersonBP/Maps/FirstPersonExampleMap.FirstPersonExampleMap:PersistentLevel' has LevelScriptBlueprint '/Game/FirstPersonBP/Maps/FirstPersonExampleMap.FirstPersonExampleMap:PersistentLevel.FirstPersonExampleMap' with GeneratedClass '/Game/FirstPersonBP/Maps/FirstPersonExampleMap.FirstPersonExampleMap_C' with ClassGeneratedBy '/Game/FirstPersonBP/Maps/FirstPersonExampleMap.FirstPersonExampleMap:PersistentLevel.FirstPersonExampleMap'
[2016.12.13-14.09.06:585][454]LogPlayLevel: PlayLevel: No blueprints needed recompiling
[2016.12.13-14.09.06:586][454]PIE: New page: PIE session: FirstPersonExampleMap (Dec 13, 2016, 4:09:06 PM)
[2016.12.13-14.09.06:586][454]LogPlayLevel: Creating play world package: /Game/FirstPersonBP/Maps/UEDPIE_0_FirstPersonExampleMap
[2016.12.13-14.09.06:608][454]LogPlayLevel: PIE: StaticDuplicateObject took: (0.022556s)
[2016.12.13-14.09.06:609][454]LogAIModule: Creating AISystem for world FirstPersonExampleMap
[2016.12.13-14.09.06:609][454]LogPlayLevel: PIE: World Init took: (0.000973s)
[2016.12.13-14.09.06:609][454]LogPlayLevel: PIE: Created PIE world by copying editor world from /Game/FirstPersonBP/Maps/FirstPersonExampleMap.FirstPersonExampleMap to /Game/FirstPersonBP/Maps/UEDPIE_0_FirstPersonExampleMap.FirstPersonExampleMap (0.023845s)
[2016.12.13-14.09.06:656][454]LogParticles: Destroying 0 GPU particle simulations for FXSystem 0x000001DFAFF01300
[2016.12.13-14.09.06:656][454]LogInit: XAudio2 using 'Lautsprecher (Realtek High Definition Audio(SST))' : 2 channels at 48 kHz using 32 bits per sample (channel mask 0x3)
[2016.12.13-14.09.06:664][454]LogInit: FAudioDevice initialized.
[2016.12.13-14.09.06:701][454]LogWorld: Game class is 'Mouse_GameMode_C'
[2016.12.13-14.09.06:706][454]LogWorld: Bringing World /Game/FirstPersonBP/Maps/UEDPIE_0_FirstPersonExampleMap.FirstPersonExampleMap up for play (max tick rate 60) at 2016.12.13-15.09.06
[2016.12.13-14.09.06:706][454]LogActor:Warning: GameSession /Game/FirstPersonBP/Maps/UEDPIE_0_FirstPersonExampleMap.FirstPersonExampleMap:PersistentLevel.GameSession_4 has natively added scene component(s), but none of them were set as the actor's RootComponent - picking one arbitrarily
[2016.12.13-14.09.06:706][454]LogActor:Warning: GameNetworkManager /Game/FirstPersonBP/Maps/UEDPIE_0_FirstPersonExampleMap.FirstPersonExampleMap:PersistentLevel.GameNetworkManager_4 has natively added scene component(s), but none of them were set as the actor's RootComponent - picking one arbitrarily
[2016.12.13-14.09.06:706][454]LogWorld: Bringing up level for play took: 0.004580
[2016.12.13-14.09.06:708][454]PIE: Info Play in editor start time for /Game/FirstPersonBP/Maps/UEDPIE_0_FirstPersonExampleMap 0.637
[2016.12.13-14.09.06:708][454]LogBlueprintUserMessages: Late PlayInEditor Detection: Level '/Game/FirstPersonBP/Maps/FirstPersonExampleMap.FirstPersonExampleMap:PersistentLevel' has LevelScriptBlueprint '/Game/FirstPersonBP/Maps/FirstPersonExampleMap.FirstPersonExampleMap:PersistentLevel.FirstPersonExampleMap' with GeneratedClass '/Game/FirstPersonBP/Maps/FirstPersonExampleMap.FirstPersonExampleMap_C' with ClassGeneratedBy '/Game/FirstPersonBP/Maps/FirstPersonExampleMap.FirstPersonExampleMap:PersistentLevel.FirstPersonExampleMap'
[2016.12.13-14.12.55:367][163]LogBlueprintUserMessages: Early EndPlayMap Detection: Level '/Game/FirstPersonBP/Maps/FirstPersonExampleMap.FirstPersonExampleMap:PersistentLevel' has LevelScriptBlueprint '/Game/FirstPersonBP/Maps/FirstPersonExampleMap.FirstPersonExampleMap:PersistentLevel.FirstPersonExampleMap' with GeneratedClass '/Game/FirstPersonBP/Maps/FirstPersonExampleMap.FirstPersonExampleMap_C' with ClassGeneratedBy '/Game/FirstPersonBP/Maps/FirstPersonExampleMap.FirstPersonExampleMap:PersistentLevel.FirstPersonExampleMap'
[2016.12.13-14.12.55:411][163]LogBlueprintUserMessages: Late EndPlayMap Detection: Level '/Game/FirstPersonBP/Maps/FirstPersonExampleMap.FirstPersonExampleMap:PersistentLevel' has LevelScriptBlueprint '/Game/FirstPersonBP/Maps/FirstPersonExampleMap.FirstPersonExampleMap:PersistentLevel.FirstPersonExampleMap' with GeneratedClass '/Game/FirstPersonBP/Maps/FirstPersonExampleMap.FirstPersonExampleMap_C' with ClassGeneratedBy '/Game/FirstPersonBP/Maps/FirstPersonExampleMap.FirstPersonExampleMap:PersistentLevel.FirstPersonExampleMap'
[2016.12.13-14.12.55:449][163]LogParticles: Destroying 0 GPU particle simulations for FXSystem 0x000001DFC3E14FE0
[2016.12.13-14.14.29:546][285]LogEditorViewport: Clicking on Actor (LMB): info_panel_Blueprint_C (info_panel_Blueprint)
[2016.12.13-14.14.30:020][313]LogEditorViewport: Clicking on Actor (LMB): info_panel_Blueprint_C (info_panel_Blueprint)
[2016.12.13-14.14.31:315][389]LogBlueprintUserMessages: Early PlayInEditor Detection: Level '/Game/FirstPersonBP/Maps/FirstPersonExampleMap.FirstPersonExampleMap:PersistentLevel' has LevelScriptBlueprint '/Game/FirstPersonBP/Maps/FirstPersonExampleMap.FirstPersonExampleMap:PersistentLevel.FirstPersonExampleMap' with GeneratedClass '/Game/FirstPersonBP/Maps/FirstPersonExampleMap.FirstPersonExampleMap_C' with ClassGeneratedBy '/Game/FirstPersonBP/Maps/FirstPersonExampleMap.FirstPersonExampleMap:PersistentLevel.FirstPersonExampleMap'
[2016.12.13-14.14.31:315][389]LogPlayLevel: PlayLevel: No blueprints needed recompiling
[2016.12.13-14.14.31:315][389]PIE: New page: PIE session: FirstPersonExampleMap (Dec 13, 2016, 4:14:31 PM)
[2016.12.13-14.14.31:315][389]LogPlayLevel: Creating play world package: /Game/FirstPersonBP/Maps/UEDPIE_0_FirstPersonExampleMap
[2016.12.13-14.14.31:339][389]LogPlayLevel: PIE: StaticDuplicateObject took: (0.023588s)
[2016.12.13-14.14.31:340][389]LogAIModule: Creating AISystem for world FirstPersonExampleMap
[2016.12.13-14.14.31:340][389]LogPlayLevel: PIE: World Init took: (0.001153s)
[2016.12.13-14.14.31:340][389]LogPlayLevel: PIE: Created PIE world by copying editor world from /Game/FirstPersonBP/Maps/FirstPersonExampleMap.FirstPersonExampleMap to /Game/FirstPersonBP/Maps/UEDPIE_0_FirstPersonExampleMap.FirstPersonExampleMap (0.025049s)
[2016.12.13-14.14.31:402][389]LogInit: XAudio2 using 'Lautsprecher (Realtek High Definition Audio(SST))' : 2 channels at 48 kHz using 32 bits per sample (channel mask 0x3)
[2016.12.13-14.14.31:414][389]LogInit: FAudioDevice initialized.
[2016.12.13-14.14.31:449][389]LogWorld: Game class is 'Mouse_GameMode_C'
[2016.12.13-14.14.31:453][389]LogWorld: Bringing World /Game/FirstPersonBP/Maps/UEDPIE_0_FirstPersonExampleMap.FirstPersonExampleMap up for play (max tick rate 60) at 2016.12.13-15.14.31
[2016.12.13-14.14.31:453][389]LogActor:Warning: GameSession /Game/FirstPersonBP/Maps/UEDPIE_0_FirstPersonExampleMap.FirstPersonExampleMap:PersistentLevel.GameSession_5 has natively added scene component(s), but none of them were set as the actor's RootComponent - picking one arbitrarily
[2016.12.13-14.14.31:453][389]LogActor:Warning: GameNetworkManager /Game/FirstPersonBP/Maps/UEDPIE_0_FirstPersonExampleMap.FirstPersonExampleMap:PersistentLevel.GameNetworkManager_5 has natively added scene component(s), but none of them were set as the actor's RootComponent - picking one arbitrarily
[2016.12.13-14.14.31:453][389]LogWorld: Bringing up level for play took: 0.004223
[2016.12.13-14.14.31:455][389]PIE: Info Play in editor start time for /Game/FirstPersonBP/Maps/UEDPIE_0_FirstPersonExampleMap -0.616
[2016.12.13-14.14.31:455][389]LogBlueprintUserMessages: Late PlayInEditor Detection: Level '/Game/FirstPersonBP/Maps/FirstPersonExampleMap.FirstPersonExampleMap:PersistentLevel' has LevelScriptBlueprint '/Game/FirstPersonBP/Maps/FirstPersonExampleMap.FirstPersonExampleMap:PersistentLevel.FirstPersonExampleMap' with GeneratedClass '/Game/FirstPersonBP/Maps/FirstPersonExampleMap.FirstPersonExampleMap_C' with ClassGeneratedBy '/Game/FirstPersonBP/Maps/FirstPersonExampleMap.FirstPersonExampleMap:PersistentLevel.FirstPersonExampleMap'
[2016.12.13-14.18.31:956][656]LogBlueprint:Warning: [compiler FirstPersonExampleMap] Warning Node  Unknown  is not referencing a valid level actor
[2016.12.13-14.18.31:957][656]LogBlueprint:Warning: [compiler FirstPersonExampleMap] Warning [1278.08] Compile of FirstPersonExampleMap successful, but with 1 Warning(s) [in 835 ms]
[2016.12.13-14.18.31:957][656]LogBlueprint:Warning: [compiler FirstPersonExampleMap] Warning [1278.08] Compile of FirstPersonExampleMap successful, but with 2 Warning(s) [in 0 ms]
[2016.12.13-14.18.31:957][656]LogBlueprint:Warning: [compiler FirstPersonExampleMap] Warning [1278.08] Compile of FirstPersonExampleMap successful, but with 3 Warning(s) [in 0 ms]
[2016.12.13-14.18.31:998][656]LogBlueprint:Warning: [compiler FirstPersonExampleMap] Warning [1278.12] Compile of FirstPersonExampleMap successful, but with 4 Warning(s) [in 40 ms]
[2016.12.13-14.18.31:999][656]LogBlueprint:Warning: [compiler FirstPersonExampleMap] Warning [1278.12] Compile of FirstPersonExampleMap successful, but with 5 Warning(s) [in 0 ms]
[2016.12.13-14.18.31:999][656]LogBlueprint:Warning: [compiler FirstPersonExampleMap] Warning [1278.12] Compile of FirstPersonExampleMap successful, but with 6 Warning(s) [in 0 ms]
[2016.12.13-14.18.36:193][656]LogSavePackage: Save=5073.366699ms
[2016.12.13-14.18.36:193][656]LogSavePackage: Moving '../../../../../../Users/danie/Documents/Unreal Projects/Highlight/Saved/FirstPersonExampleMap94E4F3CA422E2D2F671759BD693A0979.tmp' to '../../../../../../Users/danie/Documents/Unreal Projects/Highlight/Content/FirstPersonBP/Maps/FirstPersonExampleMap.umap'
[2016.12.13-14.18.36:201][656]LogSavePackage: Total save time: 5155.123297ms
[2016.12.13-14.18.36:201][656]LogSavePackage:Display: Finished SavePackage ../../../../../../Users/danie/Documents/Unreal Projects/Highlight/Content/FirstPersonBP/Maps/FirstPersonExampleMap.umap
[2016.12.13-14.18.36:573][656]LogFileHelpers: Saving map 'FirstPersonExampleMap' took 5.649
[2016.12.13-14.18.36:748][656]LogBlueprintUserMessages: Early EndPlayMap Detection: Level '/Game/FirstPersonBP/Maps/FirstPersonExampleMap.FirstPersonExampleMap:PersistentLevel' has LevelScriptBlueprint '/Game/FirstPersonBP/Maps/FirstPersonExampleMap.FirstPersonExampleMap:PersistentLevel.FirstPersonExampleMap' with GeneratedClass '/Game/FirstPersonBP/Maps/FirstPersonExampleMap.FirstPersonExampleMap_C' with ClassGeneratedBy '/Game/FirstPersonBP/Maps/FirstPersonExampleMap.FirstPersonExampleMap:PersistentLevel.FirstPersonExampleMap'
[2016.12.13-14.19.02:241][656]LogOutputDevice:Warning: === Handled error: ===

Ensure condition failed: NewObject->IsA(this->GeneratedClass) [File:D:\BuildFarm\buildmachine_++depot+UE4-Releases+4.10\Engine\Source\Runtime\Engine\Private\Blueprint.cpp] [Line: 634]
Type mismatch: Expected FirstPersonExampleMap_C, Found LevelScriptBlueprint
Stack: 
UE4Editor-Core.dll!FWindowsPlatformStackWalk::StackWalkAndDump() [d:\buildfarm\buildmachine_++depot+ue4-releases+4.10\engine\source\runtime\core\private\windows\windowsplatformstackwalk.cpp:175]
UE4Editor-Core.dll!FDebug::EnsureFailed() [d:\buildfarm\buildmachine_++depot+ue4-releases+4.10\engine\source\runtime\core\private\misc\outputdevice.cpp:276]
UE4Editor-Core.dll!FDebug::OptionallyLogFormattedEnsureMessageReturningFalse() [d:\buildfarm\buildmachine_++depot+ue4-releases+4.10\engine\source\runtime\core\private\misc\outputdevice.cpp:385]
UE4Editor-Engine.dll!UBlueprint::SetObjectBeingDebugged() [d:\buildfarm\buildmachine_++depot+ue4-releases+4.10\engine\source\runtime\engine\private\blueprint.cpp:630]
UE4Editor-Engine.dll!UWorld::TransferBlueprintDebugReferences() [d:\buildfarm\buildmachine_++depot+ue4-releases+4.10\engine\source\runtime\engine\private\world.cpp:1582]
UE4Editor-UnrealEd.dll!UEditorEngine::TeardownPlaySession() [d:\buildfarm\buildmachine_++depot+ue4-releases+4.10\engine\source\editor\unrealed\private\playlevel.cpp:589]
UE4Editor-UnrealEd.dll!UEditorEngine::EndPlayMap() [d:\buildfarm\buildmachine_++depot+ue4-releases+4.10\engine\source\editor\unrealed\private\playlevel.cpp:218]
UE4Editor-LevelEditor.dll!FLevelViewportLayout::~FLevelViewportLayout() [d:\buildfarm\buildmachine_++depot+ue4-releases+4.10\engine\source\editor\leveleditor\private\levelviewportlayout.cpp:162]
UE4Editor-LevelEditor.dll!FLevelViewportLayout2x2::`scalar deleting destructor'()
UE4Editor-LevelEditor.dll!FLevelViewportTabContent::~FLevelViewportTabContent()
UE4Editor-LevelEditor.dll!SharedPointerInternals::TReferenceControllerWithDeleter<FLevelViewportTabContent,SharedPointerInternals::DefaultDeleter<FLevelViewportTabContent> >::DestroyObject() [d:\buildfarm\buildmachine_++depot+ue4-releases+4.10\engine\source\runtime\core\public\templates\sharedpointerinternals.h:104]
UE4Editor-LevelEditor.dll!SViewportsOverlay::~SViewportsOverlay()
UE4Editor-LevelEditor.dll!SViewportsOverlay::`scalar deleting destructor'()
UE4Editor-SlateCore.dll!FSimpleSlot::~FSimpleSlot()
UE4Editor-SlateCore.dll!SCompoundWidget::~SCompoundWidget()
UE4Editor-Slate.dll!SBorder::`vector deleting destructor'()
UE4Editor-SlateCore.dll!TIndirectArray<SOverlay::FOverlaySlot,FDefaultAllocator>::DestructAndFreeItems() [d:\buildfarm\buildmachine_++depot+ue4-releases+4.10\engine\source\runtime\core\public\containers\array.h:3331]
UE4Editor-SlateCore.dll!TPanelChildren<SOverlay::FOverlaySlot>::~TPanelChildren<SOverlay::FOverlaySlot>()
UE4Editor-SlateCore.dll!SOverlay::~SOverlay() [d:\buildfarm\buildmachine_++depot+ue4-releases+4.10\engine\source\runtime\slatecore\public\widgets\soverlay.h:100]
UE4Editor-Slate.dll!SOverlay::`scalar deleting destructor'()
UE4Editor-SlateCore.dll!TIndirectArray<SBoxPanel::FSlot,FDefaultAllocator>::DestructAndFreeItems() [d:\buildfarm\buildmachine_++depot+ue4-releases+4.10\engine\source\runtime\core\public\containers\array.h:3331]
UE4Editor-SlateCore.dll!TPanelChildren<SBoxPanel::FSlot>::~TPanelChildren<SBoxPanel::FSlot>()
UE4Editor-SlateCore.dll!SVerticalBox::~SVerticalBox()
UE4Editor-Slate.dll!SVerticalBox::`scalar deleting destructor'()
UE4Editor-SlateCore.dll!FSimpleSlot::~FSimpleSlot()
UE4Editor-SlateCore.dll!SCompoundWidget::~SCompoundWidget()
UE4Editor-Slate.dll!SDockingTabStack::`vector deleting destructor'()
UE4Editor-SlateCore.dll!FSlotBase::~FSlotBase() [d:\buildfarm\buildmachine_++depot+ue4-releases+4.10\engine\source\runtime\slatecore\private\slotbase.cpp:45]
UE4Editor-Slate.dll!TIndirectArray<SSplitter::FSlot,FDefaultAllocator>::DestructAndFreeItems() [d:\buildfarm\buildmachine_++depot+ue4-releases+4.10\engine\source\runtime\core\public\containers\array.h:3332]
UE4Editor-Slate.dll!TPanelChildren<SSplitter::FSlot>::~TPanelChildren<SSplitter::FSlot>()
UE4Editor-Slate.dll!SSplitter::`vector deleting destructor'()
UE4Editor-SlateCore.dll!FSimpleSlot::~FSimpleSlot()
UE4Editor-SlateCore.dll!SCompoundWidget::~SCompoundWidget()
UE4Editor-Slate.dll!SDockingSplitter::`vector deleting destructor'()
UE4Editor-SlateCore.dll!FSlotBase::~FSlotBase() [d:\buildfarm\buildmachine_++depot+ue4-releases+4.10\engine\source\runtime\slatecore\private\slotbase.cpp:45]
UE4Editor-Slate.dll!TIndirectArray<SSplitter::FSlot,FDefaultAllocator>::DestructAndFreeItems() [d:\buildfarm\buildmachine_++depot+ue4-releases+4.10\engine\source\runtime\core\public\containers\array.h:3332]
UE4Editor-Slate.dll!TPanelChildren<SSplitter::FSlot>::~TPanelChildren<SSplitter::FSlot>()
UE4Editor-Slate.dll!SSplitter::`vector deleting destructor'()
UE4Editor-SlateCore.dll!FSimpleSlot::~FSimpleSlot()
UE4Editor-SlateCore.dll!SCompoundWidget::~SCompoundWidget()
UE4Editor-Slate.dll!SDockingSplitter::`vector deleting destructor'()
UE4Editor-SlateCore.dll!FSlotBase::~FSlotBase() [d:\buildfarm\buildmachine_++depot+ue4-releases+4.10\engine\source\runtime\slatecore\private\slotbase.cpp:45]
UE4Editor-Slate.dll!TIndirectArray<SSplitter::FSlot,FDefaultAllocator>::DestructAndFreeItems() [d:\buildfarm\buildmachine_++depot+ue4-releases+4.10\engine\source\runtime\core\public\containers\array.h:3332]
UE4Editor-Slate.dll!TPanelChildren<SSplitter::FSlot>::~TPanelChildren<SSplitter::FSlot>()
UE4Editor-Slate.dll!SSplitter::`vector deleting destructor'()
UE4Editor-SlateCore.dll!FSimpleSlot::~FSimpleSlot()
UE4Editor-SlateCore.dll!SCompoundWidget::~SCompoundWidget()
UE4Editor-Slate.dll!SDockingSplitter::`vector deleting destructor'()
UE4Editor-SlateCore.dll!FSlotBase::~FSlotBase() [d:\buildfarm\buildmachine_++depot+ue4-releases+4.10\engine\source\runtime\slatecore\private\slotbase.cpp:45]
UE4Editor-Slate.dll!TIndirectArray<SSplitter::FSlot,FDefaultAllocator>::DestructAndFreeItems() [d:\buildfarm\buildmachine_++depot+ue4-releases+4.10\engine\source\runtime\core\public\containers\array.h:3332]
UE4Editor-Slate.dll!TPanelChildren<SSplitter::FSlot>::~TPanelChildren<SSplitter::FSlot>()
UE4Editor-Slate.dll!SSplitter::`vector deleting destructor'()
UE4Editor-SlateCore.dll!TIndirectArray<SOverlay::FOverlaySlot,FDefaultAllocator>::DestructAndFreeItems() [d:\buildfarm\buildmachine_++depot+ue4-releases+4.10\engine\source\runtime\core\public\containers\array.h:3331]
UE4Editor-SlateCore.dll!TPanelChildren<SOverlay::FOverlaySlot>::~TPanelChildren<SOverlay::FOverlaySlot>()
UE4Editor-SlateCore.dll!SOverlay::~SOverlay() [d:\buildfarm\buildmachine_++depot+ue4-releases+4.10\engine\source\runtime\slatecore\public\widgets\soverlay.h:100]
UE4Editor-Slate.dll!SOverlay::`scalar deleting destructor'()
UE4Editor-SlateCore.dll!FSimpleSlot::~FSimpleSlot()
UE4Editor-SlateCore.dll!SCompoundWidget::~SCompoundWidget()
UE4Editor-Slate.dll!SDockingArea::`vector deleting destructor'()
UE4Editor-SlateCore.dll!TIndirectArray<SBoxPanel::FSlot,FDefaultAllocator>::DestructAndFreeItems() [d:\buildfarm\buildmachine_++depot+ue4-releases+4.10\engine\source\runtime\core\public\containers\array.h:3331]
UE4Editor-SlateCore.dll!TPanelChildren<SBoxPanel::FSlot>::~TPanelChildren<SBoxPanel::FSlot>()
UE4Editor-SlateCore.dll!SVerticalBox::~SVerticalBox()
UE4Editor-LevelEditor.dll!SVerticalBox::`scalar deleting destructor'()
UE4Editor-SlateCore.dll!FSimpleSlot::~FSimpleSlot()
UE4Editor-SlateCore.dll!SCompoundWidget::~SCompoundWidget()
UE4Editor-LevelEditor.dll!SLevelEditor::`scalar deleting destructor'()
UE4Editor-SlateCore.dll!FSimpleSlot::~FSimpleSlot()
UE4Editor-SlateCore.dll!SCompoundWidget::~SCompoundWidget()
UE4Editor-Slate.dll!SBorder::`vector deleting destructor'()
UE4Editor-SlateCore.dll!TIndirectArray<SOverlay::FOverlaySlot,FDefaultAllocator>::DestructAndFreeItems() [d:\buildfarm\buildmachine_++depot+ue4-releases+4.10\engine\source\runtime\core\public\containers\array.h:3331]
UE4Editor-SlateCore.dll!TPanelChildren<SOverlay::FOverlaySlot>::~TPanelChildren<SOverlay::FOverlaySlot>()
UE4Editor-SlateCore.dll!SOverlay::~SOverlay() [d:\buildfarm\buildmachine_++depot+ue4-releases+4.10\engine\source\runtime\slatecore\public\widgets\soverlay.h:100]
UE4Editor-Slate.dll!SOverlay::`scalar deleting destructor'()
UE4Editor-SlateCore.dll!TIndirectArray<SBoxPanel::FSlot,FDefaultAllocator>::DestructAndFreeItems() [d:\buildfarm\buildmachine_++depot+ue4-releases+4.10\engine\source\runtime\core\public\containers\array.h:3331]
UE4Editor-SlateCore.dll!TPanelChildren<SBoxPanel::FSlot>::~TPanelChildren<SBoxPanel::FSlot>()
UE4Editor-SlateCore.dll!SVerticalBox::~SVerticalBox()
UE4Editor-Slate.dll!SVerticalBox::`scalar deleting destructor'()
UE4Editor-SlateCore.dll!FSimpleSlot::~FSimpleSlot()
UE4Editor-SlateCore.dll!SCompoundWidget::~SCompoundWidget()
UE4Editor-Slate.dll!SDockingTabStack::`vector deleting destructor'()
UE4Editor-SlateCore.dll!FSlotBase::~FSlotBase() [d:\buildfarm\buildmachine_++depot+ue4-releases+4.10\engine\source\runtime\slatecore\private\slotbase.cpp:45]
UE4Editor-Slate.dll!TIndirectArray<SSplitter::FSlot,FDefaultAllocator>::DestructAndFreeItems() [d:\buildfarm\buildmachine_++depot+ue4-releases+4.10\engine\source\runtime\core\public\containers\array.h:3332]
UE4Editor-Slate.dll!TPanelChildren<SSplitter::FSlot>::~TPanelChildren<SSplitter::FSlot>()
UE4Editor-Slate.dll!SSplitter::`vector deleting destructor'()
UE4Editor-SlateCore.dll!TIndirectArray<SOverlay::FOverlaySlot,FDefaultAllocator>::DestructAndFreeItems() [d:\buildfarm\buildmachine_++depot+ue4-releases+4.10\engine\source\runtime\core\public\containers\array.h:3331]
UE4Editor-SlateCore.dll!TPanelChildren<SOverlay::FOverlaySlot>::~TPanelChildren<SOverlay::FOverlaySlot>()
UE4Editor-SlateCore.dll!SOverlay::~SOverlay() [d:\buildfarm\buildmachine_++depot+ue4-releases+4.10\engine\source\runtime\slatecore\public\widgets\soverlay.h:100]
UE4Editor-Slate.dll!SOverlay::`scalar deleting destructor'()
UE4Editor-SlateCore.dll!TArray<FArrangedWidget,TInlineAllocator<16,FDefaultAllocator> >::~TArray<FArrangedWidget,TInlineAllocator<16,FDefaultAllocator> >() [d:\buildfarm\buildmachine_++depot+ue4-releases+4.10\engine\source\runtime\core\public\containers\array.h:577]
UE4Editor-Slate.dll!FSlateApplication::RoutePointerUpEvent() [d:\buildfarm\buildmachine_++depot+ue4-releases+4.10\engine\source\runtime\slate\private\framework\application\slateapplication.cpp:4334]
UE4Editor-Slate.dll!FSlateApplication::ProcessMouseButtonUpEvent() [d:\buildfarm\buildmachine_++depot+ue4-releases+4.10\engine\source\runtime\slate\private\framework\application\slateapplication.cpp:4663]
UE4Editor-Slate.dll!FSlateApplication::OnMouseUp() [d:\buildfarm\buildmachine_++depot+ue4-releases+4.10\engine\source\runtime\slate\private\framework\application\slateapplication.cpp:4641]
UE4Editor-Core.dll!FWindowsApplication::ProcessDeferredMessage() [d:\buildfarm\buildmachine_++depot+ue4-releases+4.10\engine\source\runtime\core\private\windows\windowsapplication.cpp:1416]
UE4Editor-Core.dll!FWindowsApplication::DeferMessage() [d:\buildfarm\buildmachine_++depot+ue4-releases+4.10\engine\source\runtime\core\private\windows\windowsapplication.cpp:1721]
UE4Editor-Core.dll!FWindowsApplication::ProcessMessage() [d:\buildfarm\buildmachine_++depot+ue4-releases+4.10\engine\source\runtime\core\private\windows\windowsapplication.cpp:719]
UE4Editor-Core.dll!FWindowsApplication::AppWndProc() [d:\buildfarm\buildmachine_++depot+ue4-releases+4.10\engine\source\runtime\core\private\windows\windowsapplication.cpp:641]
USER32.dll
USER32.dll



