[2017.02.21-13.17.17:123][  0]Log file open, 02/21/17 14:17:17
[2017.02.21-13.17.17:123][  0]LogInit:Display: Running engine for game: Highlight
[2017.02.21-13.17.17:123][  0]LogPlatformFile: Not using cached read wrapper
[2017.02.21-13.17.17:123][  0]LogInit:Display: RandInit(-2105586634) SRandInit(-2105586632).
[2017.02.21-13.17.17:123][  0]LogTaskGraph: Started task graph with 4 named threads and 5 total threads.
[2017.02.21-13.17.17:123][  0]LogStats: Stats thread started at 0.061895
[2017.02.21-13.17.17:123][  0]LogInit: Version: 4.10.4-2872498+++depot+UE4-Releases+4.10
[2017.02.21-13.17.17:123][  0]LogInit: API Version: 2758231
[2017.02.21-13.17.17:123][  0]LogInit: Compiled (64-bit): Feb 18 2016 15:47:04
[2017.02.21-13.17.17:123][  0]LogInit: Compiled with Visual C++: 19.00.23026.00
[2017.02.21-13.17.17:123][  0]LogInit: Build Configuration: Development
[2017.02.21-13.17.17:123][  0]LogInit: Branch Name: ++depot+UE4-Releases+4.10
[2017.02.21-13.17.17:123][  0]LogInit: Command line:  /Temp/Autosaves/Game/FirstPersonBP/Maps/UEDPCUntitled -game -PIEVIACONSOLE -ResX=1280 -ResY=720  -Multiprocess 
[2017.02.21-13.17.17:123][  0]LogInit: Base directory: C:/Program Files (x86)/Epic Games/4.10/Engine/Binaries/Win64/
[2017.02.21-13.17.17:123][  0]LogInit: Rocket: 1
[2017.02.21-13.17.17:134][  0]LogInit: Using libcurl 7.41.0
[2017.02.21-13.17.17:134][  0]LogInit:  - built for x86_64-pc-win32
[2017.02.21-13.17.17:134][  0]LogInit:  - supports SSL with WinSSL
[2017.02.21-13.17.17:134][  0]LogInit:  - other features:
[2017.02.21-13.17.17:134][  0]LogInit:      CURL_VERSION_SSL
[2017.02.21-13.17.17:134][  0]LogInit:      CURL_VERSION_IPV6
[2017.02.21-13.17.17:134][  0]LogInit:      CURL_VERSION_ASYNCHDNS
[2017.02.21-13.17.17:134][  0]LogInit:      CURL_VERSION_LARGEFILE
[2017.02.21-13.17.17:134][  0]LogInit:      CURL_VERSION_IDN
[2017.02.21-13.17.17:134][  0]LogInit:  CurlRequestOptions (configurable via config and command line):
[2017.02.21-13.17.17:134][  0]LogInit:  - bVerifyPeer = true  - Libcurl will verify peer certificate
[2017.02.21-13.17.17:134][  0]LogInit:  - bUseHttpProxy = false  - Libcurl will NOT use HTTP proxy
[2017.02.21-13.17.17:134][  0]LogInit:  - bDontReuseConnections = false  - Libcurl will reuse connections
[2017.02.21-13.17.17:134][  0]LogInit:  - CertBundlePath = nullptr  - Libcurl will use whatever was configured at build time.
[2017.02.21-13.17.17:146][  0]LogInit: Presizing for 0 objects not considered by GC, pre-allocating 0 bytes.
[2017.02.21-13.17.17:158][  0]LogInit: Object subsystem initialized
[2017.02.21-13.17.17:160][  0]LogInit: Selected Device Profile: [Windows]
[2017.02.21-13.17.17:160][  0]LogInit: Applying CVar settings loaded from the selected device profile: [Windows]
[2017.02.21-13.17.17:164][  0]LogInit: Computer: LAPTOP-ELQTR10M
[2017.02.21-13.17.17:164][  0]LogInit: User: danie
[2017.02.21-13.17.17:164][  0]LogInit: CPU Page size=4096, Cores=2
[2017.02.21-13.17.17:164][  0]LogInit: High frequency timer resolution =2.531251 MHz
[2017.02.21-13.17.17:165][  0]LogMemory: Memory total: Physical=7.9GB (8GB approx)
[2017.02.21-13.17.17:165][  0]LogMemory: Platform Memory Stats for Windows
[2017.02.21-13.17.17:165][  0]LogMemory: Process Physical Memory: 55.66 MB used, 55.66 MB peak
[2017.02.21-13.17.17:165][  0]LogMemory: Process Virtual Memory: 55.73 MB used, 55.73 MB peak
[2017.02.21-13.17.17:165][  0]LogMemory: Physical Memory: 5130.62 MB used, 8105.91 MB total
[2017.02.21-13.17.17:165][  0]LogMemory: Virtual Memory: 380.98 MB used, 134217728.00 MB total
[2017.02.21-13.17.17:222][  0]LogTextLocalizationManager: No translations for ('de-DE') exist, falling back to 'en' for localization and internationalization data.
[2017.02.21-13.17.18:008][  0]LogD3D11RHI: Found D3D11 adapter 0: NVIDIA GeForce GTX 950M      (Feature Level 11_0)
[2017.02.21-13.17.18:008][  0]LogD3D11RHI: Adapter has 4037MB of dedicated video memory, 0MB of dedicated system memory, and 4052MB of shared system memory, 1 output[s]
[2017.02.21-13.17.18:015][  0]LogD3D11RHI: Found D3D11 adapter 1: Intel(R) HD Graphics 520 (Feature Level 11_0)
[2017.02.21-13.17.18:015][  0]LogD3D11RHI: Adapter has 128MB of dedicated video memory, 0MB of dedicated system memory, and 4052MB of shared system memory, 0 output[s]
[2017.02.21-13.17.18:017][  0]LogD3D11RHI: Found D3D11 adapter 2: Microsoft Basic Render Driver (Feature Level 11_0)
[2017.02.21-13.17.18:017][  0]LogD3D11RHI: Adapter has 0MB of dedicated video memory, 0MB of dedicated system memory, and 4052MB of shared system memory, 0 output[s]
[2017.02.21-13.17.18:017][  0]LogD3D11RHI: Chosen D3D11 Adapter Id = 0
[2017.02.21-13.17.18:024][  0]LogD3D11RHI: !Direct3DDevice
[2017.02.21-13.17.18:025][  0]LogRHI: Texture pool is 1361 MB (70% of 1945 MB)
[2017.02.21-13.17.18:046][  0]LogD3D11RHI: Async texture creation enabled
[2017.02.21-13.17.18:061][  0]LogShaderCompilers: Guid format shader working directory is 19 characters bigger than the processId version (D:/Github/Forschungsseminar/Intermediate/Shaders/WorkingDirectory/7032/).
[2017.02.21-13.17.18:061][  0]LogShaderCompilers: Cleaned the shader compiler working directory 'C:/Users/danie/AppData/Local/Temp/UnrealShaderWorkingDir/44A031124295469E5E526A8DAAF63F87/'.
[2017.02.21-13.17.18:061][  0]LogShaderCompilers:Display: Using Local Shader Compiler.
[2017.02.21-13.17.18:848][  0]LogTemp:Display: Loaded TP AllDesktopTargetPlatform
[2017.02.21-13.17.18:853][  0]LogTemp:Display: Loaded TP WindowsClientTargetPlatform
[2017.02.21-13.17.18:860][  0]LogTemp:Display: Loaded TP WindowsNoEditorTargetPlatform
[2017.02.21-13.17.18:866][  0]LogTemp:Display: Loaded TP WindowsServerTargetPlatform
[2017.02.21-13.17.18:870][  0]LogTemp:Display: Loaded TP WindowsTargetPlatform
[2017.02.21-13.17.18:873][  0]LogTemp:Display: Loaded TP AndroidTargetPlatform
[2017.02.21-13.17.18:876][  0]LogTemp:Display: Loaded TP Android_ASTCTargetPlatform
[2017.02.21-13.17.18:880][  0]LogTemp:Display: Loaded TP Android_ATCTargetPlatform
[2017.02.21-13.17.18:884][  0]LogTemp:Display: Loaded TP Android_DXTTargetPlatform
[2017.02.21-13.17.18:886][  0]LogTemp:Display: Loaded TP Android_ETC1TargetPlatform
[2017.02.21-13.17.18:889][  0]LogTemp:Display: Loaded TP Android_ETC2TargetPlatform
[2017.02.21-13.17.18:896][  0]LogTemp:Display: Loaded TP Android_MultiTargetPlatform
[2017.02.21-13.17.18:896][  0]LogTemp:Display: Loaded TP Android_PVRTCTargetPlatform
[2017.02.21-13.17.18:897][  0]LogTemp:Display: Loaded TP HTML5TargetPlatform
[2017.02.21-13.17.18:914][  0]LogTemp:Display: Loaded TP IOSTargetPlatform
[2017.02.21-13.17.18:917][  0]LogTemp:Display: Loaded TP LinuxNoEditorTargetPlatform
[2017.02.21-13.17.18:920][  0]LogTemp:Display: Loaded TP LinuxServerTargetPlatform
[2017.02.21-13.17.18:923][  0]LogTemp:Display: Loaded TP LinuxTargetPlatform
[2017.02.21-13.17.18:923][  0]LogTargetPlatformManager:Display: Building Assets For Windows
[2017.02.21-13.17.19:022][  0]LogDerivedDataCache:Display: Max Cache Size: 512 MB
[2017.02.21-13.17.19:061][  0]LogDerivedDataCache: Loaded boot cache 0.04s 41MB C:/Users/danie/AppData/Local/UnrealEngine/4.10/DerivedDataCache/Boot.ddc.
[2017.02.21-13.17.19:061][  0]LogDerivedDataCache:Display: Loaded Boot cache: C:/Users/danie/AppData/Local/UnrealEngine/4.10/DerivedDataCache/Boot.ddc
[2017.02.21-13.17.19:061][  0]LogDerivedDataCache: FDerivedDataBackendGraph:  Pak pak cache file D:/Github/Forschungsseminar/DerivedDataCache/DDC.ddp not found, will not use a pak cache.
[2017.02.21-13.17.19:061][  0]LogDerivedDataCache: Unable to find inner node Pak for hierarchical cache Hierarchy.
[2017.02.21-13.17.19:061][  0]LogDerivedDataCache: FDerivedDataBackendGraph:  CompressedPak pak cache file D:/Github/Forschungsseminar/DerivedDataCache/Compressed.ddp not found, will not use a pak cache.
[2017.02.21-13.17.19:061][  0]LogDerivedDataCache: Unable to find inner node CompressedPak for hierarchical cache Hierarchy.
[2017.02.21-13.17.19:117][  0]LogDerivedDataCache:Display: Pak cache opened for reading ../../../Engine/DerivedDataCache/Compressed.ddp.
[2017.02.21-13.17.19:130][  0]LogDerivedDataCache: Using Local data cache path C:/Users/danie/AppData/Local/UnrealEngine/Common/DerivedDataCache: Writable
[2017.02.21-13.17.19:296][  0]LogInit: Selected Device Profile: [Windows]
[2017.02.21-13.17.19:298][  0]LogContentStreaming: Texture pool size is 1000.000000MB
[2017.02.21-13.17.19:397][  0]LogMeshUtilities: No automatic mesh reduction module available
[2017.02.21-13.17.19:397][  0]LogMeshUtilities: No automatic mesh merging module available
[2017.02.21-13.17.19:582][  0]LogInit: WinSock: version 1.1 (2.2), MaxSocks=32767, MaxUdp=65467
[2017.02.21-13.17.19:788][  0]LogWindowsMoviePlayer: Unable to load movie: D:/Github/Forschungsseminar/Content/Movies/Default_Startup.mp4
[2017.02.21-13.17.19:909][  0]SourceControl: Info Source control is disabled
[2017.02.21-13.17.19:909][  0]SourceControl: Info Source control is disabled
[2017.02.21-13.17.19:923][  0]SourceControl: Info Source control is disabled
[2017.02.21-13.17.20:125][  0]LogObj: 27935 objects as part of root set at end of initial load.
[2017.02.21-13.17.20:125][  0]LogUObjectAllocator: 5830072 out of 0 bytes used by permanent object pool.
[2017.02.21-13.17.20:177][  0]LogEngine: Initializing Engine...
[2017.02.21-13.17.20:180][  0]LogHMD: Can't find Oculus library dev build: is proper Runtime installed? Version: 0.8.0.0
[2017.02.21-13.17.20:181][  0]LogHMD: SteamVR failed to initialize.  Err: 110
[2017.02.21-13.17.20:288][  0]LogInit: XAudio2 using 'Lautsprecher (Realtek High Definition Audio(SST))' : 2 channels at 48 kHz using 32 bits per sample (channel mask 0x3)
[2017.02.21-13.17.20:302][  0]LogInit: FAudioDevice initialized.
[2017.02.21-13.17.20:307][  0]LogInit: Texture streaming: Enabled
[2017.02.21-13.17.20:393][  0]LogNet: Browse: /Temp/Autosaves/Game/FirstPersonBP/Maps/UEDPCUntitled?Name=Player
[2017.02.21-13.17.20:393][  0]LogLoad: LoadMap: /Temp/Autosaves/Game/FirstPersonBP/Maps/UEDPCUntitled?Name=Player
[2017.02.21-13.17.20:409][  0]LogParticles: Destroying 0 GPU particle simulations for FXSystem 0x000001F734CC9080
[2017.02.21-13.17.20:427][  0]LogMemory: Platform Memory Stats for Windows
[2017.02.21-13.17.20:427][  0]LogMemory: Process Physical Memory: 391.81 MB used, 391.81 MB peak
[2017.02.21-13.17.20:427][  0]LogMemory: Process Virtual Memory: 442.78 MB used, 442.78 MB peak
[2017.02.21-13.17.20:427][  0]LogMemory: Physical Memory: 5451.34 MB used, 8105.91 MB total
[2017.02.21-13.17.20:427][  0]LogMemory: Virtual Memory: 990.01 MB used, 134217728.00 MB total
[2017.02.21-13.17.20:427][  0]LogMemory: 
[2017.02.21-13.17.20:427][  0]Allocator Stats for TBB: (not implemented)
[2017.02.21-13.17.21:020][  0]LogAIModule: Creating AISystem for world Untitled
[2017.02.21-13.17.21:020][  0]LogWorld: Game class is 'Mouse_GameMode_C'
[2017.02.21-13.17.21:022][  0]LogWorld: Bringing World /Temp/Autosaves/Game/FirstPersonBP/Maps/UEDPCUntitled.Untitled up for play (max tick rate 0) at 2017.02.21-14.17.21
[2017.02.21-13.17.21:022][  0]LogWorld: Bringing up level for play took: 0.001084
[2017.02.21-13.17.21:033][  0]LogBlueprintUserMessages: [ExperimentState_C_0] Sucess
[2017.02.21-13.17.21:033][  0]LogInit:Display: Game Engine Initialized.
[2017.02.21-13.17.21:257][  0]LogLoad: Full Startup: 4.43 seconds (BP compile: 0.12 seconds)
[2017.02.21-13.17.21:278][  0]LogOcInput: Can't find Oculus library dev build: is proper Runtime installed? Version: 0.8.0.0
[2017.02.21-13.17.21:390][  2]LogRenderer: Reallocating scene render targets to support 1280x720 (Frame:2).
[2017.02.21-13.17.21:961][ 24]LogRenderer: Reallocating scene render targets to support 1920x1020 (Frame:27).
[2017.02.21-13.17.29:119][426]LogWindowsTextInputMethodSystem:Display: IME system now deactivated.
[2017.02.21-13.17.29:124][426]LogEngine: All Windows Closed
[2017.02.21-13.17.29:124][426]LogWindows: FPlatformMisc::RequestExit(0)
[2017.02.21-13.17.29:193][427]LogExit: Preparing to exit.
[2017.02.21-13.17.29:303][427]LogExit: Game engine shut down
[2017.02.21-13.17.29:313][427]LogParticles: Destroying 0 GPU particle simulations for FXSystem 0x000001F728CAEFC0
[2017.02.21-13.17.29:750][427]LogExit: Object subsystem successfully closed.
[2017.02.21-13.17.29:785][427]LogD3D11RHI: Shutdown
[2017.02.21-13.17.29:785][427]LogD3D11RHI: CleanupD3DDevice
[2017.02.21-13.17.29:927][427]LogD3D11RHI: ~FD3D11DynamicRHI
[2017.02.21-13.17.29:969][427]LogModuleManager: Shutting down and abandoning module AndroidDeviceDetection (118)
[2017.02.21-13.17.30:286][427]LogModuleManager: Shutting down and abandoning module AutomationController (117)
[2017.02.21-13.17.30:286][427]LogModuleManager: Shutting down and abandoning module AutomationWorker (116)
[2017.02.21-13.17.30:286][427]LogModuleManager: Shutting down and abandoning module CharacterAI (115)
[2017.02.21-13.17.30:286][427]LogModuleManager: Shutting down and abandoning module AITestSuite (114)
[2017.02.21-13.17.30:286][427]LogModuleManager: Shutting down and abandoning module GameplayDebugger (113)
[2017.02.21-13.17.30:286][427]LogModuleManager: Shutting down and abandoning module AIModule (112)
[2017.02.21-13.17.30:286][427]LogModuleManager: Shutting down and abandoning module MovieSceneCapture (111)
[2017.02.21-13.17.30:286][427]LogModuleManager: Shutting down and abandoning module GameLiveStreaming (110)
[2017.02.21-13.17.30:286][427]LogModuleManager: Shutting down and abandoning module StreamingPauseRendering (109)
[2017.02.21-13.17.30:286][427]LogModuleManager: Shutting down and abandoning module ProfilerService (108)
[2017.02.21-13.17.30:395][427]LogModuleManager: Shutting down and abandoning module TaskGraph (107)
[2017.02.21-13.17.30:400][427]LogModuleManager: Shutting down and abandoning module SlateRemote (106)
[2017.02.21-13.17.30:401][427]LogModuleManager: Shutting down and abandoning module SteamVRController (105)
[2017.02.21-13.17.30:401][427]LogModuleManager: Shutting down and abandoning module SteamVR (104)
[2017.02.21-13.17.30:401][427]LogModuleManager: Shutting down and abandoning module ProceduralMeshComponent (103)
[2017.02.21-13.17.30:402][427]LogModuleManager: Shutting down and abandoning module OculusLibrary (102)
[2017.02.21-13.17.30:402][427]LogModuleManager: Shutting down and abandoning module OculusInput (101)
[2017.02.21-13.17.30:402][427]LogModuleManager: Shutting down and abandoning module LeapMotionController (100)
[2017.02.21-13.17.30:424][427]LogModuleManager: Shutting down and abandoning module CustomMeshComponent (99)
[2017.02.21-13.17.30:424][427]LogModuleManager: Shutting down and abandoning module CableComponent (98)
[2017.02.21-13.17.30:424][427]LogModuleManager: Shutting down and abandoning module ArchVisCharacter (97)
[2017.02.21-13.17.30:424][427]LogModuleManager: Shutting down and abandoning module HTML5Networking (96)
[2017.02.21-13.17.30:424][427]LogModuleManager: Shutting down and abandoning module DesktopPlatform (95)
[2017.02.21-13.17.30:424][427]LogModuleManager: Shutting down and abandoning module DirectoryWatcher (94)
[2017.02.21-13.17.30:424][427]LogModuleManager: Shutting down and abandoning module HotReload (93)
[2017.02.21-13.17.30:424][427]LogModuleManager: Shutting down and abandoning module VisualStudioSourceCodeAccess (92)
[2017.02.21-13.17.30:424][427]LogModuleManager: Shutting down and abandoning module UObjectPlugin (91)
[2017.02.21-13.17.30:424][427]LogModuleManager: Shutting down and abandoning module SubversionSourceControl (90)
[2017.02.21-13.17.30:424][427]LogModuleManager: Shutting down and abandoning module SourceControl (89)
[2017.02.21-13.17.30:425][427]LogModuleManager: Shutting down and abandoning module PerforceSourceControl (88)
[2017.02.21-13.17.30:425][427]LogModuleManager: Shutting down and abandoning module UdpMessaging (87)
[2017.02.21-13.17.30:425][427]LogModuleManager: Shutting down and abandoning module LogitechG (86)
[2017.02.21-13.17.30:425][427]LogModuleManager: Shutting down and abandoning module LightPropagationVolumeRuntime (85)
[2017.02.21-13.17.30:425][427]LogModuleManager: Shutting down and abandoning module Paper2D (84)
[2017.02.21-13.17.30:425][427]LogModuleManager: Shutting down and abandoning module WindowsMoviePlayer (83)
[2017.02.21-13.17.30:427][427]LogModuleManager: Shutting down and abandoning module Media (82)
[2017.02.21-13.17.30:427][427]LogModuleManager: Shutting down and abandoning module WmfMedia (81)
[2017.02.21-13.17.30:427][427]LogModuleManager: Shutting down and abandoning module OnlineBlueprintSupport (80)
[2017.02.21-13.17.30:427][427]LogModuleManager: Shutting down and abandoning module GameplayTasksEditor (79)
[2017.02.21-13.17.30:427][427]LogModuleManager: Shutting down and abandoning module PropertyEditor (78)
[2017.02.21-13.17.30:427][427]LogModuleManager: Shutting down and abandoning module BehaviorTreeEditor (77)
[2017.02.21-13.17.30:428][427]LogModuleManager: Shutting down and abandoning module FunctionalTesting (76)
[2017.02.21-13.17.30:428][427]LogModuleManager: Shutting down and abandoning module CollisionAnalyzer (75)
[2017.02.21-13.17.30:428][427]LogModuleManager: Shutting down and abandoning module WorkspaceMenuStructure (74)
[2017.02.21-13.17.30:428][427]LogModuleManager: Shutting down and abandoning module MessageLog (73)
[2017.02.21-13.17.30:428][427]LogModuleManager: Shutting down and abandoning module Sequencer (72)
[2017.02.21-13.17.30:428][427]LogModuleManager: Shutting down and abandoning module AssetTools (71)
[2017.02.21-13.17.30:429][427]LogModuleManager: Shutting down and abandoning module UMGEditor (70)
[2017.02.21-13.17.30:429][427]LogModuleManager: Shutting down and abandoning module UMG (69)
[2017.02.21-13.17.30:429][427]LogModuleManager: Shutting down and abandoning module Slate (68)
[2017.02.21-13.17.30:429][427]LogModuleManager: Shutting down and abandoning module EditorStyle (67)
[2017.02.21-13.17.30:431][427]LogModuleManager: Shutting down and abandoning module SessionServices (66)
[2017.02.21-13.17.30:431][427]LogModuleManager: Shutting down and abandoning module SourceCodeAccess (65)
[2017.02.21-13.17.30:431][427]LogModuleManager: Shutting down and abandoning module HeadMountedDisplay (64)
[2017.02.21-13.17.30:431][427]LogModuleManager: Shutting down and abandoning module XAudio2 (63)
[2017.02.21-13.17.30:431][427]LogModuleManager: Shutting down and abandoning module Networking (61)
[2017.02.21-13.17.30:431][427]LogModuleManager: Shutting down and abandoning module Core (60)
[2017.02.21-13.17.30:431][427]LogModuleManager: Shutting down and abandoning module KismetCompiler (59)
[2017.02.21-13.17.30:431][427]LogModuleManager: Shutting down and abandoning module PhysXFormats (58)
[2017.02.21-13.17.30:431][427]LogModuleManager: Shutting down and abandoning module MeshUtilities (57)
[2017.02.21-13.17.30:432][427]LogModuleManager: Shutting down and abandoning module DerivedDataCache (56)
[2017.02.21-13.17.30:625][427]LogDerivedDataCache: Shutdown
[2017.02.21-13.17.30:625][427]LogModuleManager: Shutting down and abandoning module ShaderFormatOpenGL (55)
[2017.02.21-13.17.30:631][427]LogModuleManager: Shutting down and abandoning module ShaderFormatD3D (54)
[2017.02.21-13.17.30:631][427]LogModuleManager: Shutting down and abandoning module MetalShaderFormat (53)
[2017.02.21-13.17.30:632][427]LogModuleManager: Shutting down and abandoning module TextureFormatUncompressed (52)
[2017.02.21-13.17.30:632][427]LogModuleManager: Shutting down and abandoning module TextureFormatPVR (51)
[2017.02.21-13.17.30:632][427]LogModuleManager: Shutting down and abandoning module TextureFormatIntelISPCTexComp (50)
[2017.02.21-13.17.30:632][427]LogModuleManager: Shutting down and abandoning module TextureFormatDXT (49)
[2017.02.21-13.17.30:632][427]LogModuleManager: Shutting down and abandoning module ImageWrapper (48)
[2017.02.21-13.17.30:632][427]LogModuleManager: Shutting down and abandoning module TextureFormatASTC (47)
[2017.02.21-13.17.30:632][427]LogModuleManager: Shutting down and abandoning module TextureFormatAndroid (46)
[2017.02.21-13.17.30:632][427]LogModuleManager: Shutting down and abandoning module AudioFormatOpus (45)
[2017.02.21-13.17.30:632][427]LogModuleManager: Shutting down and abandoning module AudioFormatOgg (44)
[2017.02.21-13.17.30:632][427]LogModuleManager: Shutting down and abandoning module AudioFormatADPCM (43)
[2017.02.21-13.17.30:632][427]LogModuleManager: Shutting down and abandoning module LinuxTargetPlatform (42)
[2017.02.21-13.17.30:632][427]LogModuleManager: Shutting down and abandoning module LinuxServerTargetPlatform (41)
[2017.02.21-13.17.30:632][427]LogModuleManager: Shutting down and abandoning module LinuxNoEditorTargetPlatform (40)
[2017.02.21-13.17.30:632][427]LogModuleManager: Shutting down and abandoning module Messaging (39)
[2017.02.21-13.17.30:632][427]LogModuleManager: Shutting down and abandoning module IOSTargetPlatform (38)
[2017.02.21-13.17.30:632][427]LogModuleManager: Shutting down and abandoning module HTML5TargetPlatform (37)
[2017.02.21-13.17.30:632][427]LogModuleManager: Shutting down and abandoning module Android_PVRTCTargetPlatform (36)
[2017.02.21-13.17.30:632][427]LogModuleManager: Shutting down and abandoning module Android_MultiTargetPlatform (35)
[2017.02.21-13.17.30:632][427]LogModuleManager: Shutting down and abandoning module Android_ETC2TargetPlatform (34)
[2017.02.21-13.17.30:632][427]LogModuleManager: Shutting down and abandoning module Android_ETC1TargetPlatform (33)
[2017.02.21-13.17.30:632][427]LogModuleManager: Shutting down and abandoning module Android_DXTTargetPlatform (32)
[2017.02.21-13.17.30:632][427]LogModuleManager: Shutting down and abandoning module Android_ATCTargetPlatform (31)
[2017.02.21-13.17.30:632][427]LogModuleManager: Shutting down and abandoning module Android_ASTCTargetPlatform (30)
[2017.02.21-13.17.30:632][427]LogModuleManager: Shutting down and abandoning module AndroidTargetPlatform (29)
[2017.02.21-13.17.30:632][427]LogModuleManager: Shutting down and abandoning module WindowsTargetPlatform (28)
[2017.02.21-13.17.30:632][427]LogModuleManager: Shutting down and abandoning module WindowsServerTargetPlatform (27)
[2017.02.21-13.17.30:632][427]LogModuleManager: Shutting down and abandoning module WindowsNoEditorTargetPlatform (26)
[2017.02.21-13.17.30:632][427]LogModuleManager: Shutting down and abandoning module WindowsClientTargetPlatform (25)
[2017.02.21-13.17.30:632][427]LogModuleManager: Shutting down and abandoning module AllDesktopTargetPlatform (24)
[2017.02.21-13.17.30:632][427]LogModuleManager: Shutting down and abandoning module TargetPlatform (23)
[2017.02.21-13.17.30:632][427]LogModuleManager: Shutting down and abandoning module InputCore (22)
[2017.02.21-13.17.30:632][427]LogModuleManager: Shutting down and abandoning module Settings (21)
[2017.02.21-13.17.30:632][427]LogModuleManager: Shutting down and abandoning module OnlineSubsystem (19)
[2017.02.21-13.17.30:632][427]LogModuleManager: Shutting down and abandoning module HTTP (18)
[2017.02.21-13.17.30:632][427]LogModuleManager: Shutting down and abandoning module XMPP (17)
[2017.02.21-13.17.30:634][427]LogModuleManager: Shutting down and abandoning module OculusRift (16)
[2017.02.21-13.17.30:636][427]LogModuleManager: Shutting down and abandoning module ExampleDeviceProfileSelector (15)
[2017.02.21-13.17.30:636][427]LogModuleManager: Shutting down and abandoning module TextureCompressor (14)
[2017.02.21-13.17.30:636][427]LogModuleManager: Shutting down and abandoning module ShaderCore (13)
[2017.02.21-13.17.30:636][427]LogModuleManager: Shutting down and abandoning module Landscape (12)
[2017.02.21-13.17.30:636][427]LogModuleManager: Shutting down and abandoning module SlateRHIRenderer (11)
[2017.02.21-13.17.30:637][427]LogModuleManager: Shutting down and abandoning module OpenGLDrv (10)
[2017.02.21-13.17.30:638][427]LogModuleManager: Shutting down and abandoning module D3D11RHI (9)
[2017.02.21-13.17.30:638][427]LogModuleManager: Shutting down and abandoning module AnimGraphRuntime (8)
[2017.02.21-13.17.30:638][427]LogModuleManager: Shutting down and abandoning module Renderer (7)
[2017.02.21-13.17.30:638][427]LogModuleManager: Shutting down and abandoning module Engine (6)
[2017.02.21-13.17.30:638][427]LogModuleManager: Shutting down and abandoning module CoreUObject (5)
[2017.02.21-13.17.30:638][427]LogModuleManager: Shutting down and abandoning module NetworkFile (4)
[2017.02.21-13.17.30:639][427]LogModuleManager: Shutting down and abandoning module StreamingFile (3)
[2017.02.21-13.17.30:639][427]LogModuleManager: Shutting down and abandoning module SandboxFile (2)
[2017.02.21-13.17.30:640][427]LogModuleManager: Shutting down and abandoning module PakFile (1)
[2017.02.21-13.17.30:641][427]LogExit: Exiting.
[2017.02.21-13.17.30:642][427]Log file closed, 02/21/17 14:17:30
