[2017.02.14-09.05.28:355][  0]Log file open, 02/14/17 10:05:28
[2017.02.14-09.05.28:355][  0]LogInit:Display: Running engine for game: Highlight
[2017.02.14-09.05.28:355][  0]LogPlatformFile: Not using cached read wrapper
[2017.02.14-09.05.28:355][  0]LogInit:Display: RandInit(-79557307) SRandInit(-79557306).
[2017.02.14-09.05.28:355][  0]LogTaskGraph: Started task graph with 4 named threads and 5 total threads.
[2017.02.14-09.05.28:355][  0]LogStats: Stats thread started at 0.119125
[2017.02.14-09.05.28:355][  0]LogInit: Version: 4.10.4-2872498+++depot+UE4-Releases+4.10
[2017.02.14-09.05.28:355][  0]LogInit: API Version: 2758231
[2017.02.14-09.05.28:355][  0]LogInit: Compiled (64-bit): Feb 18 2016 15:47:04
[2017.02.14-09.05.28:355][  0]LogInit: Compiled with Visual C++: 19.00.23026.00
[2017.02.14-09.05.28:355][  0]LogInit: Build Configuration: Development
[2017.02.14-09.05.28:355][  0]LogInit: Branch Name: ++depot+UE4-Releases+4.10
[2017.02.14-09.05.28:355][  0]LogInit: Command line:  
[2017.02.14-09.05.28:355][  0]LogInit: Base directory: C:/Program Files (x86)/Epic Games/4.10/Engine/Binaries/Win64/
[2017.02.14-09.05.28:355][  0]LogInit: Rocket: 1
[2017.02.14-09.05.28:386][  0]LogInit: Using libcurl 7.41.0
[2017.02.14-09.05.28:386][  0]LogInit:  - built for x86_64-pc-win32
[2017.02.14-09.05.28:386][  0]LogInit:  - supports SSL with WinSSL
[2017.02.14-09.05.28:386][  0]LogInit:  - other features:
[2017.02.14-09.05.28:386][  0]LogInit:      CURL_VERSION_SSL
[2017.02.14-09.05.28:386][  0]LogInit:      CURL_VERSION_IPV6
[2017.02.14-09.05.28:386][  0]LogInit:      CURL_VERSION_ASYNCHDNS
[2017.02.14-09.05.28:386][  0]LogInit:      CURL_VERSION_LARGEFILE
[2017.02.14-09.05.28:386][  0]LogInit:      CURL_VERSION_IDN
[2017.02.14-09.05.28:386][  0]LogInit:  CurlRequestOptions (configurable via config and command line):
[2017.02.14-09.05.28:386][  0]LogInit:  - bVerifyPeer = true  - Libcurl will verify peer certificate
[2017.02.14-09.05.28:386][  0]LogInit:  - bUseHttpProxy = false  - Libcurl will NOT use HTTP proxy
[2017.02.14-09.05.28:386][  0]LogInit:  - bDontReuseConnections = false  - Libcurl will reuse connections
[2017.02.14-09.05.28:386][  0]LogInit:  - CertBundlePath = nullptr  - Libcurl will use whatever was configured at build time.
[2017.02.14-09.05.28:386][  0]LogInit: Presizing for 0 objects not considered by GC, pre-allocating 0 bytes.
[2017.02.14-09.05.28:402][  0]LogInit: Object subsystem initialized
[2017.02.14-09.05.28:402][  0]LogInit: Selected Device Profile: [Windows]
[2017.02.14-09.05.28:402][  0]LogInit: Applying CVar settings loaded from the selected device profile: [Windows]
[2017.02.14-09.05.28:433][  0]LogInit: Computer: LAPTOP-ELQTR10M
[2017.02.14-09.05.28:433][  0]LogInit: User: danie
[2017.02.14-09.05.28:433][  0]LogInit: CPU Page size=4096, Cores=2
[2017.02.14-09.05.28:433][  0]LogInit: High frequency timer resolution =2.531250 MHz
[2017.02.14-09.05.28:433][  0]LogMemory: Memory total: Physical=7.9GB (8GB approx)
[2017.02.14-09.05.28:433][  0]LogMemory: Platform Memory Stats for Windows
[2017.02.14-09.05.28:433][  0]LogMemory: Process Physical Memory: 55.79 MB used, 55.79 MB peak
[2017.02.14-09.05.28:433][  0]LogMemory: Process Virtual Memory: 56.48 MB used, 56.48 MB peak
[2017.02.14-09.05.28:433][  0]LogMemory: Physical Memory: 2660.00 MB used, 8105.91 MB total
[2017.02.14-09.05.28:433][  0]LogMemory: Virtual Memory: 381.91 MB used, 134217728.00 MB total
[2017.02.14-09.05.28:715][  0]LogTextLocalizationManager: No translations for ('de-DE') exist, falling back to 'en' for localization and internationalization data.
[2017.02.14-09.05.29:481][  0]LogD3D11RHI: Found D3D11 adapter 0: NVIDIA GeForce GTX 950M      (Feature Level 11_0)
[2017.02.14-09.05.29:481][  0]LogD3D11RHI: Adapter has 4037MB of dedicated video memory, 0MB of dedicated system memory, and 4052MB of shared system memory, 1 output[s]
[2017.02.14-09.05.29:487][  0]LogD3D11RHI: Found D3D11 adapter 1: Intel(R) HD Graphics 520 (Feature Level 11_0)
[2017.02.14-09.05.29:487][  0]LogD3D11RHI: Adapter has 128MB of dedicated video memory, 0MB of dedicated system memory, and 4052MB of shared system memory, 0 output[s]
[2017.02.14-09.05.29:489][  0]LogD3D11RHI: Found D3D11 adapter 2: Microsoft Basic Render Driver (Feature Level 11_0)
[2017.02.14-09.05.29:489][  0]LogD3D11RHI: Adapter has 0MB of dedicated video memory, 0MB of dedicated system memory, and 4052MB of shared system memory, 0 output[s]
[2017.02.14-09.05.29:489][  0]LogD3D11RHI: Chosen D3D11 Adapter Id = 0
[2017.02.14-09.05.29:493][  0]LogD3D11RHI: !Direct3DDevice
[2017.02.14-09.05.29:493][  0]LogRHI: Texture pool is 1361 MB (70% of 1945 MB)
[2017.02.14-09.05.29:511][  0]LogD3D11RHI: Async texture creation enabled
[2017.02.14-09.05.29:523][  0]LogShaderCompilers: Guid format shader working directory is 19 characters bigger than the processId version (D:/Github/Forschungsseminar/Intermediate/Shaders/WorkingDirectory/9904/).
[2017.02.14-09.05.29:524][  0]LogShaderCompilers: Cleaned the shader compiler working directory 'C:/Users/danie/AppData/Local/Temp/UnrealShaderWorkingDir/35A0DE07475088EC893E55AADF1E76D0/'.
[2017.02.14-09.05.29:524][  0]LogShaderCompilers:Display: Using Local Shader Compiler.
[2017.02.14-09.05.30:445][  0]LogTemp:Display: Loaded TP AllDesktopTargetPlatform
[2017.02.14-09.05.30:451][  0]LogTemp:Display: Loaded TP WindowsClientTargetPlatform
[2017.02.14-09.05.30:456][  0]LogTemp:Display: Loaded TP WindowsNoEditorTargetPlatform
[2017.02.14-09.05.30:461][  0]LogTemp:Display: Loaded TP WindowsServerTargetPlatform
[2017.02.14-09.05.30:466][  0]LogTemp:Display: Loaded TP WindowsTargetPlatform
[2017.02.14-09.05.30:470][  0]LogTemp:Display: Loaded TP AndroidTargetPlatform
[2017.02.14-09.05.30:473][  0]LogTemp:Display: Loaded TP Android_ASTCTargetPlatform
[2017.02.14-09.05.30:476][  0]LogTemp:Display: Loaded TP Android_ATCTargetPlatform
[2017.02.14-09.05.30:480][  0]LogTemp:Display: Loaded TP Android_DXTTargetPlatform
[2017.02.14-09.05.30:483][  0]LogTemp:Display: Loaded TP Android_ETC1TargetPlatform
[2017.02.14-09.05.30:486][  0]LogTemp:Display: Loaded TP Android_ETC2TargetPlatform
[2017.02.14-09.05.30:493][  0]LogTemp:Display: Loaded TP Android_MultiTargetPlatform
[2017.02.14-09.05.30:493][  0]LogTemp:Display: Loaded TP Android_PVRTCTargetPlatform
[2017.02.14-09.05.30:494][  0]LogTemp:Display: Loaded TP HTML5TargetPlatform
[2017.02.14-09.05.30:512][  0]LogTemp:Display: Loaded TP IOSTargetPlatform
[2017.02.14-09.05.30:515][  0]LogTemp:Display: Loaded TP LinuxNoEditorTargetPlatform
[2017.02.14-09.05.30:518][  0]LogTemp:Display: Loaded TP LinuxServerTargetPlatform
[2017.02.14-09.05.30:521][  0]LogTemp:Display: Loaded TP LinuxTargetPlatform
[2017.02.14-09.05.30:521][  0]LogTargetPlatformManager:Display: Building Assets For Windows
[2017.02.14-09.05.30:620][  0]LogDerivedDataCache:Display: Max Cache Size: 512 MB
[2017.02.14-09.05.30:834][  0]LogDerivedDataCache: Loaded boot cache 0.21s 41MB C:/Users/danie/AppData/Local/UnrealEngine/4.10/DerivedDataCache/Boot.ddc.
[2017.02.14-09.05.30:834][  0]LogDerivedDataCache:Display: Loaded Boot cache: C:/Users/danie/AppData/Local/UnrealEngine/4.10/DerivedDataCache/Boot.ddc
[2017.02.14-09.05.30:836][  0]LogDerivedDataCache: FDerivedDataBackendGraph:  Pak pak cache file D:/Github/Forschungsseminar/DerivedDataCache/DDC.ddp not found, will not use a pak cache.
[2017.02.14-09.05.30:836][  0]LogDerivedDataCache: Unable to find inner node Pak for hierarchical cache Hierarchy.
[2017.02.14-09.05.30:836][  0]LogDerivedDataCache: FDerivedDataBackendGraph:  CompressedPak pak cache file D:/Github/Forschungsseminar/DerivedDataCache/Compressed.ddp not found, will not use a pak cache.
[2017.02.14-09.05.30:836][  0]LogDerivedDataCache: Unable to find inner node CompressedPak for hierarchical cache Hierarchy.
[2017.02.14-09.05.30:909][  0]LogDerivedDataCache:Display: Pak cache opened for reading ../../../Engine/DerivedDataCache/Compressed.ddp.
[2017.02.14-09.05.30:923][  0]LogDerivedDataCache: Using Local data cache path C:/Users/danie/AppData/Local/UnrealEngine/Common/DerivedDataCache: Writable
[2017.02.14-09.05.32:010][  0]LogInit: Selected Device Profile: [Windows]
[2017.02.14-09.05.32:030][  0]LogContentStreaming: Texture pool size is 0.000000MB
[2017.02.14-09.05.32:304][  0]LogMeshUtilities: No automatic mesh reduction module available
[2017.02.14-09.05.32:304][  0]LogMeshUtilities: No automatic mesh merging module available
[2017.02.14-09.05.32:901][  0]LogInit: WinSock: version 1.1 (2.2), MaxSocks=32767, MaxUdp=65467
[2017.02.14-09.05.35:124][  0]UdpMessaging: Initializing bridge on interface 0.0.0.0:0 to multicast group 230.0.0.1:6666.
[2017.02.14-09.05.35:323][  0]LogAssetRegistry: FAssetRegistry took 0.0141 seconds to start up
[2017.02.14-09.05.35:693][  0]SourceControl: Info Source control is disabled
[2017.02.14-09.05.35:810][  0]SourceControl: Info Source control is disabled
[2017.02.14-09.05.35:838][  0]SourceControl: Info Source control is disabled
[2017.02.14-09.05.35:860][  0]SourceControl: Info Source control is disabled
[2017.02.14-09.05.36:309][  0]LogObj: 28633 objects as part of root set at end of initial load.
[2017.02.14-09.05.36:309][  0]LogUObjectAllocator: 6099752 out of 0 bytes used by permanent object pool.
[2017.02.14-09.05.36:459][  0]LogEngine: Initializing Engine...
[2017.02.14-09.05.36:466][  0]LogHMD: Can't find Oculus library dev build: is proper Runtime installed? Version: 0.8.0.0
[2017.02.14-09.05.36:469][  0]LogHMD: SteamVR failed to initialize.  Err: 110
[2017.02.14-09.05.36:690][  0]LogAIModule: Creating AISystem for world NewWorld
[2017.02.14-09.05.36:712][  0]LogInit: XAudio2 using 'Lautsprecher (Realtek High Definition Audio(SST))' : 2 channels at 48 kHz using 32 bits per sample (channel mask 0x3)
[2017.02.14-09.05.36:844][  0]LogInit: FAudioDevice initialized.
[2017.02.14-09.05.36:864][  0]LogDerivedDataCache: Saved boot cache 0.02s 41MB C:/Users/danie/AppData/Local/UnrealEngine/4.10/DerivedDataCache/Boot.ddc.
[2017.02.14-09.05.36:866][  0]LogInit: Texture streaming: Enabled
[2017.02.14-09.05.36:882][  0]LogAnalytics: Creating configured Analytics provider AnalyticsET
[2017.02.14-09.05.36:883][  0]LogAnalytics: [UEEditor.Rocket.Release] APIServer = http://et2.epicgames.com/ET2/. AppVersion = 4.10.4-2872498+++depot+UE4-Releases+4.10
[2017.02.14-09.05.36:883][  0]LogAnalytics: [UEEditor.Rocket.Release] SetUserId 1a4e72b84605f241aedbd0856a2b1682|6de05fa92587480fb7882ffc140bd849|705478e5-d4b4-468d-9618-97abfa4f769e
[2017.02.14-09.05.36:884][  0]LogAnalytics: [UEEditor.Rocket.Release] AnalyticsET::StartSession
[2017.02.14-09.05.36:967][  0]LogInit: Transaction tracking system initialized
[2017.02.14-09.05.37:100][  0]BlueprintLog: New page: Editor Load
[2017.02.14-09.05.37:413][  0]LocalizationService: Info Localization service is disabled
[2017.02.14-09.05.37:609][  0]LogConsoleResponse:Display: 
[2017.02.14-09.05.37:860][  0]LogCook:Display: Done creating registry. It took  0.00s.
[2017.02.14-09.05.38:019][  0]LogFileCache: Scanning file cache for directory 'D:/Github/Forschungsseminar/Content/' took 0.01s
[2017.02.14-09.05.38:019][  0]SourceControl: Info Source control is disabled
[2017.02.14-09.05.38:022][  0]Cmd: MAP LOAD FILE="D:/Github/Forschungsseminar/Content/FirstPersonBP/Maps/FirstPersonExampleMap.umap" TEMPLATE=0 SHOWPROGRESS=1 FEATURELEVEL=3
[2017.02.14-09.05.38:036][  0]LightingResults: New page: Lighting Build
[2017.02.14-09.05.38:049][  0]MapCheck: New page: Map Check
[2017.02.14-09.05.38:049][  0]LightingResults: New page: Lighting Build
[2017.02.14-09.05.38:084][  0]LogParticles: Destroying 0 GPU particle simulations for FXSystem 0x0000026FF5206020
[2017.02.14-09.05.39:272][  0]LogBlueprint:Error: [compiler FirstPersonExampleMap] Error This blueprint (self) is not a GameplayTaskOwnerInterface, therefore ' Task Owner ' must have a connection.
[2017.02.14-09.05.39:272][  0]LogBlueprint:Warning: [compiler FirstPersonExampleMap] Warning Node  Unknown  is not referencing a valid level actor
[2017.02.14-09.05.39:275][  0]LogBlueprint:Warning: [compiler FirstPersonExampleMap] Warning [0011.48] Compile of FirstPersonExampleMap failed. 1 Fatal Issue(s) 1 Warning(s) [in 6 ms]
[2017.02.14-09.05.39:275][  0]LogBlueprint:Warning: [compiler FirstPersonExampleMap] Warning [0011.48] Compile of FirstPersonExampleMap failed. 1 Fatal Issue(s) 2 Warning(s) [in 0 ms]
[2017.02.14-09.05.39:276][  0]LogBlueprint:Warning: [compiler FirstPersonExampleMap] Warning [0011.48] Compile of FirstPersonExampleMap failed. 1 Fatal Issue(s) 3 Warning(s) [in 0 ms]
[2017.02.14-09.05.40:198][  0]LogAIModule: Creating AISystem for world FirstPersonExampleMap
[2017.02.14-09.05.40:235][  0]LogEditorServer: Finished looking for orphan Actors (0.000 secs)
[2017.02.14-09.05.40:238][  0]Cmd: MAP CHECKDEP NOCLEARLOG
[2017.02.14-09.05.40:294][  0]MapCheck: Info Map check complete: 0 Error(s), 0 Warning(s), took 56.104ms to complete.
[2017.02.14-09.05.40:294][  0]LogFileHelpers: Loading map 'FirstPersonExampleMap' took 2.274
[2017.02.14-09.05.40:508][  0]LogCollectionManager: Loaded 0 collections in 0.003951 seconds
[2017.02.14-09.05.40:572][  0]LogFileCache: Scanning file cache for directory 'D:/Github/Forschungsseminar/Saved/Collections/' took 0.01s
[2017.02.14-09.05.40:572][  0]LogFileCache: Scanning file cache for directory 'D:/Github/Forschungsseminar/Content/Developers/danie/Collections/' took 0.01s
[2017.02.14-09.05.40:572][  0]LogFileCache: Scanning file cache for directory 'D:/Github/Forschungsseminar/Content/Collections/' took 0.01s
[2017.02.14-09.05.40:572][  0]LogCollectionManager: Rebuilt the GUID cache for 0 collections in 0.000002 seconds
[2017.02.14-09.05.40:584][  0]LogContentBrowser: Native class hierarchy populated in 0.0100 seconds. Added 1893 classes and 338 folders.
[2017.02.14-09.05.40:604][  0]LogContentBrowser: Native class hierarchy updated for 'WidgetCarousel' in 0.0005 seconds. Added 0 classes and 0 folders.
[2017.02.14-09.05.40:808][  0]LogContentBrowser: Native class hierarchy updated for 'AddContentDialog' in 0.0005 seconds. Added 0 classes and 0 folders.
[2017.02.14-09.05.40:838][  0]LogContentBrowser: Native class hierarchy updated for 'SceneOutliner' in 0.0007 seconds. Added 1 classes and 2 folders.
[2017.02.14-09.05.41:104][  0]LogCrashTracker: Crashtracker disabled due to settings.
[2017.02.14-09.05.41:123][  0]LogUObjectGlobals:Warning: Failed to find object 'Class None.'
[2017.02.14-09.05.41:151][  0]LogLoad: Full Startup: 13.35 seconds (BP compile: 0.30 seconds)
[2017.02.14-09.05.41:174][  0]LogOcInput: Can't find Oculus library dev build: is proper Runtime installed? Version: 0.8.0.0
[2017.02.14-09.05.41:270][  0]LogContentStreaming: Texture pool size now 1000 MB
[2017.02.14-09.05.41:449][  0]LogRenderer: Reallocating scene render targets to support 1068x556 (Frame:2).
[2017.02.14-09.05.41:812][  1]LogFileCache: Retrieving MD5 hashes for directory 'D:/Github/Forschungsseminar/Content/' took 0.62s
[2017.02.14-09.05.42:218][  7]LogAssetRegistry: Asset discovery search completed in 6.9072 seconds
[2017.02.14-09.05.42:224][  7]LogCollectionManager: Rebuilt the object cache for 0 collections in 0.000001 seconds (found 0 objects)
[2017.02.14-09.05.42:224][  7]LogCollectionManager: Fixed up redirectors for 0 collections in 0.000063 seconds (updated 0 objects)
[2017.02.14-09.06.01:784][106]Cmd: MAP LOAD FILE="D:/Github/Forschungsseminar/Content/FirstPersonBP/Maps/Untitled.umap" TEMPLATE=0 SHOWPROGRESS=1 FEATURELEVEL=3
[2017.02.14-09.06.01:813][106]LightingResults: New page: Lighting Build
[2017.02.14-09.06.01:833][106]LoadErrors: New page: Loading map: Untitled.umap
[2017.02.14-09.06.01:834][106]MapCheck: New page: Map Check
[2017.02.14-09.06.01:834][106]LightingResults: New page: Lighting Build
[2017.02.14-09.06.01:860][106]LogParticles: Destroying 0 GPU particle simulations for FXSystem 0x0000026FE989F6A0
[2017.02.14-09.06.01:888][106]LogAIModule: Creating AISystem for world Untitled
[2017.02.14-09.06.01:944][106]LogEditorServer: Finished looking for orphan Actors (0.000 secs)
[2017.02.14-09.06.01:973][106]Cmd: MAP CHECKDEP NOCLEARLOG
[2017.02.14-09.06.02:019][106]MapCheck: Info Map check complete: 0 Error(s), 0 Warning(s), took 45.553ms to complete.
[2017.02.14-09.06.02:019][106]LogFileHelpers: Loading map 'Untitled' took 0.237
[2017.02.14-09.06.03:462][190]LogBlueprintUserMessages: Early PlayInEditor Detection: Level '/Game/FirstPersonBP/Maps/Untitled.Untitled:PersistentLevel' has LevelScriptBlueprint '/Game/FirstPersonBP/Maps/Untitled.Untitled:PersistentLevel.Untitled' with GeneratedClass '/Game/FirstPersonBP/Maps/Untitled.Untitled_C' with ClassGeneratedBy '/Game/FirstPersonBP/Maps/Untitled.Untitled:PersistentLevel.Untitled'
[2017.02.14-09.06.03:463][190]LogPlayLevel: PlayLevel: No blueprints needed recompiling
[2017.02.14-09.06.03:464][190]PIE: New page: PIE session: Untitled (Feb 14, 2017, 11:06:03 AM)
[2017.02.14-09.06.03:465][190]LogPlayLevel: Creating play world package: /Game/FirstPersonBP/Maps/UEDPIE_0_Untitled
[2017.02.14-09.06.03:468][190]LogPlayLevel: PIE: StaticDuplicateObject took: (0.003533s)
[2017.02.14-09.06.03:468][190]LogAIModule: Creating AISystem for world Untitled
[2017.02.14-09.06.03:468][190]LogPlayLevel: PIE: World Init took: (0.000632s)
[2017.02.14-09.06.03:468][190]LogPlayLevel: PIE: Created PIE world by copying editor world from /Game/FirstPersonBP/Maps/Untitled.Untitled to /Game/FirstPersonBP/Maps/UEDPIE_0_Untitled.Untitled (0.004762s)
[2017.02.14-09.06.03:495][190]LogInit: XAudio2 using 'Lautsprecher (Realtek High Definition Audio(SST))' : 2 channels at 48 kHz using 32 bits per sample (channel mask 0x3)
[2017.02.14-09.06.03:504][190]LogInit: FAudioDevice initialized.
[2017.02.14-09.06.03:560][190]LogWorld: Game class is 'Mouse_GameMode_C'
[2017.02.14-09.06.03:564][190]LogWorld: Bringing World /Game/FirstPersonBP/Maps/UEDPIE_0_Untitled.Untitled up for play (max tick rate 60) at 2017.02.14-10.06.03
[2017.02.14-09.06.03:564][190]LogActor:Warning: GameSession /Game/FirstPersonBP/Maps/UEDPIE_0_Untitled.Untitled:PersistentLevel.GameSession_0 has natively added scene component(s), but none of them were set as the actor's RootComponent - picking one arbitrarily
[2017.02.14-09.06.03:565][190]LogActor:Warning: GameNetworkManager /Game/FirstPersonBP/Maps/UEDPIE_0_Untitled.Untitled:PersistentLevel.GameNetworkManager_0 has natively added scene component(s), but none of them were set as the actor's RootComponent - picking one arbitrarily
[2017.02.14-09.06.03:565][190]LogWorld: Bringing up level for play took: 0.001922
[2017.02.14-09.06.03:583][190]LogBlueprintUserMessages: [ExperimentState_C_0] Sucess
[2017.02.14-09.06.03:584][190]PIE: Info Play in editor start time for /Game/FirstPersonBP/Maps/UEDPIE_0_Untitled -0.169
[2017.02.14-09.06.03:584][190]LogBlueprintUserMessages: Late PlayInEditor Detection: Level '/Game/FirstPersonBP/Maps/Untitled.Untitled:PersistentLevel' has LevelScriptBlueprint '/Game/FirstPersonBP/Maps/Untitled.Untitled:PersistentLevel.Untitled' with GeneratedClass '/Game/FirstPersonBP/Maps/Untitled.Untitled_C' with ClassGeneratedBy '/Game/FirstPersonBP/Maps/Untitled.Untitled:PersistentLevel.Untitled'
[2017.02.14-09.06.07:571][417]LogBlueprintUserMessages: Early EndPlayMap Detection: Level '/Game/FirstPersonBP/Maps/Untitled.Untitled:PersistentLevel' has LevelScriptBlueprint '/Game/FirstPersonBP/Maps/Untitled.Untitled:PersistentLevel.Untitled' with GeneratedClass '/Game/FirstPersonBP/Maps/Untitled.Untitled_C' with ClassGeneratedBy '/Game/FirstPersonBP/Maps/Untitled.Untitled:PersistentLevel.Untitled'
[2017.02.14-09.06.07:607][417]LogBlueprintUserMessages: Late EndPlayMap Detection: Level '/Game/FirstPersonBP/Maps/Untitled.Untitled:PersistentLevel' has LevelScriptBlueprint '/Game/FirstPersonBP/Maps/Untitled.Untitled:PersistentLevel.Untitled' with GeneratedClass '/Game/FirstPersonBP/Maps/Untitled.Untitled_C' with ClassGeneratedBy '/Game/FirstPersonBP/Maps/Untitled.Untitled:PersistentLevel.Untitled'
[2017.02.14-09.06.07:630][417]LogParticles: Destroying 0 GPU particle simulations for FXSystem 0x0000026F9029A3E0
[2017.02.14-09.06.34:127][  0]LogLinker:Warning: Asset '../../../Engine/Content/ArtTools/RenderToTexture/Macros/RenderToTextureMacros.uasset' has been saved with empty engine version. The asset will be loaded but may be incompatible.
[2017.02.14-09.06.34:597][  0]LogContentBrowser: Native class hierarchy updated for 'BlueprintGraph' in 0.0008 seconds. Added 107 classes and 0 folders.
[2017.02.14-09.07.35:411][584]LogBlueprintUserMessages: Early PlayInEditor Detection: Level '/Game/FirstPersonBP/Maps/Untitled.Untitled:PersistentLevel' has LevelScriptBlueprint '/Game/FirstPersonBP/Maps/Untitled.Untitled:PersistentLevel.Untitled' with GeneratedClass '/Game/FirstPersonBP/Maps/Untitled.Untitled_C' with ClassGeneratedBy '/Game/FirstPersonBP/Maps/Untitled.Untitled:PersistentLevel.Untitled'
[2017.02.14-09.07.35:411][584]BlueprintLog: New page: Pre-Play auto-recompile
[2017.02.14-09.07.35:437][584]LogPlayLevel: [PlayLevel] Compiling MainView before play...
[2017.02.14-09.07.35:516][584]LogPlayLevel: PlayLevel: Blueprint regeneration took 105 ms (2 blueprints)
[2017.02.14-09.07.35:517][584]LogPlayLevel: [PlayLevel] Compiling ExperimentPlayerController before play...
[2017.02.14-09.07.35:565][584]LogPlayLevel: PlayLevel: Blueprint regeneration took 154 ms (3 blueprints)
[2017.02.14-09.07.35:566][584]LogPlayLevel: [PlayLevel] Compiling ExperimentState before play...
[2017.02.14-09.07.35:608][584]LogPlayLevel: PlayLevel: Blueprint regeneration took 197 ms (3 blueprints)
[2017.02.14-09.07.35:652][584]PIE: New page: PIE session: Untitled (Feb 14, 2017, 11:07:35 AM)
[2017.02.14-09.07.35:652][584]LogPlayLevel: Creating play world package: /Game/FirstPersonBP/Maps/UEDPIE_0_Untitled
[2017.02.14-09.07.35:655][584]LogPlayLevel: PIE: StaticDuplicateObject took: (0.002812s)
[2017.02.14-09.07.35:655][584]LogAIModule: Creating AISystem for world Untitled
[2017.02.14-09.07.35:655][584]LogPlayLevel: PIE: World Init took: (0.000637s)
[2017.02.14-09.07.35:656][584]LogPlayLevel: PIE: Created PIE world by copying editor world from /Game/FirstPersonBP/Maps/Untitled.Untitled to /Game/FirstPersonBP/Maps/UEDPIE_0_Untitled.Untitled (0.003641s)
[2017.02.14-09.07.35:699][584]LogInit: XAudio2 using 'Lautsprecher (Realtek High Definition Audio(SST))' : 2 channels at 48 kHz using 32 bits per sample (channel mask 0x3)
[2017.02.14-09.07.35:707][584]LogInit: FAudioDevice initialized.
[2017.02.14-09.07.35:741][584]LogWorld: Game class is 'Mouse_GameMode_C'
[2017.02.14-09.07.35:743][584]LogWorld: Bringing World /Game/FirstPersonBP/Maps/UEDPIE_0_Untitled.Untitled up for play (max tick rate 60) at 2017.02.14-10.07.35
[2017.02.14-09.07.35:743][584]LogActor:Warning: GameSession /Game/FirstPersonBP/Maps/UEDPIE_0_Untitled.Untitled:PersistentLevel.GameSession_1 has natively added scene component(s), but none of them were set as the actor's RootComponent - picking one arbitrarily
[2017.02.14-09.07.35:743][584]LogActor:Warning: GameNetworkManager /Game/FirstPersonBP/Maps/UEDPIE_0_Untitled.Untitled:PersistentLevel.GameNetworkManager_1 has natively added scene component(s), but none of them were set as the actor's RootComponent - picking one arbitrarily
[2017.02.14-09.07.35:743][584]LogWorld: Bringing up level for play took: 0.001613
[2017.02.14-09.07.35:749][584]LogBlueprintUserMessages: [ExperimentState_C_0] Sucess
[2017.02.14-09.07.35:749][584]PIE: Info Play in editor start time for /Game/FirstPersonBP/Maps/UEDPIE_0_Untitled -0.003
[2017.02.14-09.07.35:749][584]LogBlueprintUserMessages: Late PlayInEditor Detection: Level '/Game/FirstPersonBP/Maps/Untitled.Untitled:PersistentLevel' has LevelScriptBlueprint '/Game/FirstPersonBP/Maps/Untitled.Untitled:PersistentLevel.Untitled' with GeneratedClass '/Game/FirstPersonBP/Maps/Untitled.Untitled_C' with ClassGeneratedBy '/Game/FirstPersonBP/Maps/Untitled.Untitled:PersistentLevel.Untitled'
[2017.02.14-09.07.48:149][319]LogBlueprintUserMessages: Early EndPlayMap Detection: Level '/Game/FirstPersonBP/Maps/Untitled.Untitled:PersistentLevel' has LevelScriptBlueprint '/Game/FirstPersonBP/Maps/Untitled.Untitled:PersistentLevel.Untitled' with GeneratedClass '/Game/FirstPersonBP/Maps/Untitled.Untitled_C' with ClassGeneratedBy '/Game/FirstPersonBP/Maps/Untitled.Untitled:PersistentLevel.Untitled'
[2017.02.14-09.07.48:184][319]LogBlueprintUserMessages: Late EndPlayMap Detection: Level '/Game/FirstPersonBP/Maps/Untitled.Untitled:PersistentLevel' has LevelScriptBlueprint '/Game/FirstPersonBP/Maps/Untitled.Untitled:PersistentLevel.Untitled' with GeneratedClass '/Game/FirstPersonBP/Maps/Untitled.Untitled_C' with ClassGeneratedBy '/Game/FirstPersonBP/Maps/Untitled.Untitled:PersistentLevel.Untitled'
[2017.02.14-09.07.48:249][319]LogParticles: Destroying 0 GPU particle simulations for FXSystem 0x0000026FC78CD800
[2017.02.14-09.07.53:857][523]Cmd: OBJ SAVEPACKAGE PACKAGE="/Game/UMG/MainView" FILE="D:/Github/Forschungsseminar/Content/UMG/MainView.uasset" SILENT=true
[2017.02.14-09.07.54:051][523]LogSavePackage: Save=40.949730ms
[2017.02.14-09.07.54:052][523]LogSavePackage: Moving 'D:/Github/Forschungsseminar/Saved/MainView6BFAC1454E50C84A3DDAB1B0E5C4B731.tmp' to 'D:/Github/Forschungsseminar/Content/UMG/MainView.uasset'
[2017.02.14-09.07.54:055][523]LogSavePackage: Total save time: 196.801580ms
[2017.02.14-09.07.54:055][523]LogSavePackage:Display: Finished SavePackage D:/Github/Forschungsseminar/Content/UMG/MainView.uasset
[2017.02.14-09.07.54:168][523]Cmd: OBJ SAVEPACKAGE PACKAGE="/Game/FirstPersonBP/Maps/Untitled" FILE="D:/Github/Forschungsseminar/Saved/Autosaves/Game/FirstPersonBP/Maps/UEDPCUntitled.umap" SILENT=true AUTOSAVING=true KEEPDIRTY=true
[2017.02.14-09.07.54:253][523]LogSavePackage: Save=66.631905ms
[2017.02.14-09.07.54:253][523]LogSavePackage: Moving 'D:/Github/Forschungsseminar/Saved/UEDPCUntitled7399D1134E2656A7462A2BB5D2C2D82E.tmp' to 'D:/Github/Forschungsseminar/Saved/Autosaves/Game/FirstPersonBP/Maps/UEDPCUntitled.umap'
[2017.02.14-09.07.54:255][523]LogSavePackage: Total save time: 86.236838ms
[2017.02.14-09.07.54:255][523]LogSavePackage:Display: Finished SavePackage D:/Github/Forschungsseminar/Saved/Autosaves/Game/FirstPersonBP/Maps/UEDPCUntitled.umap
[2017.02.14-09.13.11:366][741]LogDirectoryWatcher:Warning: Failed to begin reading directory changes for D:/Github/Forschungsseminar/Plugins/. Error: 0
[2017.02.14-09.16.36:209][304]LogParticles: Destroying 0 GPU particle simulations for FXSystem 0x0000026FB41E6020
[2017.02.14-09.16.36:282][304]LogWindowsTextInputMethodSystem:Display: IME system now deactivated.
[2017.02.14-09.16.36:497][305]Cmd: QUIT_EDITOR
[2017.02.14-09.16.37:215][305]LogExit: Preparing to exit.
[2017.02.14-09.16.38:433][305]LogExit: Editor shut down
[2017.02.14-09.16.38:433][305]LogExit: Transaction tracking system shut down
[2017.02.14-09.16.38:446][305]LogParticles: Destroying 0 GPU particle simulations for FXSystem 0x0000026FB41E6D40
[2017.02.14-09.16.38:447][305]LogParticles: Destroying 0 GPU particle simulations for FXSystem 0x0000026FE90E8D60
[2017.02.14-09.16.38:448][305]LogParticles: Destroying 0 GPU particle simulations for FXSystem 0x0000026F9560B880
[2017.02.14-09.16.38:448][305]LogParticles: Destroying 0 GPU particle simulations for FXSystem 0x0000026F94AD2A20
[2017.02.14-09.16.38:448][305]LogParticles: Destroying 0 GPU particle simulations for FXSystem 0x0000026FA75EDA80
[2017.02.14-09.16.38:451][305]LogParticles: Destroying 0 GPU particle simulations for FXSystem 0x0000026FC3606B60
[2017.02.14-09.16.38:622][305]LogExit: Object subsystem successfully closed.
[2017.02.14-09.16.38:632][305]LogD3D11RHI: Shutdown
[2017.02.14-09.16.38:632][305]LogD3D11RHI: CleanupD3DDevice
[2017.02.14-09.16.38:735][305]LogD3D11RHI: ~FD3D11DynamicRHI
[2017.02.14-09.16.38:761][305]LogModuleManager: Shutting down and abandoning module CookingStats (201)
[2017.02.14-09.16.38:761][305]LogModuleManager: Shutting down and abandoning module SequencerWidgets (200)
[2017.02.14-09.16.38:761][305]LogModuleManager: Shutting down and abandoning module BlueprintGraph (199)
[2017.02.14-09.16.38:761][305]LogModuleManager: Shutting down and abandoning module CrashTracker (198)
[2017.02.14-09.16.38:761][305]LogModuleManager: Shutting down and abandoning module SceneOutliner (197)
[2017.02.14-09.16.38:761][305]LogModuleManager: Shutting down and abandoning module SuperSearch (196)
[2017.02.14-09.16.38:761][305]LogModuleManager: Shutting down and abandoning module WidgetCarousel (195)
[2017.02.14-09.16.38:761][305]LogModuleManager: Shutting down and abandoning module AddContentDialog (194)
[2017.02.14-09.16.38:763][305]LogModuleManager: Shutting down and abandoning module EditorWidgets (193)
[2017.02.14-09.16.38:763][305]LogModuleManager: Shutting down and abandoning module CollectionManager (192)
[2017.02.14-09.16.38:763][305]LogModuleManager: Shutting down and abandoning module StatsViewer (191)
[2017.02.14-09.16.38:763][305]LogModuleManager: Shutting down and abandoning module FoliageEdit (190)
[2017.02.14-09.16.38:763][305]LogModuleManager: Shutting down and abandoning module LandscapeEditor (189)
[2017.02.14-09.16.38:764][305]LogModuleManager: Shutting down and abandoning module ActorPickerMode (188)
[2017.02.14-09.16.38:764][305]LogModuleManager: Shutting down and abandoning module GeometryMode (187)
[2017.02.14-09.16.38:764][305]LogModuleManager: Shutting down and abandoning module TextureAlignMode (186)
[2017.02.14-09.16.38:764][305]LogModuleManager: Shutting down and abandoning module BspMode (185)
[2017.02.14-09.16.38:764][305]LogModuleManager: Shutting down and abandoning module PlacementMode (184)
[2017.02.14-09.16.38:764][305]LogModuleManager: Shutting down and abandoning module AutomationWorker (183)
[2017.02.14-09.16.38:764][305]LogModuleManager: Shutting down and abandoning module CharacterAI (182)
[2017.02.14-09.16.38:764][305]LogModuleManager: Shutting down and abandoning module SmartSnapping (181)
[2017.02.14-09.16.38:764][305]LogModuleManager: Shutting down and abandoning module ViewportSnapping (180)
[2017.02.14-09.16.38:764][305]LogModuleManager: Shutting down and abandoning module LogVisualizer (179)
[2017.02.14-09.16.38:764][305]LogModuleManager: Shutting down and abandoning module GameProjectGeneration (178)
[2017.02.14-09.16.38:766][305]LogModuleManager: Shutting down and abandoning module IntroTutorials (177)
[2017.02.14-09.16.38:766][305]LogModuleManager: Shutting down and abandoning module EditorLiveStreaming (176)
[2017.02.14-09.16.38:766][305]LogModuleManager: Shutting down and abandoning module IOSPlatformEditor (175)
[2017.02.14-09.16.38:766][305]LogModuleManager: Shutting down and abandoning module HTML5PlatformEditor (174)
[2017.02.14-09.16.38:766][305]LogModuleManager: Shutting down and abandoning module AndroidDeviceDetection (173)
[2017.02.14-09.16.39:708][305]LogModuleManager: Shutting down and abandoning module AndroidPlatformEditor (172)
[2017.02.14-09.16.39:708][305]LogModuleManager: Shutting down and abandoning module IOSRuntimeSettings (171)
[2017.02.14-09.16.39:708][305]LogModuleManager: Shutting down and abandoning module AndroidRuntimeSettings (170)
[2017.02.14-09.16.39:708][305]LogModuleManager: Shutting down and abandoning module MergeActors (169)
[2017.02.14-09.16.39:708][305]LogModuleManager: Shutting down and abandoning module SizeMap (168)
[2017.02.14-09.16.39:708][305]LogModuleManager: Shutting down and abandoning module TreeMap (167)
[2017.02.14-09.16.39:708][305]LogModuleManager: Shutting down and abandoning module ReferenceViewer (166)
[2017.02.14-09.16.39:708][305]LogModuleManager: Shutting down and abandoning module LocalizationService (165)
[2017.02.14-09.16.39:708][305]LogModuleManager: Shutting down and abandoning module LocalizationDashboard (164)
[2017.02.14-09.16.39:713][305]LogModuleManager: Shutting down and abandoning module HardwareTargeting (163)
[2017.02.14-09.16.39:713][305]LogModuleManager: Shutting down and abandoning module DeviceProfileEditor (162)
[2017.02.14-09.16.39:713][305]LogModuleManager: Shutting down and abandoning module UndoHistory (161)
[2017.02.14-09.16.39:713][305]LogModuleManager: Shutting down and abandoning module GameplayTagsEditor (160)
[2017.02.14-09.16.39:713][305]LogModuleManager: Shutting down and abandoning module UserFeedback (159)
[2017.02.14-09.16.39:713][305]LogModuleManager: Shutting down and abandoning module XmlParser (158)
[2017.02.14-09.16.39:713][305]LogModuleManager: Shutting down and abandoning module Blutility (157)
[2017.02.14-09.16.39:713][305]LogModuleManager: Shutting down and abandoning module ProjectTargetPlatformEditor (156)
[2017.02.14-09.16.39:713][305]LogModuleManager: Shutting down and abandoning module ProjectSettingsViewer (155)
[2017.02.14-09.16.39:713][305]LogModuleManager: Shutting down and abandoning module InputBindingEditor (154)
[2017.02.14-09.16.39:713][305]LogModuleManager: Shutting down and abandoning module EditorSettingsViewer (153)
[2017.02.14-09.16.39:713][305]LogModuleManager: Shutting down and abandoning module SettingsEditor (152)
[2017.02.14-09.16.39:713][305]LogModuleManager: Shutting down and abandoning module ProjectLauncher (151)
[2017.02.14-09.16.39:714][305]LogModuleManager: Shutting down and abandoning module SessionFrontend (150)
[2017.02.14-09.16.39:714][305]LogModuleManager: Shutting down and abandoning module ProfilerClient (149)
[2017.02.14-09.16.39:716][305]LogModuleManager: Shutting down and abandoning module TargetDeviceServices (148)
[2017.02.14-09.16.39:716][305]LogModuleManager: Shutting down and abandoning module DeviceManager (147)
[2017.02.14-09.16.39:716][305]LogModuleManager: Shutting down and abandoning module AutomationController (146)
[2017.02.14-09.16.39:716][305]LogModuleManager: Shutting down and abandoning module AutomationWindow (145)
[2017.02.14-09.16.39:717][305]LogModuleManager: Shutting down and abandoning module Layers (144)
[2017.02.14-09.16.39:718][305]LogModuleManager: Shutting down and abandoning module ComponentVisualizers (143)
[2017.02.14-09.16.39:718][305]LogModuleManager: Shutting down and abandoning module DetailCustomizations (142)
[2017.02.14-09.16.39:718][305]LogModuleManager: Shutting down and abandoning module PackagesDialog (141)
[2017.02.14-09.16.39:718][305]LogModuleManager: Shutting down and abandoning module Persona (140)
[2017.02.14-09.16.39:720][305]LogModuleManager: Shutting down and abandoning module Kismet (139)
[2017.02.14-09.16.39:720][305]LogModuleManager: Shutting down and abandoning module GraphEditor (138)
[2017.02.14-09.16.39:721][305]LogModuleManager: Shutting down and abandoning module ClassViewer (137)
[2017.02.14-09.16.39:721][305]LogModuleManager: Shutting down and abandoning module Toolbox (136)
[2017.02.14-09.16.39:721][305]LogModuleManager: Shutting down and abandoning module ModuleUI (135)
[2017.02.14-09.16.39:722][305]LogModuleManager: Shutting down and abandoning module MovieSceneTools (134)
[2017.02.14-09.16.39:722][305]LogModuleManager: Shutting down and abandoning module OutputLog (133)
[2017.02.14-09.16.39:722][305]LogModuleManager: Shutting down and abandoning module GammaUI (132)
[2017.02.14-09.16.39:722][305]LogModuleManager: Shutting down and abandoning module Documentation (131)
[2017.02.14-09.16.39:722][305]LogModuleManager: Shutting down and abandoning module GameLiveStreaming (130)
[2017.02.14-09.16.39:722][305]LogModuleManager: Shutting down and abandoning module StreamingPauseRendering (129)
[2017.02.14-09.16.39:722][305]LogModuleManager: Shutting down and abandoning module AnalyticsET (128)
[2017.02.14-09.16.39:722][305]LogModuleManager: Shutting down and abandoning module Analytics (127)
[2017.02.14-09.16.39:722][305]LogModuleManager: Shutting down and abandoning module AITestSuite (126)
[2017.02.14-09.16.39:722][305]LogModuleManager: Shutting down and abandoning module GameplayDebugger (125)
[2017.02.14-09.16.39:722][305]LogModuleManager: Shutting down and abandoning module AIModule (124)
[2017.02.14-09.16.39:722][305]LogModuleManager: Shutting down and abandoning module ProfilerService (123)
[2017.02.14-09.16.39:969][305]LogModuleManager: Shutting down and abandoning module TaskGraph (122)
[2017.02.14-09.16.39:969][305]LogModuleManager: Shutting down and abandoning module SlateRemote (121)
[2017.02.14-09.16.39:969][305]LogModuleManager: Shutting down and abandoning module SteamVRController (120)
[2017.02.14-09.16.39:969][305]LogModuleManager: Shutting down and abandoning module SteamVR (119)
[2017.02.14-09.16.39:969][305]LogModuleManager: Shutting down and abandoning module ProceduralMeshComponent (118)
[2017.02.14-09.16.39:969][305]LogModuleManager: Shutting down and abandoning module OculusLibrary (117)
[2017.02.14-09.16.39:969][305]LogModuleManager: Shutting down and abandoning module OculusInput (116)
[2017.02.14-09.16.39:969][305]LogModuleManager: Shutting down and abandoning module LeapMotionController (115)
[2017.02.14-09.16.39:991][305]LogModuleManager: Shutting down and abandoning module CustomMeshComponent (114)
[2017.02.14-09.16.39:991][305]LogModuleManager: Shutting down and abandoning module CableComponent (113)
[2017.02.14-09.16.39:991][305]LogModuleManager: Shutting down and abandoning module ArchVisCharacter (112)
[2017.02.14-09.16.39:991][305]LogModuleManager: Shutting down and abandoning module MessagingDebugger (111)
[2017.02.14-09.16.39:997][305]LogModuleManager: Shutting down and abandoning module MediaPlayerEditor (110)
[2017.02.14-09.16.39:997][305]LogModuleManager: Shutting down and abandoning module HTML5Networking (109)
[2017.02.14-09.16.39:997][305]LogModuleManager: Shutting down and abandoning module SpeedTreeImporter (108)
[2017.02.14-09.16.39:997][305]LogModuleManager: Shutting down and abandoning module PluginBrowser (107)
[2017.02.14-09.16.39:997][305]LogModuleManager: Shutting down and abandoning module EpicSurvey (106)
[2017.02.14-09.16.39:997][305]LogModuleManager: Shutting down and abandoning module DesktopPlatform (105)
[2017.02.14-09.16.39:997][305]LogModuleManager: Shutting down and abandoning module VisualStudioSourceCodeAccess (104)
[2017.02.14-09.16.39:997][305]LogModuleManager: Shutting down and abandoning module UObjectPlugin (103)
[2017.02.14-09.16.39:997][305]LogModuleManager: Shutting down and abandoning module SubversionSourceControl (102)
[2017.02.14-09.16.39:997][305]LogModuleManager: Shutting down and abandoning module PerforceSourceControl (101)
[2017.02.14-09.16.39:997][305]LogModuleManager: Shutting down and abandoning module SourceControl (100)
[2017.02.14-09.16.39:997][305]LogModuleManager: Shutting down and abandoning module GitSourceControl (99)
[2017.02.14-09.16.39:997][305]LogModuleManager: Shutting down and abandoning module LightPropagationVolumeEditor (98)
[2017.02.14-09.16.39:997][305]LogModuleManager: Shutting down and abandoning module PaperTiledImporter (97)
[2017.02.14-09.16.39:997][305]LogModuleManager: Shutting down and abandoning module PaperSpriteSheetImporter (96)
[2017.02.14-09.16.39:997][305]LogModuleManager: Shutting down and abandoning module MeshPaint (95)
[2017.02.14-09.16.39:997][305]LogModuleManager: Shutting down and abandoning module SlateReflector (94)
[2017.02.14-09.16.39:998][305]LogModuleManager: Shutting down and abandoning module HotReload (93)
[2017.02.14-09.16.39:998][305]LogModuleManager: Shutting down and abandoning module MainFrame (92)
[2017.02.14-09.16.39:998][305]LogModuleManager: Shutting down and abandoning module LevelEditor (91)
[2017.02.14-09.16.39:999][305]LogModuleManager: Shutting down and abandoning module DirectoryWatcher (90)
[2017.02.14-09.16.40:001][305]LogModuleManager: Shutting down and abandoning module AssetRegistry (89)
[2017.02.14-09.16.40:122][305]LogModuleManager: Shutting down and abandoning module ContentBrowser (88)
[2017.02.14-09.16.40:123][305]LogModuleManager: Shutting down and abandoning module Paper2DEditor (87)
[2017.02.14-09.16.40:128][305]LogModuleManager: Shutting down and abandoning module UdpMessaging (86)
[2017.02.14-09.16.40:228][305]LogModuleManager: Shutting down and abandoning module LightPropagationVolumeRuntime (85)
[2017.02.14-09.16.40:228][305]LogModuleManager: Shutting down and abandoning module Paper2D (84)
[2017.02.14-09.16.40:228][305]LogModuleManager: Shutting down and abandoning module WindowsMoviePlayer (83)
[2017.02.14-09.16.40:230][305]LogModuleManager: Shutting down and abandoning module Media (82)
[2017.02.14-09.16.40:230][305]LogModuleManager: Shutting down and abandoning module WmfMedia (81)
[2017.02.14-09.16.40:230][305]LogModuleManager: Shutting down and abandoning module OnlineBlueprintSupport (80)
[2017.02.14-09.16.40:230][305]LogModuleManager: Shutting down and abandoning module GameplayTasksEditor (79)
[2017.02.14-09.16.40:230][305]LogModuleManager: Shutting down and abandoning module PropertyEditor (78)
[2017.02.14-09.16.40:232][305]LogModuleManager: Shutting down and abandoning module BehaviorTreeEditor (77)
[2017.02.14-09.16.40:232][305]LogModuleManager: Shutting down and abandoning module FunctionalTesting (76)
[2017.02.14-09.16.40:232][305]LogModuleManager: Shutting down and abandoning module CollisionAnalyzer (75)
[2017.02.14-09.16.40:232][305]LogModuleManager: Shutting down and abandoning module WorkspaceMenuStructure (74)
[2017.02.14-09.16.40:232][305]LogModuleManager: Shutting down and abandoning module MessageLog (73)
[2017.02.14-09.16.40:232][305]LogModuleManager: Shutting down and abandoning module Sequencer (72)
[2017.02.14-09.16.40:232][305]LogModuleManager: Shutting down and abandoning module AssetTools (71)
[2017.02.14-09.16.40:232][305]LogModuleManager: Shutting down and abandoning module UMGEditor (70)
[2017.02.14-09.16.40:232][305]LogModuleManager: Shutting down and abandoning module UMG (69)
[2017.02.14-09.16.40:232][305]LogModuleManager: Shutting down and abandoning module Slate (68)
[2017.02.14-09.16.40:232][305]LogModuleManager: Shutting down and abandoning module EditorStyle (67)
[2017.02.14-09.16.40:234][305]LogModuleManager: Shutting down and abandoning module SessionServices (66)
[2017.02.14-09.16.40:234][305]LogModuleManager: Shutting down and abandoning module SourceCodeAccess (65)
[2017.02.14-09.16.40:234][305]LogModuleManager: Shutting down and abandoning module HeadMountedDisplay (64)
[2017.02.14-09.16.40:234][305]LogModuleManager: Shutting down and abandoning module XAudio2 (63)
[2017.02.14-09.16.40:234][305]LogModuleManager: Shutting down and abandoning module Networking (61)
[2017.02.14-09.16.40:234][305]LogModuleManager: Shutting down and abandoning module Core (60)
[2017.02.14-09.16.40:234][305]LogModuleManager: Shutting down and abandoning module KismetCompiler (59)
[2017.02.14-09.16.40:234][305]LogModuleManager: Shutting down and abandoning module PhysXFormats (58)
[2017.02.14-09.16.40:234][305]LogModuleManager: Shutting down and abandoning module MeshUtilities (57)
[2017.02.14-09.16.40:234][305]LogModuleManager: Shutting down and abandoning module DerivedDataCache (56)
[2017.02.14-09.16.40:316][305]LogDerivedDataCache: Shutdown
[2017.02.14-09.16.40:316][305]LogModuleManager: Shutting down and abandoning module ShaderFormatOpenGL (55)
[2017.02.14-09.16.40:316][305]LogModuleManager: Shutting down and abandoning module ShaderFormatD3D (54)
[2017.02.14-09.16.40:316][305]LogModuleManager: Shutting down and abandoning module MetalShaderFormat (53)
[2017.02.14-09.16.40:316][305]LogModuleManager: Shutting down and abandoning module TextureFormatUncompressed (52)
[2017.02.14-09.16.40:316][305]LogModuleManager: Shutting down and abandoning module TextureFormatPVR (51)
[2017.02.14-09.16.40:316][305]LogModuleManager: Shutting down and abandoning module TextureFormatIntelISPCTexComp (50)
[2017.02.14-09.16.40:316][305]LogModuleManager: Shutting down and abandoning module TextureFormatDXT (49)
[2017.02.14-09.16.40:316][305]LogModuleManager: Shutting down and abandoning module ImageWrapper (48)
[2017.02.14-09.16.40:316][305]LogModuleManager: Shutting down and abandoning module TextureFormatASTC (47)
[2017.02.14-09.16.40:316][305]LogModuleManager: Shutting down and abandoning module TextureFormatAndroid (46)
[2017.02.14-09.16.40:316][305]LogModuleManager: Shutting down and abandoning module AudioFormatOpus (45)
[2017.02.14-09.16.40:316][305]LogModuleManager: Shutting down and abandoning module AudioFormatOgg (44)
[2017.02.14-09.16.40:316][305]LogModuleManager: Shutting down and abandoning module AudioFormatADPCM (43)
[2017.02.14-09.16.40:316][305]LogModuleManager: Shutting down and abandoning module LinuxTargetPlatform (42)
[2017.02.14-09.16.40:316][305]LogModuleManager: Shutting down and abandoning module LinuxServerTargetPlatform (41)
[2017.02.14-09.16.40:316][305]LogModuleManager: Shutting down and abandoning module LinuxNoEditorTargetPlatform (40)
[2017.02.14-09.16.40:316][305]LogModuleManager: Shutting down and abandoning module Messaging (39)
[2017.02.14-09.16.40:316][305]LogModuleManager: Shutting down and abandoning module IOSTargetPlatform (38)
[2017.02.14-09.16.40:316][305]LogModuleManager: Shutting down and abandoning module HTML5TargetPlatform (37)
[2017.02.14-09.16.40:316][305]LogModuleManager: Shutting down and abandoning module Android_PVRTCTargetPlatform (36)
[2017.02.14-09.16.40:316][305]LogModuleManager: Shutting down and abandoning module Android_MultiTargetPlatform (35)
[2017.02.14-09.16.40:316][305]LogModuleManager: Shutting down and abandoning module Android_ETC2TargetPlatform (34)
[2017.02.14-09.16.40:316][305]LogModuleManager: Shutting down and abandoning module Android_ETC1TargetPlatform (33)
[2017.02.14-09.16.40:316][305]LogModuleManager: Shutting down and abandoning module Android_DXTTargetPlatform (32)
[2017.02.14-09.16.40:316][305]LogModuleManager: Shutting down and abandoning module Android_ATCTargetPlatform (31)
[2017.02.14-09.16.40:316][305]LogModuleManager: Shutting down and abandoning module Android_ASTCTargetPlatform (30)
[2017.02.14-09.16.40:316][305]LogModuleManager: Shutting down and abandoning module AndroidTargetPlatform (29)
[2017.02.14-09.16.40:316][305]LogModuleManager: Shutting down and abandoning module WindowsTargetPlatform (28)
[2017.02.14-09.16.40:316][305]LogModuleManager: Shutting down and abandoning module WindowsServerTargetPlatform (27)
[2017.02.14-09.16.40:316][305]LogModuleManager: Shutting down and abandoning module WindowsNoEditorTargetPlatform (26)
[2017.02.14-09.16.40:316][305]LogModuleManager: Shutting down and abandoning module WindowsClientTargetPlatform (25)
[2017.02.14-09.16.40:316][305]LogModuleManager: Shutting down and abandoning module AllDesktopTargetPlatform (24)
[2017.02.14-09.16.40:316][305]LogModuleManager: Shutting down and abandoning module TargetPlatform (23)
[2017.02.14-09.16.40:316][305]LogModuleManager: Shutting down and abandoning module InputCore (22)
[2017.02.14-09.16.40:316][305]LogModuleManager: Shutting down and abandoning module Settings (21)
[2017.02.14-09.16.40:316][305]LogModuleManager: Shutting down and abandoning module OnlineSubsystem (19)
[2017.02.14-09.16.40:316][305]LogModuleManager: Shutting down and abandoning module HTTP (18)
[2017.02.14-09.16.42:323][305]LogModuleManager: Shutting down and abandoning module XMPP (17)
[2017.02.14-09.16.42:323][305]LogModuleManager: Shutting down and abandoning module OculusRift (16)
[2017.02.14-09.16.42:323][305]LogModuleManager: Shutting down and abandoning module ExampleDeviceProfileSelector (15)
[2017.02.14-09.16.42:323][305]LogModuleManager: Shutting down and abandoning module TextureCompressor (14)
[2017.02.14-09.16.42:324][305]LogModuleManager: Shutting down and abandoning module ShaderCore (13)
[2017.02.14-09.16.42:324][305]LogModuleManager: Shutting down and abandoning module Landscape (12)
[2017.02.14-09.16.42:324][305]LogModuleManager: Shutting down and abandoning module SlateRHIRenderer (11)
[2017.02.14-09.16.42:327][305]LogModuleManager: Shutting down and abandoning module OpenGLDrv (10)
[2017.02.14-09.16.42:327][305]LogModuleManager: Shutting down and abandoning module D3D11RHI (9)
[2017.02.14-09.16.42:327][305]LogModuleManager: Shutting down and abandoning module AnimGraphRuntime (8)
[2017.02.14-09.16.42:327][305]LogModuleManager: Shutting down and abandoning module Renderer (7)
[2017.02.14-09.16.42:327][305]LogModuleManager: Shutting down and abandoning module Engine (6)
[2017.02.14-09.16.42:327][305]LogModuleManager: Shutting down and abandoning module CoreUObject (5)
[2017.02.14-09.16.42:327][305]LogModuleManager: Shutting down and abandoning module NetworkFile (4)
[2017.02.14-09.16.42:327][305]LogModuleManager: Shutting down and abandoning module StreamingFile (3)
[2017.02.14-09.16.42:327][305]LogModuleManager: Shutting down and abandoning module SandboxFile (2)
[2017.02.14-09.16.42:327][305]LogModuleManager: Shutting down and abandoning module PakFile (1)
[2017.02.14-09.16.42:328][305]LogExit: Exiting.
[2017.02.14-09.16.42:329][305]Log file closed, 02/14/17 10:16:42
