[2017.02.14-09.24.49:299][  0]Log file open, 02/14/17 10:24:49
[2017.02.14-09.24.49:299][  0]LogInit:Display: Running engine for game: Highlight
[2017.02.14-09.24.49:299][  0]LogPlatformFile: Not using cached read wrapper
[2017.02.14-09.24.49:299][  0]LogInit:Display: RandInit(-1435749725) SRandInit(-1435749723).
[2017.02.14-09.24.49:299][  0]LogTaskGraph: Started task graph with 4 named threads and 5 total threads.
[2017.02.14-09.24.49:299][  0]LogStats: Stats thread started at 0.070826
[2017.02.14-09.24.49:299][  0]LogInit: Version: 4.10.4-2872498+++depot+UE4-Releases+4.10
[2017.02.14-09.24.49:299][  0]LogInit: API Version: 2758231
[2017.02.14-09.24.49:299][  0]LogInit: Compiled (64-bit): Feb 18 2016 15:47:04
[2017.02.14-09.24.49:299][  0]LogInit: Compiled with Visual C++: 19.00.23026.00
[2017.02.14-09.24.49:299][  0]LogInit: Build Configuration: Development
[2017.02.14-09.24.49:299][  0]LogInit: Branch Name: ++depot+UE4-Releases+4.10
[2017.02.14-09.24.49:299][  0]LogInit: Command line:  
[2017.02.14-09.24.49:299][  0]LogInit: Base directory: C:/Program Files (x86)/Epic Games/4.10/Engine/Binaries/Win64/
[2017.02.14-09.24.49:299][  0]LogInit: Rocket: 1
[2017.02.14-09.24.49:309][  0]LogInit: Using libcurl 7.41.0
[2017.02.14-09.24.49:309][  0]LogInit:  - built for x86_64-pc-win32
[2017.02.14-09.24.49:309][  0]LogInit:  - supports SSL with WinSSL
[2017.02.14-09.24.49:309][  0]LogInit:  - other features:
[2017.02.14-09.24.49:309][  0]LogInit:      CURL_VERSION_SSL
[2017.02.14-09.24.49:309][  0]LogInit:      CURL_VERSION_IPV6
[2017.02.14-09.24.49:309][  0]LogInit:      CURL_VERSION_ASYNCHDNS
[2017.02.14-09.24.49:309][  0]LogInit:      CURL_VERSION_LARGEFILE
[2017.02.14-09.24.49:309][  0]LogInit:      CURL_VERSION_IDN
[2017.02.14-09.24.49:309][  0]LogInit:  CurlRequestOptions (configurable via config and command line):
[2017.02.14-09.24.49:309][  0]LogInit:  - bVerifyPeer = true  - Libcurl will verify peer certificate
[2017.02.14-09.24.49:309][  0]LogInit:  - bUseHttpProxy = false  - Libcurl will NOT use HTTP proxy
[2017.02.14-09.24.49:309][  0]LogInit:  - bDontReuseConnections = false  - Libcurl will reuse connections
[2017.02.14-09.24.49:309][  0]LogInit:  - CertBundlePath = nullptr  - Libcurl will use whatever was configured at build time.
[2017.02.14-09.24.49:323][  0]LogInit: Presizing for 0 objects not considered by GC, pre-allocating 0 bytes.
[2017.02.14-09.24.49:330][  0]LogInit: Object subsystem initialized
[2017.02.14-09.24.49:332][  0]LogInit: Selected Device Profile: [Windows]
[2017.02.14-09.24.49:332][  0]LogInit: Applying CVar settings loaded from the selected device profile: [Windows]
[2017.02.14-09.24.49:341][  0]LogInit: Computer: LAPTOP-ELQTR10M
[2017.02.14-09.24.49:341][  0]LogInit: User: danie
[2017.02.14-09.24.49:341][  0]LogInit: CPU Page size=4096, Cores=2
[2017.02.14-09.24.49:341][  0]LogInit: High frequency timer resolution =2.531250 MHz
[2017.02.14-09.24.49:341][  0]LogMemory: Memory total: Physical=7.9GB (8GB approx)
[2017.02.14-09.24.49:341][  0]LogMemory: Platform Memory Stats for Windows
[2017.02.14-09.24.49:341][  0]LogMemory: Process Physical Memory: 55.84 MB used, 55.84 MB peak
[2017.02.14-09.24.49:341][  0]LogMemory: Process Virtual Memory: 55.52 MB used, 55.52 MB peak
[2017.02.14-09.24.49:341][  0]LogMemory: Physical Memory: 3876.65 MB used, 8105.91 MB total
[2017.02.14-09.24.49:341][  0]LogMemory: Virtual Memory: 380.97 MB used, 134217728.00 MB total
[2017.02.14-09.24.49:390][  0]LogTextLocalizationManager: No translations for ('de-DE') exist, falling back to 'en' for localization and internationalization data.
[2017.02.14-09.24.50:002][  0]LogD3D11RHI: Found D3D11 adapter 0: NVIDIA GeForce GTX 950M      (Feature Level 11_0)
[2017.02.14-09.24.50:002][  0]LogD3D11RHI: Adapter has 4037MB of dedicated video memory, 0MB of dedicated system memory, and 4052MB of shared system memory, 1 output[s]
[2017.02.14-09.24.50:009][  0]LogD3D11RHI: Found D3D11 adapter 1: Intel(R) HD Graphics 520 (Feature Level 11_0)
[2017.02.14-09.24.50:009][  0]LogD3D11RHI: Adapter has 128MB of dedicated video memory, 0MB of dedicated system memory, and 4052MB of shared system memory, 0 output[s]
[2017.02.14-09.24.50:011][  0]LogD3D11RHI: Found D3D11 adapter 2: Microsoft Basic Render Driver (Feature Level 11_0)
[2017.02.14-09.24.50:011][  0]LogD3D11RHI: Adapter has 0MB of dedicated video memory, 0MB of dedicated system memory, and 4052MB of shared system memory, 0 output[s]
[2017.02.14-09.24.50:011][  0]LogD3D11RHI: Chosen D3D11 Adapter Id = 0
[2017.02.14-09.24.50:016][  0]LogD3D11RHI: !Direct3DDevice
[2017.02.14-09.24.50:016][  0]LogRHI: Texture pool is 1361 MB (70% of 1945 MB)
[2017.02.14-09.24.50:036][  0]LogD3D11RHI: Async texture creation enabled
[2017.02.14-09.24.50:051][  0]LogShaderCompilers: Guid format shader working directory is 18 characters bigger than the processId version (D:/Github/Forschungsseminar/Intermediate/Shaders/WorkingDirectory/12752/).
[2017.02.14-09.24.50:051][  0]LogShaderCompilers: Cleaned the shader compiler working directory 'C:/Users/danie/AppData/Local/Temp/UnrealShaderWorkingDir/3C078AD14484CABC316AD4B2EAFBEA33/'.
[2017.02.14-09.24.50:051][  0]LogShaderCompilers:Display: Using Local Shader Compiler.
[2017.02.14-09.24.50:919][  0]LogTemp:Display: Loaded TP AllDesktopTargetPlatform
[2017.02.14-09.24.50:924][  0]LogTemp:Display: Loaded TP WindowsClientTargetPlatform
[2017.02.14-09.24.50:930][  0]LogTemp:Display: Loaded TP WindowsNoEditorTargetPlatform
[2017.02.14-09.24.50:936][  0]LogTemp:Display: Loaded TP WindowsServerTargetPlatform
[2017.02.14-09.24.50:941][  0]LogTemp:Display: Loaded TP WindowsTargetPlatform
[2017.02.14-09.24.50:944][  0]LogTemp:Display: Loaded TP AndroidTargetPlatform
[2017.02.14-09.24.50:947][  0]LogTemp:Display: Loaded TP Android_ASTCTargetPlatform
[2017.02.14-09.24.50:951][  0]LogTemp:Display: Loaded TP Android_ATCTargetPlatform
[2017.02.14-09.24.50:954][  0]LogTemp:Display: Loaded TP Android_DXTTargetPlatform
[2017.02.14-09.24.50:957][  0]LogTemp:Display: Loaded TP Android_ETC1TargetPlatform
[2017.02.14-09.24.50:961][  0]LogTemp:Display: Loaded TP Android_ETC2TargetPlatform
[2017.02.14-09.24.50:969][  0]LogTemp:Display: Loaded TP Android_MultiTargetPlatform
[2017.02.14-09.24.50:969][  0]LogTemp:Display: Loaded TP Android_PVRTCTargetPlatform
[2017.02.14-09.24.50:970][  0]LogTemp:Display: Loaded TP HTML5TargetPlatform
[2017.02.14-09.24.50:988][  0]LogTemp:Display: Loaded TP IOSTargetPlatform
[2017.02.14-09.24.50:991][  0]LogTemp:Display: Loaded TP LinuxNoEditorTargetPlatform
[2017.02.14-09.24.50:994][  0]LogTemp:Display: Loaded TP LinuxServerTargetPlatform
[2017.02.14-09.24.50:997][  0]LogTemp:Display: Loaded TP LinuxTargetPlatform
[2017.02.14-09.24.50:997][  0]LogTargetPlatformManager:Display: Building Assets For Windows
[2017.02.14-09.24.51:100][  0]LogDerivedDataCache:Display: Max Cache Size: 512 MB
[2017.02.14-09.24.51:144][  0]LogDerivedDataCache: Loaded boot cache 0.04s 41MB C:/Users/danie/AppData/Local/UnrealEngine/4.10/DerivedDataCache/Boot.ddc.
[2017.02.14-09.24.51:144][  0]LogDerivedDataCache:Display: Loaded Boot cache: C:/Users/danie/AppData/Local/UnrealEngine/4.10/DerivedDataCache/Boot.ddc
[2017.02.14-09.24.51:144][  0]LogDerivedDataCache: FDerivedDataBackendGraph:  Pak pak cache file D:/Github/Forschungsseminar/DerivedDataCache/DDC.ddp not found, will not use a pak cache.
[2017.02.14-09.24.51:144][  0]LogDerivedDataCache: Unable to find inner node Pak for hierarchical cache Hierarchy.
[2017.02.14-09.24.51:144][  0]LogDerivedDataCache: FDerivedDataBackendGraph:  CompressedPak pak cache file D:/Github/Forschungsseminar/DerivedDataCache/Compressed.ddp not found, will not use a pak cache.
[2017.02.14-09.24.51:144][  0]LogDerivedDataCache: Unable to find inner node CompressedPak for hierarchical cache Hierarchy.
[2017.02.14-09.24.51:210][  0]LogDerivedDataCache:Display: Pak cache opened for reading ../../../Engine/DerivedDataCache/Compressed.ddp.
[2017.02.14-09.24.51:223][  0]LogDerivedDataCache: Using Local data cache path C:/Users/danie/AppData/Local/UnrealEngine/Common/DerivedDataCache: Writable
[2017.02.14-09.24.51:417][  0]LogInit: Selected Device Profile: [Windows]
[2017.02.14-09.24.51:419][  0]LogContentStreaming: Texture pool size is 0.000000MB
[2017.02.14-09.24.51:539][  0]LogMeshUtilities: No automatic mesh reduction module available
[2017.02.14-09.24.51:539][  0]LogMeshUtilities: No automatic mesh merging module available
[2017.02.14-09.24.51:779][  0]LogInit: WinSock: version 1.1 (2.2), MaxSocks=32767, MaxUdp=65467
[2017.02.14-09.24.52:619][  0]UdpMessaging: Initializing bridge on interface 0.0.0.0:0 to multicast group 230.0.0.1:6666.
[2017.02.14-09.24.52:721][  0]LogAssetRegistry: FAssetRegistry took 0.0113 seconds to start up
[2017.02.14-09.24.52:724][  0]LogDirectoryWatcher:Warning: Failed to begin reading directory changes for ../../../Engine/Plugins/Marketplace/LogitechG/Content/. Error: 0
[2017.02.14-09.24.52:930][  0]SourceControl: Info Source control is disabled
[2017.02.14-09.24.52:989][  0]SourceControl: Info Source control is disabled
[2017.02.14-09.24.53:005][  0]SourceControl: Info Source control is disabled
[2017.02.14-09.24.53:023][  0]SourceControl: Info Source control is disabled
[2017.02.14-09.24.53:325][  0]LogObj: 28633 objects as part of root set at end of initial load.
[2017.02.14-09.24.53:325][  0]LogUObjectAllocator: 6099744 out of 0 bytes used by permanent object pool.
[2017.02.14-09.24.53:387][  0]LogEngine: Initializing Engine...
[2017.02.14-09.24.53:390][  0]LogHMD: Can't find Oculus library dev build: is proper Runtime installed? Version: 0.8.0.0
[2017.02.14-09.24.53:391][  0]LogHMD: SteamVR failed to initialize.  Err: 110
[2017.02.14-09.24.53:514][  0]LogAIModule: Creating AISystem for world NewWorld
[2017.02.14-09.24.53:519][  0]LogInit: XAudio2 using 'Lautsprecher (Realtek High Definition Audio(SST))' : 2 channels at 48 kHz using 32 bits per sample (channel mask 0x3)
[2017.02.14-09.24.53:711][  0]LogInit: FAudioDevice initialized.
[2017.02.14-09.24.53:734][  0]LogDerivedDataCache: Saved boot cache 0.02s 41MB C:/Users/danie/AppData/Local/UnrealEngine/4.10/DerivedDataCache/Boot.ddc.
[2017.02.14-09.24.53:736][  0]LogInit: Texture streaming: Enabled
[2017.02.14-09.24.53:743][  0]LogAnalytics: Creating configured Analytics provider AnalyticsET
[2017.02.14-09.24.53:743][  0]LogAnalytics: [UEEditor.Rocket.Release] APIServer = http://et2.epicgames.com/ET2/. AppVersion = 4.10.4-2872498+++depot+UE4-Releases+4.10
[2017.02.14-09.24.53:743][  0]LogAnalytics: [UEEditor.Rocket.Release] SetUserId 1a4e72b84605f241aedbd0856a2b1682|6de05fa92587480fb7882ffc140bd849|705478e5-d4b4-468d-9618-97abfa4f769e
[2017.02.14-09.24.53:743][  0]LogAnalytics: [UEEditor.Rocket.Release] AnalyticsET::StartSession
[2017.02.14-09.24.53:754][  0]LogInit: Transaction tracking system initialized
[2017.02.14-09.24.53:791][  0]BlueprintLog: New page: Editor Load
[2017.02.14-09.24.54:895][  0]LocalizationService: Info Localization service is disabled
[2017.02.14-09.24.54:989][  0]LogConsoleResponse:Display: 
[2017.02.14-09.24.55:126][  0]LogCook:Display: Done creating registry. It took  0.00s.
[2017.02.14-09.24.55:205][  0]LogFileCache: Scanning file cache for directory 'D:/Github/Forschungsseminar/Content/' took 0.01s
[2017.02.14-09.24.55:205][  0]SourceControl: Info Source control is disabled
[2017.02.14-09.24.55:205][  0]Cmd: MAP LOAD FILE="D:/Github/Forschungsseminar/Content/FirstPersonBP/Maps/FirstPersonExampleMap.umap" TEMPLATE=0 SHOWPROGRESS=1 FEATURELEVEL=3
[2017.02.14-09.24.55:205][  0]LightingResults: New page: Lighting Build
[2017.02.14-09.24.55:209][  0]MapCheck: New page: Map Check
[2017.02.14-09.24.55:209][  0]LightingResults: New page: Lighting Build
[2017.02.14-09.24.55:228][  0]LogParticles: Destroying 0 GPU particle simulations for FXSystem 0x0000012D6826E020
[2017.02.14-09.24.55:717][  0]LogBlueprint:Error: [compiler FirstPersonExampleMap] Error This blueprint (self) is not a GameplayTaskOwnerInterface, therefore ' Task Owner ' must have a connection.
[2017.02.14-09.24.55:717][  0]LogBlueprint:Warning: [compiler FirstPersonExampleMap] Warning Node  Unknown  is not referencing a valid level actor
[2017.02.14-09.24.55:719][  0]LogBlueprint:Warning: [compiler FirstPersonExampleMap] Warning [0006.89] Compile of FirstPersonExampleMap failed. 1 Fatal Issue(s) 1 Warning(s) [in 3 ms]
[2017.02.14-09.24.55:719][  0]LogBlueprint:Warning: [compiler FirstPersonExampleMap] Warning [0006.89] Compile of FirstPersonExampleMap failed. 1 Fatal Issue(s) 2 Warning(s) [in 0 ms]
[2017.02.14-09.24.55:719][  0]LogBlueprint:Warning: [compiler FirstPersonExampleMap] Warning [0006.89] Compile of FirstPersonExampleMap failed. 1 Fatal Issue(s) 3 Warning(s) [in 0 ms]
[2017.02.14-09.24.56:162][  0]LogAIModule: Creating AISystem for world FirstPersonExampleMap
[2017.02.14-09.24.56:175][  0]LogEditorServer: Finished looking for orphan Actors (0.000 secs)
[2017.02.14-09.24.56:175][  0]Cmd: MAP CHECKDEP NOCLEARLOG
[2017.02.14-09.24.56:217][  0]MapCheck: Info Map check complete: 0 Error(s), 0 Warning(s), took 41.728ms to complete.
[2017.02.14-09.24.56:217][  0]LogFileHelpers: Loading map 'FirstPersonExampleMap' took 1.012
[2017.02.14-09.24.56:335][  0]LogCollectionManager: Loaded 0 collections in 0.003138 seconds
[2017.02.14-09.24.56:373][  0]LogFileCache: Scanning file cache for directory 'D:/Github/Forschungsseminar/Saved/Collections/' took 0.01s
[2017.02.14-09.24.56:373][  0]LogFileCache: Scanning file cache for directory 'D:/Github/Forschungsseminar/Content/Developers/danie/Collections/' took 0.01s
[2017.02.14-09.24.56:373][  0]LogFileCache: Scanning file cache for directory 'D:/Github/Forschungsseminar/Content/Collections/' took 0.01s
[2017.02.14-09.24.56:373][  0]LogCollectionManager: Rebuilt the GUID cache for 0 collections in 0.000002 seconds
[2017.02.14-09.24.56:383][  0]LogContentBrowser: Native class hierarchy populated in 0.0095 seconds. Added 1893 classes and 338 folders.
[2017.02.14-09.24.56:394][  0]LogContentBrowser: Native class hierarchy updated for 'WidgetCarousel' in 0.0003 seconds. Added 0 classes and 0 folders.
[2017.02.14-09.24.56:440][  0]LogContentBrowser: Native class hierarchy updated for 'AddContentDialog' in 0.0003 seconds. Added 0 classes and 0 folders.
[2017.02.14-09.24.56:452][  0]LogContentBrowser: Native class hierarchy updated for 'SceneOutliner' in 0.0003 seconds. Added 1 classes and 2 folders.
[2017.02.14-09.24.56:506][  0]LogCrashTracker: Crashtracker disabled due to settings.
[2017.02.14-09.24.56:510][  0]LogUObjectGlobals:Warning: Failed to find object 'Class None.'
[2017.02.14-09.24.56:543][  0]LogLoad: Full Startup: 7.72 seconds (BP compile: 0.19 seconds)
[2017.02.14-09.24.56:564][  0]LogOcInput: Can't find Oculus library dev build: is proper Runtime installed? Version: 0.8.0.0
[2017.02.14-09.24.56:624][  0]LogContentStreaming: Texture pool size now 1000 MB
[2017.02.14-09.24.56:757][  0]LogRenderer: Reallocating scene render targets to support 1068x556 (Frame:2).
[2017.02.14-09.24.56:887][  1]LogFileCache: Retrieving MD5 hashes for directory 'D:/Github/Forschungsseminar/Content/' took 0.31s
[2017.02.14-09.24.57:098][  5]LogAssetRegistry: Asset discovery search completed in 4.3886 seconds
[2017.02.14-09.24.57:098][  5]LogCollectionManager: Rebuilt the object cache for 0 collections in 0.000001 seconds (found 0 objects)
[2017.02.14-09.24.57:098][  5]LogCollectionManager: Fixed up redirectors for 0 collections in 0.000038 seconds (updated 0 objects)
[2017.02.14-09.25.24:921][658]Cmd: MAP LOAD FILE="D:/Github/Forschungsseminar/Content/FirstPersonBP/Maps/Untitled.umap" TEMPLATE=0 SHOWPROGRESS=1 FEATURELEVEL=3
[2017.02.14-09.25.24:953][658]LightingResults: New page: Lighting Build
[2017.02.14-09.25.24:972][658]LoadErrors: New page: Loading map: Untitled.umap
[2017.02.14-09.25.24:973][658]MapCheck: New page: Map Check
[2017.02.14-09.25.24:973][658]LightingResults: New page: Lighting Build
[2017.02.14-09.25.24:995][658]LogParticles: Destroying 0 GPU particle simulations for FXSystem 0x0000012D6B3237E0
[2017.02.14-09.25.25:013][658]LogAIModule: Creating AISystem for world Untitled
[2017.02.14-09.25.25:064][658]LogEditorServer: Finished looking for orphan Actors (0.000 secs)
[2017.02.14-09.25.25:092][658]Cmd: MAP CHECKDEP NOCLEARLOG
[2017.02.14-09.25.25:136][658]MapCheck: Info Map check complete: 0 Error(s), 0 Warning(s), took 42.733ms to complete.
[2017.02.14-09.25.25:136][658]LogFileHelpers: Loading map 'Untitled' took 0.215
[2017.02.14-09.25.33:573][158]LogLinker:Warning: Asset '../../../Engine/Content/ArtTools/RenderToTexture/Macros/RenderToTextureMacros.uasset' has been saved with empty engine version. The asset will be loaded but may be incompatible.
[2017.02.14-09.25.34:001][158]LogContentBrowser: Native class hierarchy updated for 'BlueprintGraph' in 0.0010 seconds. Added 107 classes and 0 folders.
[2017.02.14-09.28.35:646][813]LogParticles: Destroying 0 GPU particle simulations for FXSystem 0x0000012D739DFE20
[2017.02.14-09.28.35:647][813]LogParticles: Destroying 0 GPU particle simulations for FXSystem 0x0000012D739DE480
[2017.02.14-09.28.36:024][813]LogWindowsTextInputMethodSystem:Display: IME system now deactivated.
[2017.02.14-09.28.36:236][814]Cmd: QUIT_EDITOR
[2017.02.14-09.28.36:378][814]LogExit: Preparing to exit.
[2017.02.14-09.28.36:756][814]LogExit: Editor shut down
[2017.02.14-09.28.36:757][814]LogExit: Transaction tracking system shut down
[2017.02.14-09.28.36:771][814]LogParticles: Destroying 0 GPU particle simulations for FXSystem 0x0000012D6B3228E0
[2017.02.14-09.28.36:771][814]LogParticles: Destroying 0 GPU particle simulations for FXSystem 0x0000012D7148B880
[2017.02.14-09.28.36:771][814]LogParticles: Destroying 0 GPU particle simulations for FXSystem 0x0000012D713CC720
[2017.02.14-09.28.36:771][814]LogParticles: Destroying 0 GPU particle simulations for FXSystem 0x0000012D178AF9C0
[2017.02.14-09.28.36:950][814]LogExit: Object subsystem successfully closed.
[2017.02.14-09.28.36:964][814]LogD3D11RHI: Shutdown
[2017.02.14-09.28.36:964][814]LogD3D11RHI: CleanupD3DDevice
[2017.02.14-09.28.37:048][814]LogD3D11RHI: ~FD3D11DynamicRHI
[2017.02.14-09.28.37:062][814]LogModuleManager: Shutting down and abandoning module ExternalImagePicker (202)
[2017.02.14-09.28.37:062][814]LogModuleManager: Shutting down and abandoning module SequencerWidgets (201)
[2017.02.14-09.28.37:062][814]LogModuleManager: Shutting down and abandoning module BlueprintGraph (200)
[2017.02.14-09.28.37:062][814]LogModuleManager: Shutting down and abandoning module CrashTracker (199)
[2017.02.14-09.28.37:062][814]LogModuleManager: Shutting down and abandoning module SceneOutliner (198)
[2017.02.14-09.28.37:062][814]LogModuleManager: Shutting down and abandoning module SuperSearch (197)
[2017.02.14-09.28.37:062][814]LogModuleManager: Shutting down and abandoning module WidgetCarousel (196)
[2017.02.14-09.28.37:062][814]LogModuleManager: Shutting down and abandoning module AddContentDialog (195)
[2017.02.14-09.28.37:063][814]LogModuleManager: Shutting down and abandoning module EditorWidgets (194)
[2017.02.14-09.28.37:063][814]LogModuleManager: Shutting down and abandoning module CollectionManager (193)
[2017.02.14-09.28.37:063][814]LogModuleManager: Shutting down and abandoning module StatsViewer (192)
[2017.02.14-09.28.37:063][814]LogModuleManager: Shutting down and abandoning module FoliageEdit (191)
[2017.02.14-09.28.37:063][814]LogModuleManager: Shutting down and abandoning module LandscapeEditor (190)
[2017.02.14-09.28.37:064][814]LogModuleManager: Shutting down and abandoning module ActorPickerMode (189)
[2017.02.14-09.28.37:064][814]LogModuleManager: Shutting down and abandoning module GeometryMode (188)
[2017.02.14-09.28.37:064][814]LogModuleManager: Shutting down and abandoning module TextureAlignMode (187)
[2017.02.14-09.28.37:064][814]LogModuleManager: Shutting down and abandoning module BspMode (186)
[2017.02.14-09.28.37:064][814]LogModuleManager: Shutting down and abandoning module PlacementMode (185)
[2017.02.14-09.28.37:064][814]LogModuleManager: Shutting down and abandoning module AutomationWorker (184)
[2017.02.14-09.28.37:064][814]LogModuleManager: Shutting down and abandoning module CharacterAI (183)
[2017.02.14-09.28.37:064][814]LogModuleManager: Shutting down and abandoning module SmartSnapping (182)
[2017.02.14-09.28.37:064][814]LogModuleManager: Shutting down and abandoning module ViewportSnapping (181)
[2017.02.14-09.28.37:064][814]LogModuleManager: Shutting down and abandoning module LogVisualizer (180)
[2017.02.14-09.28.37:064][814]LogModuleManager: Shutting down and abandoning module GameProjectGeneration (179)
[2017.02.14-09.28.37:064][814]LogModuleManager: Shutting down and abandoning module IntroTutorials (178)
[2017.02.14-09.28.37:065][814]LogModuleManager: Shutting down and abandoning module EditorLiveStreaming (177)
[2017.02.14-09.28.37:065][814]LogModuleManager: Shutting down and abandoning module IOSPlatformEditor (176)
[2017.02.14-09.28.37:065][814]LogModuleManager: Shutting down and abandoning module HTML5PlatformEditor (175)
[2017.02.14-09.28.37:065][814]LogModuleManager: Shutting down and abandoning module AndroidDeviceDetection (174)
[2017.02.14-09.28.38:019][814]LogModuleManager: Shutting down and abandoning module AndroidPlatformEditor (173)
[2017.02.14-09.28.38:019][814]LogModuleManager: Shutting down and abandoning module IOSRuntimeSettings (172)
[2017.02.14-09.28.38:019][814]LogModuleManager: Shutting down and abandoning module AndroidRuntimeSettings (171)
[2017.02.14-09.28.38:019][814]LogModuleManager: Shutting down and abandoning module MergeActors (170)
[2017.02.14-09.28.38:019][814]LogModuleManager: Shutting down and abandoning module SizeMap (169)
[2017.02.14-09.28.38:019][814]LogModuleManager: Shutting down and abandoning module TreeMap (168)
[2017.02.14-09.28.38:019][814]LogModuleManager: Shutting down and abandoning module ReferenceViewer (167)
[2017.02.14-09.28.38:019][814]LogModuleManager: Shutting down and abandoning module LocalizationService (166)
[2017.02.14-09.28.38:019][814]LogModuleManager: Shutting down and abandoning module LocalizationDashboard (165)
[2017.02.14-09.28.38:019][814]LogModuleManager: Shutting down and abandoning module HardwareTargeting (164)
[2017.02.14-09.28.38:019][814]LogModuleManager: Shutting down and abandoning module DeviceProfileEditor (163)
[2017.02.14-09.28.38:019][814]LogModuleManager: Shutting down and abandoning module UndoHistory (162)
[2017.02.14-09.28.38:019][814]LogModuleManager: Shutting down and abandoning module GameplayTagsEditor (161)
[2017.02.14-09.28.38:019][814]LogModuleManager: Shutting down and abandoning module UserFeedback (160)
[2017.02.14-09.28.38:019][814]LogModuleManager: Shutting down and abandoning module XmlParser (159)
[2017.02.14-09.28.38:019][814]LogModuleManager: Shutting down and abandoning module Blutility (158)
[2017.02.14-09.28.38:019][814]LogModuleManager: Shutting down and abandoning module ProjectTargetPlatformEditor (157)
[2017.02.14-09.28.38:019][814]LogModuleManager: Shutting down and abandoning module ProjectSettingsViewer (156)
[2017.02.14-09.28.38:019][814]LogModuleManager: Shutting down and abandoning module InputBindingEditor (155)
[2017.02.14-09.28.38:019][814]LogModuleManager: Shutting down and abandoning module EditorSettingsViewer (154)
[2017.02.14-09.28.38:020][814]LogModuleManager: Shutting down and abandoning module SettingsEditor (153)
[2017.02.14-09.28.38:020][814]LogModuleManager: Shutting down and abandoning module ProjectLauncher (152)
[2017.02.14-09.28.38:020][814]LogModuleManager: Shutting down and abandoning module SessionFrontend (151)
[2017.02.14-09.28.38:020][814]LogModuleManager: Shutting down and abandoning module ProfilerClient (150)
[2017.02.14-09.28.38:020][814]LogModuleManager: Shutting down and abandoning module TargetDeviceServices (149)
[2017.02.14-09.28.38:020][814]LogModuleManager: Shutting down and abandoning module DeviceManager (148)
[2017.02.14-09.28.38:020][814]LogModuleManager: Shutting down and abandoning module AutomationController (147)
[2017.02.14-09.28.38:020][814]LogModuleManager: Shutting down and abandoning module AutomationWindow (146)
[2017.02.14-09.28.38:020][814]LogModuleManager: Shutting down and abandoning module Layers (145)
[2017.02.14-09.28.38:020][814]LogModuleManager: Shutting down and abandoning module ComponentVisualizers (144)
[2017.02.14-09.28.38:020][814]LogModuleManager: Shutting down and abandoning module DetailCustomizations (143)
[2017.02.14-09.28.38:020][814]LogModuleManager: Shutting down and abandoning module PackagesDialog (142)
[2017.02.14-09.28.38:020][814]LogModuleManager: Shutting down and abandoning module Persona (141)
[2017.02.14-09.28.38:020][814]LogModuleManager: Shutting down and abandoning module Kismet (140)
[2017.02.14-09.28.38:020][814]LogModuleManager: Shutting down and abandoning module GraphEditor (139)
[2017.02.14-09.28.38:020][814]LogModuleManager: Shutting down and abandoning module ClassViewer (138)
[2017.02.14-09.28.38:020][814]LogModuleManager: Shutting down and abandoning module Toolbox (137)
[2017.02.14-09.28.38:020][814]LogModuleManager: Shutting down and abandoning module ModuleUI (136)
[2017.02.14-09.28.38:020][814]LogModuleManager: Shutting down and abandoning module MovieSceneTools (135)
[2017.02.14-09.28.38:020][814]LogModuleManager: Shutting down and abandoning module OutputLog (134)
[2017.02.14-09.28.38:020][814]LogModuleManager: Shutting down and abandoning module GammaUI (133)
[2017.02.14-09.28.38:020][814]LogModuleManager: Shutting down and abandoning module Documentation (132)
[2017.02.14-09.28.38:020][814]LogModuleManager: Shutting down and abandoning module GameLiveStreaming (131)
[2017.02.14-09.28.38:020][814]LogModuleManager: Shutting down and abandoning module StreamingPauseRendering (130)
[2017.02.14-09.28.38:020][814]LogModuleManager: Shutting down and abandoning module AnalyticsET (129)
[2017.02.14-09.28.38:020][814]LogModuleManager: Shutting down and abandoning module Analytics (128)
[2017.02.14-09.28.38:020][814]LogModuleManager: Shutting down and abandoning module AITestSuite (127)
[2017.02.14-09.28.38:020][814]LogModuleManager: Shutting down and abandoning module GameplayDebugger (126)
[2017.02.14-09.28.38:020][814]LogModuleManager: Shutting down and abandoning module AIModule (125)
[2017.02.14-09.28.38:020][814]LogModuleManager: Shutting down and abandoning module ProfilerService (124)
[2017.02.14-09.28.38:059][814]LogModuleManager: Shutting down and abandoning module TaskGraph (123)
[2017.02.14-09.28.38:059][814]LogModuleManager: Shutting down and abandoning module SlateRemote (122)
[2017.02.14-09.28.38:059][814]LogModuleManager: Shutting down and abandoning module SteamVRController (121)
[2017.02.14-09.28.38:059][814]LogModuleManager: Shutting down and abandoning module SteamVR (120)
[2017.02.14-09.28.38:059][814]LogModuleManager: Shutting down and abandoning module ProceduralMeshComponent (119)
[2017.02.14-09.28.38:059][814]LogModuleManager: Shutting down and abandoning module OculusLibrary (118)
[2017.02.14-09.28.38:059][814]LogModuleManager: Shutting down and abandoning module OculusInput (117)
[2017.02.14-09.28.38:059][814]LogModuleManager: Shutting down and abandoning module LeapMotionController (116)
[2017.02.14-09.28.38:083][814]LogModuleManager: Shutting down and abandoning module CustomMeshComponent (115)
[2017.02.14-09.28.38:083][814]LogModuleManager: Shutting down and abandoning module CableComponent (114)
[2017.02.14-09.28.38:083][814]LogModuleManager: Shutting down and abandoning module ArchVisCharacter (113)
[2017.02.14-09.28.38:083][814]LogModuleManager: Shutting down and abandoning module MessagingDebugger (112)
[2017.02.14-09.28.38:083][814]LogModuleManager: Shutting down and abandoning module MediaPlayerEditor (111)
[2017.02.14-09.28.38:083][814]LogModuleManager: Shutting down and abandoning module HTML5Networking (110)
[2017.02.14-09.28.38:083][814]LogModuleManager: Shutting down and abandoning module SpeedTreeImporter (109)
[2017.02.14-09.28.38:083][814]LogModuleManager: Shutting down and abandoning module PluginBrowser (108)
[2017.02.14-09.28.38:083][814]LogModuleManager: Shutting down and abandoning module EpicSurvey (107)
[2017.02.14-09.28.38:083][814]LogModuleManager: Shutting down and abandoning module DesktopPlatform (106)
[2017.02.14-09.28.38:083][814]LogModuleManager: Shutting down and abandoning module VisualStudioSourceCodeAccess (105)
[2017.02.14-09.28.38:083][814]LogModuleManager: Shutting down and abandoning module UObjectPlugin (104)
[2017.02.14-09.28.38:083][814]LogModuleManager: Shutting down and abandoning module SubversionSourceControl (103)
[2017.02.14-09.28.38:083][814]LogModuleManager: Shutting down and abandoning module PerforceSourceControl (102)
[2017.02.14-09.28.38:083][814]LogModuleManager: Shutting down and abandoning module SourceControl (101)
[2017.02.14-09.28.38:083][814]LogModuleManager: Shutting down and abandoning module GitSourceControl (100)
[2017.02.14-09.28.38:083][814]LogModuleManager: Shutting down and abandoning module LightPropagationVolumeEditor (99)
[2017.02.14-09.28.38:083][814]LogModuleManager: Shutting down and abandoning module PaperTiledImporter (98)
[2017.02.14-09.28.38:084][814]LogModuleManager: Shutting down and abandoning module PaperSpriteSheetImporter (97)
[2017.02.14-09.28.38:084][814]LogModuleManager: Shutting down and abandoning module MeshPaint (96)
[2017.02.14-09.28.38:084][814]LogModuleManager: Shutting down and abandoning module SlateReflector (95)
[2017.02.14-09.28.38:084][814]LogModuleManager: Shutting down and abandoning module HotReload (94)
[2017.02.14-09.28.38:084][814]LogModuleManager: Shutting down and abandoning module MainFrame (93)
[2017.02.14-09.28.38:084][814]LogModuleManager: Shutting down and abandoning module LevelEditor (92)
[2017.02.14-09.28.38:084][814]LogModuleManager: Shutting down and abandoning module DirectoryWatcher (91)
[2017.02.14-09.28.38:085][814]LogModuleManager: Shutting down and abandoning module AssetRegistry (90)
[2017.02.14-09.28.38:177][814]LogModuleManager: Shutting down and abandoning module ContentBrowser (89)
[2017.02.14-09.28.38:178][814]LogModuleManager: Shutting down and abandoning module Paper2DEditor (88)
[2017.02.14-09.28.38:178][814]LogModuleManager: Shutting down and abandoning module UdpMessaging (87)
[2017.02.14-09.28.38:279][814]LogModuleManager: Shutting down and abandoning module LogitechG (86)
[2017.02.14-09.28.38:279][814]LogModuleManager: Shutting down and abandoning module LightPropagationVolumeRuntime (85)
[2017.02.14-09.28.38:279][814]LogModuleManager: Shutting down and abandoning module Paper2D (84)
[2017.02.14-09.28.38:279][814]LogModuleManager: Shutting down and abandoning module WindowsMoviePlayer (83)
[2017.02.14-09.28.38:281][814]LogModuleManager: Shutting down and abandoning module Media (82)
[2017.02.14-09.28.38:281][814]LogModuleManager: Shutting down and abandoning module WmfMedia (81)
[2017.02.14-09.28.38:282][814]LogModuleManager: Shutting down and abandoning module OnlineBlueprintSupport (80)
[2017.02.14-09.28.38:282][814]LogModuleManager: Shutting down and abandoning module GameplayTasksEditor (79)
[2017.02.14-09.28.38:282][814]LogModuleManager: Shutting down and abandoning module PropertyEditor (78)
[2017.02.14-09.28.38:282][814]LogModuleManager: Shutting down and abandoning module BehaviorTreeEditor (77)
[2017.02.14-09.28.38:282][814]LogModuleManager: Shutting down and abandoning module FunctionalTesting (76)
[2017.02.14-09.28.38:282][814]LogModuleManager: Shutting down and abandoning module CollisionAnalyzer (75)
[2017.02.14-09.28.38:282][814]LogModuleManager: Shutting down and abandoning module WorkspaceMenuStructure (74)
[2017.02.14-09.28.38:282][814]LogModuleManager: Shutting down and abandoning module MessageLog (73)
[2017.02.14-09.28.38:282][814]LogModuleManager: Shutting down and abandoning module Sequencer (72)
[2017.02.14-09.28.38:282][814]LogModuleManager: Shutting down and abandoning module AssetTools (71)
[2017.02.14-09.28.38:282][814]LogModuleManager: Shutting down and abandoning module UMGEditor (70)
[2017.02.14-09.28.38:282][814]LogModuleManager: Shutting down and abandoning module UMG (69)
[2017.02.14-09.28.38:282][814]LogModuleManager: Shutting down and abandoning module Slate (68)
[2017.02.14-09.28.38:282][814]LogModuleManager: Shutting down and abandoning module EditorStyle (67)
[2017.02.14-09.28.38:284][814]LogModuleManager: Shutting down and abandoning module SessionServices (66)
[2017.02.14-09.28.38:284][814]LogModuleManager: Shutting down and abandoning module SourceCodeAccess (65)
[2017.02.14-09.28.38:284][814]LogModuleManager: Shutting down and abandoning module HeadMountedDisplay (64)
[2017.02.14-09.28.38:284][814]LogModuleManager: Shutting down and abandoning module XAudio2 (63)
[2017.02.14-09.28.38:284][814]LogModuleManager: Shutting down and abandoning module Networking (61)
[2017.02.14-09.28.38:284][814]LogModuleManager: Shutting down and abandoning module Core (60)
[2017.02.14-09.28.38:284][814]LogModuleManager: Shutting down and abandoning module KismetCompiler (59)
[2017.02.14-09.28.38:284][814]LogModuleManager: Shutting down and abandoning module PhysXFormats (58)
[2017.02.14-09.28.38:284][814]LogModuleManager: Shutting down and abandoning module MeshUtilities (57)
[2017.02.14-09.28.38:284][814]LogModuleManager: Shutting down and abandoning module DerivedDataCache (56)
[2017.02.14-09.28.38:338][814]LogDerivedDataCache: Shutdown
[2017.02.14-09.28.38:338][814]LogModuleManager: Shutting down and abandoning module ShaderFormatOpenGL (55)
[2017.02.14-09.28.38:338][814]LogModuleManager: Shutting down and abandoning module ShaderFormatD3D (54)
[2017.02.14-09.28.38:338][814]LogModuleManager: Shutting down and abandoning module MetalShaderFormat (53)
[2017.02.14-09.28.38:338][814]LogModuleManager: Shutting down and abandoning module TextureFormatUncompressed (52)
[2017.02.14-09.28.38:338][814]LogModuleManager: Shutting down and abandoning module TextureFormatPVR (51)
[2017.02.14-09.28.38:338][814]LogModuleManager: Shutting down and abandoning module TextureFormatIntelISPCTexComp (50)
[2017.02.14-09.28.38:338][814]LogModuleManager: Shutting down and abandoning module TextureFormatDXT (49)
[2017.02.14-09.28.38:338][814]LogModuleManager: Shutting down and abandoning module ImageWrapper (48)
[2017.02.14-09.28.38:338][814]LogModuleManager: Shutting down and abandoning module TextureFormatASTC (47)
[2017.02.14-09.28.38:338][814]LogModuleManager: Shutting down and abandoning module TextureFormatAndroid (46)
[2017.02.14-09.28.38:338][814]LogModuleManager: Shutting down and abandoning module AudioFormatOpus (45)
[2017.02.14-09.28.38:338][814]LogModuleManager: Shutting down and abandoning module AudioFormatOgg (44)
[2017.02.14-09.28.38:338][814]LogModuleManager: Shutting down and abandoning module AudioFormatADPCM (43)
[2017.02.14-09.28.38:338][814]LogModuleManager: Shutting down and abandoning module LinuxTargetPlatform (42)
[2017.02.14-09.28.38:338][814]LogModuleManager: Shutting down and abandoning module LinuxServerTargetPlatform (41)
[2017.02.14-09.28.38:338][814]LogModuleManager: Shutting down and abandoning module LinuxNoEditorTargetPlatform (40)
[2017.02.14-09.28.38:338][814]LogModuleManager: Shutting down and abandoning module Messaging (39)
[2017.02.14-09.28.38:338][814]LogModuleManager: Shutting down and abandoning module IOSTargetPlatform (38)
[2017.02.14-09.28.38:338][814]LogModuleManager: Shutting down and abandoning module HTML5TargetPlatform (37)
[2017.02.14-09.28.38:338][814]LogModuleManager: Shutting down and abandoning module Android_PVRTCTargetPlatform (36)
[2017.02.14-09.28.38:338][814]LogModuleManager: Shutting down and abandoning module Android_MultiTargetPlatform (35)
[2017.02.14-09.28.38:338][814]LogModuleManager: Shutting down and abandoning module Android_ETC2TargetPlatform (34)
[2017.02.14-09.28.38:338][814]LogModuleManager: Shutting down and abandoning module Android_ETC1TargetPlatform (33)
[2017.02.14-09.28.38:338][814]LogModuleManager: Shutting down and abandoning module Android_DXTTargetPlatform (32)
[2017.02.14-09.28.38:338][814]LogModuleManager: Shutting down and abandoning module Android_ATCTargetPlatform (31)
[2017.02.14-09.28.38:338][814]LogModuleManager: Shutting down and abandoning module Android_ASTCTargetPlatform (30)
[2017.02.14-09.28.38:338][814]LogModuleManager: Shutting down and abandoning module AndroidTargetPlatform (29)
[2017.02.14-09.28.38:338][814]LogModuleManager: Shutting down and abandoning module WindowsTargetPlatform (28)
[2017.02.14-09.28.38:338][814]LogModuleManager: Shutting down and abandoning module WindowsServerTargetPlatform (27)
[2017.02.14-09.28.38:338][814]LogModuleManager: Shutting down and abandoning module WindowsNoEditorTargetPlatform (26)
[2017.02.14-09.28.38:338][814]LogModuleManager: Shutting down and abandoning module WindowsClientTargetPlatform (25)
[2017.02.14-09.28.38:338][814]LogModuleManager: Shutting down and abandoning module AllDesktopTargetPlatform (24)
[2017.02.14-09.28.38:338][814]LogModuleManager: Shutting down and abandoning module TargetPlatform (23)
[2017.02.14-09.28.38:338][814]LogModuleManager: Shutting down and abandoning module InputCore (22)
[2017.02.14-09.28.38:338][814]LogModuleManager: Shutting down and abandoning module Settings (21)
[2017.02.14-09.28.38:338][814]LogModuleManager: Shutting down and abandoning module OnlineSubsystem (19)
[2017.02.14-09.28.38:339][814]LogModuleManager: Shutting down and abandoning module HTTP (18)
[2017.02.14-09.28.40:345][814]LogModuleManager: Shutting down and abandoning module XMPP (17)
[2017.02.14-09.28.40:345][814]LogModuleManager: Shutting down and abandoning module OculusRift (16)
[2017.02.14-09.28.40:345][814]LogModuleManager: Shutting down and abandoning module ExampleDeviceProfileSelector (15)
[2017.02.14-09.28.40:345][814]LogModuleManager: Shutting down and abandoning module TextureCompressor (14)
[2017.02.14-09.28.40:345][814]LogModuleManager: Shutting down and abandoning module ShaderCore (13)
[2017.02.14-09.28.40:345][814]LogModuleManager: Shutting down and abandoning module Landscape (12)
[2017.02.14-09.28.40:345][814]LogModuleManager: Shutting down and abandoning module SlateRHIRenderer (11)
[2017.02.14-09.28.40:346][814]LogModuleManager: Shutting down and abandoning module OpenGLDrv (10)
[2017.02.14-09.28.40:346][814]LogModuleManager: Shutting down and abandoning module D3D11RHI (9)
[2017.02.14-09.28.40:346][814]LogModuleManager: Shutting down and abandoning module AnimGraphRuntime (8)
[2017.02.14-09.28.40:346][814]LogModuleManager: Shutting down and abandoning module Renderer (7)
[2017.02.14-09.28.40:346][814]LogModuleManager: Shutting down and abandoning module Engine (6)
[2017.02.14-09.28.40:346][814]LogModuleManager: Shutting down and abandoning module CoreUObject (5)
[2017.02.14-09.28.40:346][814]LogModuleManager: Shutting down and abandoning module NetworkFile (4)
[2017.02.14-09.28.40:346][814]LogModuleManager: Shutting down and abandoning module StreamingFile (3)
[2017.02.14-09.28.40:346][814]LogModuleManager: Shutting down and abandoning module SandboxFile (2)
[2017.02.14-09.28.40:346][814]LogModuleManager: Shutting down and abandoning module PakFile (1)
[2017.02.14-09.28.40:347][814]LogExit: Exiting.
[2017.02.14-09.28.40:401][814]Log file closed, 02/14/17 10:28:40
