[2017.01.30-13.48.07:374][  0]Log file open, 01/30/17 14:48:07
[2017.01.30-13.48.07:374][  0]LogInit:Display: Running engine for game: Highlight
[2017.01.30-13.48.07:374][  0]LogPlatformFile: Not using cached read wrapper
[2017.01.30-13.48.07:374][  0]LogInit:Display: RandInit(-1525344844) SRandInit(-1525344843).
[2017.01.30-13.48.07:374][  0]LogTaskGraph: Started task graph with 4 named threads and 5 total threads.
[2017.01.30-13.48.07:374][  0]LogStats: Stats thread started at 0.063812
[2017.01.30-13.48.07:374][  0]LogInit: Version: 4.10.4-2872498+++depot+UE4-Releases+4.10
[2017.01.30-13.48.07:374][  0]LogInit: API Version: 2758231
[2017.01.30-13.48.07:374][  0]LogInit: Compiled (64-bit): Feb 18 2016 15:47:04
[2017.01.30-13.48.07:374][  0]LogInit: Compiled with Visual C++: 19.00.23026.00
[2017.01.30-13.48.07:374][  0]LogInit: Build Configuration: Development
[2017.01.30-13.48.07:374][  0]LogInit: Branch Name: ++depot+UE4-Releases+4.10
[2017.01.30-13.48.07:374][  0]LogInit: Command line: -EpicPortal 
[2017.01.30-13.48.07:374][  0]LogInit: Base directory: C:/Program Files (x86)/Epic Games/4.10/Engine/Binaries/Win64/
[2017.01.30-13.48.07:374][  0]LogInit: Rocket: 1
[2017.01.30-13.48.07:380][  0]LogInit: Using libcurl 7.41.0
[2017.01.30-13.48.07:380][  0]LogInit:  - built for x86_64-pc-win32
[2017.01.30-13.48.07:380][  0]LogInit:  - supports SSL with WinSSL
[2017.01.30-13.48.07:380][  0]LogInit:  - other features:
[2017.01.30-13.48.07:380][  0]LogInit:      CURL_VERSION_SSL
[2017.01.30-13.48.07:380][  0]LogInit:      CURL_VERSION_IPV6
[2017.01.30-13.48.07:380][  0]LogInit:      CURL_VERSION_ASYNCHDNS
[2017.01.30-13.48.07:380][  0]LogInit:      CURL_VERSION_LARGEFILE
[2017.01.30-13.48.07:380][  0]LogInit:      CURL_VERSION_IDN
[2017.01.30-13.48.07:380][  0]LogInit:  CurlRequestOptions (configurable via config and command line):
[2017.01.30-13.48.07:380][  0]LogInit:  - bVerifyPeer = true  - Libcurl will verify peer certificate
[2017.01.30-13.48.07:380][  0]LogInit:  - bUseHttpProxy = false  - Libcurl will NOT use HTTP proxy
[2017.01.30-13.48.07:380][  0]LogInit:  - bDontReuseConnections = false  - Libcurl will reuse connections
[2017.01.30-13.48.07:380][  0]LogInit:  - CertBundlePath = nullptr  - Libcurl will use whatever was configured at build time.
[2017.01.30-13.48.07:388][  0]LogInit: Presizing for 0 objects not considered by GC, pre-allocating 0 bytes.
[2017.01.30-13.48.07:393][  0]LogInit: Object subsystem initialized
[2017.01.30-13.48.07:394][  0]LogInit: Selected Device Profile: [Windows]
[2017.01.30-13.48.07:394][  0]LogInit: Applying CVar settings loaded from the selected device profile: [Windows]
[2017.01.30-13.48.07:400][  0]LogInit: Computer: LAPTOP-ELQTR10M
[2017.01.30-13.48.07:400][  0]LogInit: User: danie
[2017.01.30-13.48.07:400][  0]LogInit: CPU Page size=4096, Cores=2
[2017.01.30-13.48.07:400][  0]LogInit: High frequency timer resolution =2.531251 MHz
[2017.01.30-13.48.07:401][  0]LogMemory: Memory total: Physical=7.9GB (8GB approx)
[2017.01.30-13.48.07:401][  0]LogMemory: Platform Memory Stats for Windows
[2017.01.30-13.48.07:401][  0]LogMemory: Process Physical Memory: 56.39 MB used, 56.39 MB peak
[2017.01.30-13.48.07:401][  0]LogMemory: Process Virtual Memory: 57.49 MB used, 57.49 MB peak
[2017.01.30-13.48.07:401][  0]LogMemory: Physical Memory: 5213.90 MB used, 8105.91 MB total
[2017.01.30-13.48.07:401][  0]LogMemory: Virtual Memory: 382.91 MB used, 134217728.00 MB total
[2017.01.30-13.48.07:435][  0]LogTextLocalizationManager: No translations for ('de-DE') exist, falling back to 'en' for localization and internationalization data.
[2017.01.30-13.48.07:873][  0]LogD3D11RHI: Found D3D11 adapter 0: NVIDIA GeForce GTX 950M      (Feature Level 11_0)
[2017.01.30-13.48.07:873][  0]LogD3D11RHI: Adapter has 4037MB of dedicated video memory, 0MB of dedicated system memory, and 4052MB of shared system memory, 1 output[s]
[2017.01.30-13.48.07:879][  0]LogD3D11RHI: Found D3D11 adapter 1: Intel(R) HD Graphics 520 (Feature Level 11_0)
[2017.01.30-13.48.07:879][  0]LogD3D11RHI: Adapter has 128MB of dedicated video memory, 0MB of dedicated system memory, and 4052MB of shared system memory, 0 output[s]
[2017.01.30-13.48.07:881][  0]LogD3D11RHI: Found D3D11 adapter 2: Microsoft Basic Render Driver (Feature Level 11_0)
[2017.01.30-13.48.07:881][  0]LogD3D11RHI: Adapter has 0MB of dedicated video memory, 0MB of dedicated system memory, and 4052MB of shared system memory, 0 output[s]
[2017.01.30-13.48.07:881][  0]LogD3D11RHI: Chosen D3D11 Adapter Id = 0
[2017.01.30-13.48.07:887][  0]LogD3D11RHI: !Direct3DDevice
[2017.01.30-13.48.07:887][  0]LogRHI: Texture pool is 1361 MB (70% of 1945 MB)
[2017.01.30-13.48.07:908][  0]LogD3D11RHI: Async texture creation enabled
[2017.01.30-13.48.07:921][  0]LogShaderCompilers: Guid format shader working directory is 19 characters bigger than the processId version (D:/Github/Forschungsseminar/Intermediate/Shaders/WorkingDirectory/6828/).
[2017.01.30-13.48.07:921][  0]LogShaderCompilers: Cleaned the shader compiler working directory 'C:/Users/danie/AppData/Local/Temp/UnrealShaderWorkingDir/8F4D530C4120AD52744C0B88944C9923/'.
[2017.01.30-13.48.07:921][  0]LogShaderCompilers:Display: Using Local Shader Compiler.
[2017.01.30-13.48.08:717][  0]LogTemp:Display: Loaded TP AllDesktopTargetPlatform
[2017.01.30-13.48.08:722][  0]LogTemp:Display: Loaded TP WindowsClientTargetPlatform
[2017.01.30-13.48.08:728][  0]LogTemp:Display: Loaded TP WindowsNoEditorTargetPlatform
[2017.01.30-13.48.08:733][  0]LogTemp:Display: Loaded TP WindowsServerTargetPlatform
[2017.01.30-13.48.08:738][  0]LogTemp:Display: Loaded TP WindowsTargetPlatform
[2017.01.30-13.48.08:740][  0]LogTemp:Display: Loaded TP AndroidTargetPlatform
[2017.01.30-13.48.08:743][  0]LogTemp:Display: Loaded TP Android_ASTCTargetPlatform
[2017.01.30-13.48.08:746][  0]LogTemp:Display: Loaded TP Android_ATCTargetPlatform
[2017.01.30-13.48.08:749][  0]LogTemp:Display: Loaded TP Android_DXTTargetPlatform
[2017.01.30-13.48.08:751][  0]LogTemp:Display: Loaded TP Android_ETC1TargetPlatform
[2017.01.30-13.48.08:755][  0]LogTemp:Display: Loaded TP Android_ETC2TargetPlatform
[2017.01.30-13.48.08:761][  0]LogTemp:Display: Loaded TP Android_MultiTargetPlatform
[2017.01.30-13.48.08:761][  0]LogTemp:Display: Loaded TP Android_PVRTCTargetPlatform
[2017.01.30-13.48.08:762][  0]LogTemp:Display: Loaded TP HTML5TargetPlatform
[2017.01.30-13.48.08:778][  0]LogTemp:Display: Loaded TP IOSTargetPlatform
[2017.01.30-13.48.08:780][  0]LogTemp:Display: Loaded TP LinuxNoEditorTargetPlatform
[2017.01.30-13.48.08:784][  0]LogTemp:Display: Loaded TP LinuxServerTargetPlatform
[2017.01.30-13.48.08:787][  0]LogTemp:Display: Loaded TP LinuxTargetPlatform
[2017.01.30-13.48.08:787][  0]LogTargetPlatformManager:Display: Building Assets For Windows
[2017.01.30-13.48.08:873][  0]LogDerivedDataCache:Display: Max Cache Size: 512 MB
[2017.01.30-13.48.08:912][  0]LogDerivedDataCache: Loaded boot cache 0.04s 41MB C:/Users/danie/AppData/Local/UnrealEngine/4.10/DerivedDataCache/Boot.ddc.
[2017.01.30-13.48.08:913][  0]LogDerivedDataCache:Display: Loaded Boot cache: C:/Users/danie/AppData/Local/UnrealEngine/4.10/DerivedDataCache/Boot.ddc
[2017.01.30-13.48.08:913][  0]LogDerivedDataCache: FDerivedDataBackendGraph:  Pak pak cache file D:/Github/Forschungsseminar/DerivedDataCache/DDC.ddp not found, will not use a pak cache.
[2017.01.30-13.48.08:913][  0]LogDerivedDataCache: Unable to find inner node Pak for hierarchical cache Hierarchy.
[2017.01.30-13.48.08:913][  0]LogDerivedDataCache: FDerivedDataBackendGraph:  CompressedPak pak cache file D:/Github/Forschungsseminar/DerivedDataCache/Compressed.ddp not found, will not use a pak cache.
[2017.01.30-13.48.08:913][  0]LogDerivedDataCache: Unable to find inner node CompressedPak for hierarchical cache Hierarchy.
[2017.01.30-13.48.08:968][  0]LogDerivedDataCache:Display: Pak cache opened for reading ../../../Engine/DerivedDataCache/Compressed.ddp.
[2017.01.30-13.48.08:981][  0]LogDerivedDataCache: Using Local data cache path C:/Users/danie/AppData/Local/UnrealEngine/Common/DerivedDataCache: Writable
[2017.01.30-13.48.09:145][  0]LogInit: Selected Device Profile: [Windows]
[2017.01.30-13.48.09:147][  0]LogContentStreaming: Texture pool size is 0.000000MB
[2017.01.30-13.48.09:259][  0]LogMeshUtilities: No automatic mesh reduction module available
[2017.01.30-13.48.09:259][  0]LogMeshUtilities: No automatic mesh merging module available
[2017.01.30-13.48.09:483][  0]LogInit: WinSock: version 1.1 (2.2), MaxSocks=32767, MaxUdp=65467
[2017.01.30-13.48.10:170][  0]UdpMessaging: Initializing bridge on interface 0.0.0.0:0 to multicast group 230.0.0.1:6666.
[2017.01.30-13.48.10:269][  0]LogAssetRegistry: FAssetRegistry took 0.0109 seconds to start up
[2017.01.30-13.48.10:454][  0]SourceControl: Info Source control is disabled
[2017.01.30-13.48.10:531][  0]SourceControl: Info Source control is disabled
[2017.01.30-13.48.10:544][  0]SourceControl: Info Source control is disabled
[2017.01.30-13.48.10:557][  0]SourceControl: Info Source control is disabled
[2017.01.30-13.48.10:839][  0]LogObj: 28633 objects as part of root set at end of initial load.
[2017.01.30-13.48.10:839][  0]LogUObjectAllocator: 6099752 out of 0 bytes used by permanent object pool.
[2017.01.30-13.48.10:897][  0]LogEngine: Initializing Engine...
[2017.01.30-13.48.10:900][  0]LogHMD: Can't find Oculus library dev build: is proper Runtime installed? Version: 0.8.0.0
[2017.01.30-13.48.10:901][  0]LogHMD: SteamVR failed to initialize.  Err: 110
[2017.01.30-13.48.11:018][  0]LogAIModule: Creating AISystem for world NewWorld
[2017.01.30-13.48.11:023][  0]LogInit: XAudio2 using 'Lautsprecher (Realtek High Definition Audio(SST))' : 2 channels at 48 kHz using 32 bits per sample (channel mask 0x3)
[2017.01.30-13.48.11:056][  0]LogInit: FAudioDevice initialized.
[2017.01.30-13.48.11:081][  0]LogDerivedDataCache: Saved boot cache 0.03s 41MB C:/Users/danie/AppData/Local/UnrealEngine/4.10/DerivedDataCache/Boot.ddc.
[2017.01.30-13.48.11:084][  0]LogInit: Texture streaming: Enabled
[2017.01.30-13.48.11:090][  0]LogAnalytics: Creating configured Analytics provider AnalyticsET
[2017.01.30-13.48.11:090][  0]LogAnalytics: [UEEditor.Rocket.Release] APIServer = http://et2.epicgames.com/ET2/. AppVersion = 4.10.4-2872498+++depot+UE4-Releases+4.10
[2017.01.30-13.48.11:090][  0]LogAnalytics: [UEEditor.Rocket.Release] SetUserId 1a4e72b84605f241aedbd0856a2b1682|6de05fa92587480fb7882ffc140bd849|705478e5-d4b4-468d-9618-97abfa4f769e
[2017.01.30-13.48.11:090][  0]LogAnalytics: [UEEditor.Rocket.Release] AnalyticsET::StartSession
[2017.01.30-13.48.11:102][  0]LogInit: Transaction tracking system initialized
[2017.01.30-13.48.11:136][  0]BlueprintLog: New page: Editor Load
[2017.01.30-13.48.11:227][  0]LocalizationService: Info Localization service is disabled
[2017.01.30-13.48.11:307][  0]LogConsoleResponse:Display: 
[2017.01.30-13.48.11:420][  0]LogFileCache: Scanning file cache for directory 'D:/Github/Forschungsseminar/Content/' took 0.01s
[2017.01.30-13.48.11:420][  0]LogCook:Display: Done creating registry. It took  0.00s.
[2017.01.30-13.48.11:487][  0]SourceControl: Info Source control is disabled
[2017.01.30-13.48.11:487][  0]Cmd: MAP LOAD FILE="D:/Github/Forschungsseminar/Content/FirstPersonBP/Maps/FirstPersonExampleMap.umap" TEMPLATE=0 SHOWPROGRESS=1 FEATURELEVEL=3
[2017.01.30-13.48.11:487][  0]LightingResults: New page: Lighting Build
[2017.01.30-13.48.11:490][  0]MapCheck: New page: Map Check
[2017.01.30-13.48.11:490][  0]LightingResults: New page: Lighting Build
[2017.01.30-13.48.11:507][  0]LogParticles: Destroying 0 GPU particle simulations for FXSystem 0x000002E2A7965620
[2017.01.30-13.48.11:756][  0]LogBlueprint:Error: [compiler FirstPersonExampleMap] Error This blueprint (self) is not a GameplayTaskOwnerInterface, therefore ' Task Owner ' must have a connection.
[2017.01.30-13.48.11:756][  0]LogBlueprint:Warning: [compiler FirstPersonExampleMap] Warning Node  Unknown  is not referencing a valid level actor
[2017.01.30-13.48.11:759][  0]LogBlueprint:Warning: [compiler FirstPersonExampleMap] Warning [0004.73] Compile of FirstPersonExampleMap failed. 1 Fatal Issue(s) 1 Warning(s) [in 10 ms]
[2017.01.30-13.48.11:761][  0]LogBlueprint:Warning: [compiler FirstPersonExampleMap] Warning [0004.73] Compile of FirstPersonExampleMap failed. 1 Fatal Issue(s) 2 Warning(s) [in 0 ms]
[2017.01.30-13.48.11:761][  0]LogBlueprint:Warning: [compiler FirstPersonExampleMap] Warning [0004.73] Compile of FirstPersonExampleMap failed. 1 Fatal Issue(s) 3 Warning(s) [in 0 ms]
[2017.01.30-13.48.11:957][  0]LogAIModule: Creating AISystem for world FirstPersonExampleMap
[2017.01.30-13.48.11:980][  0]LogEditorServer: Finished looking for orphan Actors (0.000 secs)
[2017.01.30-13.48.11:981][  0]Cmd: MAP CHECKDEP NOCLEARLOG
[2017.01.30-13.48.12:015][  0]MapCheck: Info Map check complete: 0 Error(s), 0 Warning(s), took 34.622ms to complete.
[2017.01.30-13.48.12:016][  0]LogFileHelpers: Loading map 'FirstPersonExampleMap' took 0.529
[2017.01.30-13.48.12:238][  0]LogCollectionManager: Loaded 0 collections in 0.002443 seconds
[2017.01.30-13.48.12:351][  0]LogFileCache: Scanning file cache for directory 'D:/Github/Forschungsseminar/Saved/Collections/' took 0.01s
[2017.01.30-13.48.12:351][  0]LogFileCache: Scanning file cache for directory 'D:/Github/Forschungsseminar/Content/Developers/danie/Collections/' took 0.01s
[2017.01.30-13.48.12:351][  0]LogFileCache: Scanning file cache for directory 'D:/Github/Forschungsseminar/Content/Collections/' took 0.01s
[2017.01.30-13.48.12:351][  0]LogCollectionManager: Rebuilt the GUID cache for 0 collections in 0.000002 seconds
[2017.01.30-13.48.12:361][  0]LogContentBrowser: Native class hierarchy populated in 0.0090 seconds. Added 1893 classes and 338 folders.
[2017.01.30-13.48.12:386][  0]LogContentBrowser: Native class hierarchy updated for 'WidgetCarousel' in 0.0004 seconds. Added 0 classes and 0 folders.
[2017.01.30-13.48.12:769][  0]LogContentBrowser: Native class hierarchy updated for 'AddContentDialog' in 0.0003 seconds. Added 0 classes and 0 folders.
[2017.01.30-13.48.12:814][  0]LogContentBrowser: Native class hierarchy updated for 'SceneOutliner' in 0.0003 seconds. Added 1 classes and 2 folders.
[2017.01.30-13.48.13:037][  0]LogCrashTracker: Crashtracker disabled due to settings.
[2017.01.30-13.48.13:075][  0]LogUObjectGlobals:Warning: Failed to find object 'Class None.'
[2017.01.30-13.48.13:103][  0]LogLoad: Full Startup: 6.07 seconds (BP compile: 0.10 seconds)
[2017.01.30-13.48.13:123][  0]LogOcInput: Can't find Oculus library dev build: is proper Runtime installed? Version: 0.8.0.0
[2017.01.30-13.48.13:234][  0]LogContentStreaming: Texture pool size now 1000 MB
[2017.01.30-13.48.13:411][  0]LogRenderer: Reallocating scene render targets to support 852x376 (Frame:2).
[2017.01.30-13.48.13:606][  1]LogFileCache: Retrieving MD5 hashes for directory 'D:/Github/Forschungsseminar/Content/' took 0.47s
[2017.01.30-13.48.13:804][  4]LogAssetRegistry: Asset discovery search completed in 3.5460 seconds
[2017.01.30-13.48.13:804][  4]LogCollectionManager: Rebuilt the object cache for 0 collections in 0.000002 seconds (found 0 objects)
[2017.01.30-13.48.13:804][  4]LogCollectionManager: Fixed up redirectors for 0 collections in 0.000030 seconds (updated 0 objects)
[2017.01.30-13.48.18:922][302]Cmd: MAP LOAD FILE="D:/Github/Forschungsseminar/Content/FirstPersonBP/Maps/Untitled.umap" TEMPLATE=0 SHOWPROGRESS=1 FEATURELEVEL=3
[2017.01.30-13.48.18:965][302]LightingResults: New page: Lighting Build
[2017.01.30-13.48.18:984][302]LoadErrors: New page: Loading map: Untitled.umap
[2017.01.30-13.48.18:985][302]MapCheck: New page: Map Check
[2017.01.30-13.48.18:986][302]LightingResults: New page: Lighting Build
[2017.01.30-13.48.19:008][302]LogParticles: Destroying 0 GPU particle simulations for FXSystem 0x000002E2997CB600
[2017.01.30-13.48.19:009][302]LogPackageName:Error: DoesPackageExist: DoesPackageExist FAILED: 'None' is not a standard unreal filename or a long path name. Reason: Path should start with a '/'
[2017.01.30-13.48.19:009][302]LogPackageName:Error: DoesPackageExist: DoesPackageExist FAILED: 'None' is not a standard unreal filename or a long path name. Reason: Path should start with a '/'
[2017.01.30-13.48.19:308][302]LogTexture:Display: Building textures: HQ_Lightmap1_2 (AutoDXT)
[2017.01.30-13.48.19:312][302]LogTexture:Display: Building textures: LQ_Lightmap_1_2 (DXT1)
[2017.01.30-13.48.19:389][302]LogAIModule: Creating AISystem for world Untitled
[2017.01.30-13.48.19:455][302]LogEditorServer: Finished looking for orphan Actors (0.000 secs)
[2017.01.30-13.48.19:484][302]Cmd: MAP CHECKDEP NOCLEARLOG
[2017.01.30-13.48.19:525][302]MapCheck: Info Map check complete: 0 Error(s), 0 Warning(s), took 41.345ms to complete.
[2017.01.30-13.48.19:525][302]LogFileHelpers: Loading map 'Untitled' took 0.604
[2017.01.30-13.48.21:004][382]LogLinker:Warning: Asset '../../../Engine/Content/ArtTools/RenderToTexture/Macros/RenderToTextureMacros.uasset' has been saved with empty engine version. The asset will be loaded but may be incompatible.
[2017.01.30-13.48.21:471][382]LogContentBrowser: Native class hierarchy updated for 'BlueprintGraph' in 0.0009 seconds. Added 107 classes and 0 folders.
[2017.01.30-13.48.32:250][967]LogBlueprintUserMessages: Early PlayInEditor Detection: Level '/Game/FirstPersonBP/Maps/Untitled.Untitled:PersistentLevel' has LevelScriptBlueprint '/Game/FirstPersonBP/Maps/Untitled.Untitled:PersistentLevel.Untitled' with GeneratedClass '/Game/FirstPersonBP/Maps/Untitled.Untitled_C' with ClassGeneratedBy '/Game/FirstPersonBP/Maps/Untitled.Untitled:PersistentLevel.Untitled'
[2017.01.30-13.48.32:251][967]LogPlayLevel: PlayLevel: No blueprints needed recompiling
[2017.01.30-13.48.32:253][967]PIE: New page: PIE session: Untitled (Jan 30, 2017, 3:48:32 PM)
[2017.01.30-13.48.32:253][967]LogPlayLevel: Creating play world package: /Game/FirstPersonBP/Maps/UEDPIE_0_Untitled
[2017.01.30-13.48.32:259][967]LogPlayLevel: PIE: StaticDuplicateObject took: (0.005466s)
[2017.01.30-13.48.32:259][967]LogAIModule: Creating AISystem for world Untitled
[2017.01.30-13.48.32:260][967]LogPlayLevel: PIE: World Init took: (0.000760s)
[2017.01.30-13.48.32:260][967]LogPlayLevel: PIE: Created PIE world by copying editor world from /Game/FirstPersonBP/Maps/Untitled.Untitled to /Game/FirstPersonBP/Maps/UEDPIE_0_Untitled.Untitled (0.007088s)
[2017.01.30-13.48.32:306][967]LogParticles: Destroying 0 GPU particle simulations for FXSystem 0x000002E2B6099EE0
[2017.01.30-13.48.32:306][967]LogParticles: Destroying 0 GPU particle simulations for FXSystem 0x000002E2B6099580
[2017.01.30-13.48.32:322][967]LogInit: XAudio2 using 'Lautsprecher (Realtek High Definition Audio(SST))' : 2 channels at 48 kHz using 32 bits per sample (channel mask 0x3)
[2017.01.30-13.48.32:330][967]LogInit: FAudioDevice initialized.
[2017.01.30-13.48.32:390][967]LogWorld: Game class is 'Mouse_GameMode_C'
[2017.01.30-13.48.32:396][967]LogWorld: Bringing World /Game/FirstPersonBP/Maps/UEDPIE_0_Untitled.Untitled up for play (max tick rate 60) at 2017.01.30-14.48.32
[2017.01.30-13.48.32:396][967]LogActor:Warning: GameSession /Game/FirstPersonBP/Maps/UEDPIE_0_Untitled.Untitled:PersistentLevel.GameSession_0 has natively added scene component(s), but none of them were set as the actor's RootComponent - picking one arbitrarily
[2017.01.30-13.48.32:397][967]LogActor:Warning: GameNetworkManager /Game/FirstPersonBP/Maps/UEDPIE_0_Untitled.Untitled:PersistentLevel.GameNetworkManager_0 has natively added scene component(s), but none of them were set as the actor's RootComponent - picking one arbitrarily
[2017.01.30-13.48.32:404][967]LogWorld: Bringing up level for play took: 0.012920
[2017.01.30-13.48.32:429][967]PIE: Info Play in editor start time for /Game/FirstPersonBP/Maps/UEDPIE_0_Untitled -0.484
[2017.01.30-13.48.32:429][967]LogBlueprintUserMessages: Late PlayInEditor Detection: Level '/Game/FirstPersonBP/Maps/Untitled.Untitled:PersistentLevel' has LevelScriptBlueprint '/Game/FirstPersonBP/Maps/Untitled.Untitled:PersistentLevel.Untitled' with GeneratedClass '/Game/FirstPersonBP/Maps/Untitled.Untitled_C' with ClassGeneratedBy '/Game/FirstPersonBP/Maps/Untitled.Untitled:PersistentLevel.Untitled'
[2017.01.30-13.49.00:652][658]LogBlueprintUserMessages: Early EndPlayMap Detection: Level '/Game/FirstPersonBP/Maps/Untitled.Untitled:PersistentLevel' has LevelScriptBlueprint '/Game/FirstPersonBP/Maps/Untitled.Untitled:PersistentLevel.Untitled' with GeneratedClass '/Game/FirstPersonBP/Maps/Untitled.Untitled_C' with ClassGeneratedBy '/Game/FirstPersonBP/Maps/Untitled.Untitled:PersistentLevel.Untitled'
[2017.01.30-13.49.00:700][658]LogBlueprintUserMessages: Late EndPlayMap Detection: Level '/Game/FirstPersonBP/Maps/Untitled.Untitled:PersistentLevel' has LevelScriptBlueprint '/Game/FirstPersonBP/Maps/Untitled.Untitled:PersistentLevel.Untitled' with GeneratedClass '/Game/FirstPersonBP/Maps/Untitled.Untitled_C' with ClassGeneratedBy '/Game/FirstPersonBP/Maps/Untitled.Untitled:PersistentLevel.Untitled'
[2017.01.30-13.49.00:739][658]LogParticles: Destroying 0 GPU particle simulations for FXSystem 0x000002E2DFFFA340
[2017.01.30-13.52.52:559][214]LogBlueprintUserMessages: Early PlayInEditor Detection: Level '/Game/FirstPersonBP/Maps/Untitled.Untitled:PersistentLevel' has LevelScriptBlueprint '/Game/FirstPersonBP/Maps/Untitled.Untitled:PersistentLevel.Untitled' with GeneratedClass '/Game/FirstPersonBP/Maps/Untitled.Untitled_C' with ClassGeneratedBy '/Game/FirstPersonBP/Maps/Untitled.Untitled:PersistentLevel.Untitled'
[2017.01.30-13.52.52:559][214]BlueprintLog: New page: Pre-Play auto-recompile
[2017.01.30-13.52.52:562][214]LogPlayLevel: [PlayLevel] Compiling Phone_Menu before play...
[2017.01.30-13.52.52:658][214]LogPlayLevel: PlayLevel: Blueprint regeneration took 99 ms (1 blueprints)
[2017.01.30-13.52.52:694][214]LogParticles: Destroying 0 GPU particle simulations for FXSystem 0x000002E2DE076160
[2017.01.30-13.52.52:695][214]LogParticles: Destroying 0 GPU particle simulations for FXSystem 0x000002E2DF08DE40
[2017.01.30-13.52.52:696][214]LogParticles: Destroying 0 GPU particle simulations for FXSystem 0x000002E2D41136A0
[2017.01.30-13.52.52:698][214]LogParticles: Destroying 0 GPU particle simulations for FXSystem 0x000002E2D41104A0
[2017.01.30-13.52.52:699][214]LogParticles: Destroying 0 GPU particle simulations for FXSystem 0x000002E2D4082DE0
[2017.01.30-13.52.52:699][214]LogParticles: Destroying 0 GPU particle simulations for FXSystem 0x000002E2D4112340
[2017.01.30-13.52.52:705][214]PIE: New page: PIE session: Untitled (Jan 30, 2017, 3:52:52 PM)
[2017.01.30-13.52.52:705][214]LogPlayLevel: Creating play world package: /Game/FirstPersonBP/Maps/UEDPIE_0_Untitled
[2017.01.30-13.52.52:709][214]LogPlayLevel: PIE: StaticDuplicateObject took: (0.004172s)
[2017.01.30-13.52.52:710][214]LogAIModule: Creating AISystem for world Untitled
[2017.01.30-13.52.52:710][214]LogPlayLevel: PIE: World Init took: (0.001357s)
[2017.01.30-13.52.52:710][214]LogPlayLevel: PIE: Created PIE world by copying editor world from /Game/FirstPersonBP/Maps/Untitled.Untitled to /Game/FirstPersonBP/Maps/UEDPIE_0_Untitled.Untitled (0.005766s)
[2017.01.30-13.52.52:753][214]LogInit: XAudio2 using 'Lautsprecher (Realtek High Definition Audio(SST))' : 2 channels at 48 kHz using 32 bits per sample (channel mask 0x3)
[2017.01.30-13.52.52:762][214]LogInit: FAudioDevice initialized.
[2017.01.30-13.52.52:793][214]LogWorld: Game class is 'Mouse_GameMode_C'
[2017.01.30-13.52.52:798][214]LogWorld: Bringing World /Game/FirstPersonBP/Maps/UEDPIE_0_Untitled.Untitled up for play (max tick rate 60) at 2017.01.30-14.52.52
[2017.01.30-13.52.52:798][214]LogActor:Warning: GameSession /Game/FirstPersonBP/Maps/UEDPIE_0_Untitled.Untitled:PersistentLevel.GameSession_1 has natively added scene component(s), but none of them were set as the actor's RootComponent - picking one arbitrarily
[2017.01.30-13.52.52:798][214]LogActor:Warning: GameNetworkManager /Game/FirstPersonBP/Maps/UEDPIE_0_Untitled.Untitled:PersistentLevel.GameNetworkManager_1 has natively added scene component(s), but none of them were set as the actor's RootComponent - picking one arbitrarily
[2017.01.30-13.52.52:798][214]LogWorld: Bringing up level for play took: 0.004448
[2017.01.30-13.52.52:800][214]PIE: Info Play in editor start time for /Game/FirstPersonBP/Maps/UEDPIE_0_Untitled -0.112
[2017.01.30-13.52.52:800][214]LogBlueprintUserMessages: Late PlayInEditor Detection: Level '/Game/FirstPersonBP/Maps/Untitled.Untitled:PersistentLevel' has LevelScriptBlueprint '/Game/FirstPersonBP/Maps/Untitled.Untitled:PersistentLevel.Untitled' with GeneratedClass '/Game/FirstPersonBP/Maps/Untitled.Untitled_C' with ClassGeneratedBy '/Game/FirstPersonBP/Maps/Untitled.Untitled:PersistentLevel.Untitled'
[2017.01.30-13.53.37:845][737]LogBlueprintUserMessages: Early EndPlayMap Detection: Level '/Game/FirstPersonBP/Maps/Untitled.Untitled:PersistentLevel' has LevelScriptBlueprint '/Game/FirstPersonBP/Maps/Untitled.Untitled:PersistentLevel.Untitled' with GeneratedClass '/Game/FirstPersonBP/Maps/Untitled.Untitled_C' with ClassGeneratedBy '/Game/FirstPersonBP/Maps/Untitled.Untitled:PersistentLevel.Untitled'
[2017.01.30-13.53.37:877][737]LogBlueprintUserMessages: Late EndPlayMap Detection: Level '/Game/FirstPersonBP/Maps/Untitled.Untitled:PersistentLevel' has LevelScriptBlueprint '/Game/FirstPersonBP/Maps/Untitled.Untitled:PersistentLevel.Untitled' with GeneratedClass '/Game/FirstPersonBP/Maps/Untitled.Untitled_C' with ClassGeneratedBy '/Game/FirstPersonBP/Maps/Untitled.Untitled:PersistentLevel.Untitled'
[2017.01.30-13.53.37:931][738]LogParticles: Destroying 0 GPU particle simulations for FXSystem 0x000002E298488900
[2017.01.30-13.59.32:974][216]LogParticles: Destroying 0 GPU particle simulations for FXSystem 0x000002E29C936C00
[2017.01.30-13.59.32:979][216]LogParticles: Destroying 0 GPU particle simulations for FXSystem 0x000002E29C935260
[2017.01.30-13.59.32:979][216]LogFileHelpers: Editor autosave (incl. sublevels) for '/Game/FirstPersonBP/Maps/Untitled' took 0.045
[2017.01.30-13.59.32:990][216]OBJ SavePackage: Generating thumbnails for [0] asset(s) in package [/Game/UMG/Phone_Menu] ([1] browsable assets)...
[2017.01.30-13.59.32:991][216]OBJ SavePackage: Finished generating thumbnails for package [/Game/UMG/Phone_Menu]
[2017.01.30-13.59.32:991][216]Cmd: OBJ SAVEPACKAGE PACKAGE="/Game/UMG/Phone_Menu" FILE="D:/Github/Forschungsseminar/Saved/Autosaves/Game/UMG/Phone_Menu_Auto1.uasset" SILENT=false AUTOSAVING=true
[2017.01.30-13.59.34:869][216]LogSavePackage: Save=1852.583130ms
[2017.01.30-13.59.34:869][216]LogSavePackage: Moving 'D:/Github/Forschungsseminar/Saved/Phone_Menu_Auto1AF357C0743AAF2E06EE4BDB74BD55579.tmp' to 'D:/Github/Forschungsseminar/Saved/Autosaves/Game/UMG/Phone_Menu_Auto1.uasset'
[2017.01.30-13.59.34:871][216]LogSavePackage: Total save time: 1877.479952ms
[2017.01.30-13.59.34:871][216]LogSavePackage:Display: Finished SavePackage D:/Github/Forschungsseminar/Saved/Autosaves/Game/UMG/Phone_Menu_Auto1.uasset
[2017.01.30-13.59.34:871][216]LogFileHelpers: Auto-saving content packages took 1.887
[2017.01.30-14.16.36:735][358]Cmd: QUIT_EDITOR
[2017.01.30-14.16.37:511][358]LogWindowsTextInputMethodSystem:Display: IME system now deactivated.
[2017.01.30-14.16.37:577][358]LogExit: Preparing to exit.
[2017.01.30-14.16.38:687][358]LogExit: Editor shut down
[2017.01.30-14.16.38:687][358]LogExit: Transaction tracking system shut down
[2017.01.30-14.16.38:688][358]LogParticles: Destroying 0 GPU particle simulations for FXSystem 0x000002E2B6091260
[2017.01.30-14.16.38:688][358]LogParticles: Destroying 0 GPU particle simulations for FXSystem 0x000002E2B5A62B60
[2017.01.30-14.16.38:688][358]LogParticles: Destroying 0 GPU particle simulations for FXSystem 0x000002E2B61165C0
[2017.01.30-14.16.38:690][358]LogParticles: Destroying 0 GPU particle simulations for FXSystem 0x000002E2D394D080
[2017.01.30-14.16.38:906][358]LogExit: Object subsystem successfully closed.
[2017.01.30-14.16.38:920][358]LogD3D11RHI: Shutdown
[2017.01.30-14.16.38:920][358]LogD3D11RHI: CleanupD3DDevice
[2017.01.30-14.16.39:002][358]LogD3D11RHI: ~FD3D11DynamicRHI
[2017.01.30-14.16.39:015][358]LogModuleManager: Shutting down and abandoning module CookingStats (201)
[2017.01.30-14.16.39:015][358]LogModuleManager: Shutting down and abandoning module SequencerWidgets (200)
[2017.01.30-14.16.39:015][358]LogModuleManager: Shutting down and abandoning module BlueprintGraph (199)
[2017.01.30-14.16.39:015][358]LogModuleManager: Shutting down and abandoning module CrashTracker (198)
[2017.01.30-14.16.39:015][358]LogModuleManager: Shutting down and abandoning module SceneOutliner (197)
[2017.01.30-14.16.39:015][358]LogModuleManager: Shutting down and abandoning module SuperSearch (196)
[2017.01.30-14.16.39:015][358]LogModuleManager: Shutting down and abandoning module WidgetCarousel (195)
[2017.01.30-14.16.39:016][358]LogModuleManager: Shutting down and abandoning module AddContentDialog (194)
[2017.01.30-14.16.39:018][358]LogModuleManager: Shutting down and abandoning module EditorWidgets (193)
[2017.01.30-14.16.39:018][358]LogModuleManager: Shutting down and abandoning module CollectionManager (192)
[2017.01.30-14.16.39:018][358]LogModuleManager: Shutting down and abandoning module StatsViewer (191)
[2017.01.30-14.16.39:018][358]LogModuleManager: Shutting down and abandoning module FoliageEdit (190)
[2017.01.30-14.16.39:019][358]LogModuleManager: Shutting down and abandoning module LandscapeEditor (189)
[2017.01.30-14.16.39:019][358]LogModuleManager: Shutting down and abandoning module ActorPickerMode (188)
[2017.01.30-14.16.39:019][358]LogModuleManager: Shutting down and abandoning module GeometryMode (187)
[2017.01.30-14.16.39:019][358]LogModuleManager: Shutting down and abandoning module TextureAlignMode (186)
[2017.01.30-14.16.39:019][358]LogModuleManager: Shutting down and abandoning module BspMode (185)
[2017.01.30-14.16.39:019][358]LogModuleManager: Shutting down and abandoning module PlacementMode (184)
[2017.01.30-14.16.39:019][358]LogModuleManager: Shutting down and abandoning module AutomationWorker (183)
[2017.01.30-14.16.39:019][358]LogModuleManager: Shutting down and abandoning module CharacterAI (182)
[2017.01.30-14.16.39:019][358]LogModuleManager: Shutting down and abandoning module SmartSnapping (181)
[2017.01.30-14.16.39:019][358]LogModuleManager: Shutting down and abandoning module ViewportSnapping (180)
[2017.01.30-14.16.39:019][358]LogModuleManager: Shutting down and abandoning module LogVisualizer (179)
[2017.01.30-14.16.39:019][358]LogModuleManager: Shutting down and abandoning module GameProjectGeneration (178)
[2017.01.30-14.16.39:019][358]LogModuleManager: Shutting down and abandoning module IntroTutorials (177)
[2017.01.30-14.16.39:019][358]LogModuleManager: Shutting down and abandoning module EditorLiveStreaming (176)
[2017.01.30-14.16.39:019][358]LogModuleManager: Shutting down and abandoning module IOSPlatformEditor (175)
[2017.01.30-14.16.39:019][358]LogModuleManager: Shutting down and abandoning module HTML5PlatformEditor (174)
[2017.01.30-14.16.39:019][358]LogModuleManager: Shutting down and abandoning module AndroidDeviceDetection (173)
[2017.01.30-14.16.39:807][358]LogModuleManager: Shutting down and abandoning module AndroidPlatformEditor (172)
[2017.01.30-14.16.39:807][358]LogModuleManager: Shutting down and abandoning module IOSRuntimeSettings (171)
[2017.01.30-14.16.39:807][358]LogModuleManager: Shutting down and abandoning module AndroidRuntimeSettings (170)
[2017.01.30-14.16.39:807][358]LogModuleManager: Shutting down and abandoning module MergeActors (169)
[2017.01.30-14.16.39:807][358]LogModuleManager: Shutting down and abandoning module SizeMap (168)
[2017.01.30-14.16.39:807][358]LogModuleManager: Shutting down and abandoning module TreeMap (167)
[2017.01.30-14.16.39:807][358]LogModuleManager: Shutting down and abandoning module ReferenceViewer (166)
[2017.01.30-14.16.39:807][358]LogModuleManager: Shutting down and abandoning module LocalizationService (165)
[2017.01.30-14.16.39:807][358]LogModuleManager: Shutting down and abandoning module LocalizationDashboard (164)
[2017.01.30-14.16.39:807][358]LogModuleManager: Shutting down and abandoning module HardwareTargeting (163)
[2017.01.30-14.16.39:807][358]LogModuleManager: Shutting down and abandoning module DeviceProfileEditor (162)
[2017.01.30-14.16.39:807][358]LogModuleManager: Shutting down and abandoning module UndoHistory (161)
[2017.01.30-14.16.39:807][358]LogModuleManager: Shutting down and abandoning module GameplayTagsEditor (160)
[2017.01.30-14.16.39:807][358]LogModuleManager: Shutting down and abandoning module UserFeedback (159)
[2017.01.30-14.16.39:807][358]LogModuleManager: Shutting down and abandoning module XmlParser (158)
[2017.01.30-14.16.39:807][358]LogModuleManager: Shutting down and abandoning module Blutility (157)
[2017.01.30-14.16.39:807][358]LogModuleManager: Shutting down and abandoning module ProjectTargetPlatformEditor (156)
[2017.01.30-14.16.39:807][358]LogModuleManager: Shutting down and abandoning module ProjectSettingsViewer (155)
[2017.01.30-14.16.39:807][358]LogModuleManager: Shutting down and abandoning module InputBindingEditor (154)
[2017.01.30-14.16.39:808][358]LogModuleManager: Shutting down and abandoning module EditorSettingsViewer (153)
[2017.01.30-14.16.39:808][358]LogModuleManager: Shutting down and abandoning module SettingsEditor (152)
[2017.01.30-14.16.39:808][358]LogModuleManager: Shutting down and abandoning module ProjectLauncher (151)
[2017.01.30-14.16.39:808][358]LogModuleManager: Shutting down and abandoning module SessionFrontend (150)
[2017.01.30-14.16.39:808][358]LogModuleManager: Shutting down and abandoning module ProfilerClient (149)
[2017.01.30-14.16.39:808][358]LogModuleManager: Shutting down and abandoning module TargetDeviceServices (148)
[2017.01.30-14.16.39:808][358]LogModuleManager: Shutting down and abandoning module DeviceManager (147)
[2017.01.30-14.16.39:808][358]LogModuleManager: Shutting down and abandoning module AutomationController (146)
[2017.01.30-14.16.39:808][358]LogModuleManager: Shutting down and abandoning module AutomationWindow (145)
[2017.01.30-14.16.39:808][358]LogModuleManager: Shutting down and abandoning module Layers (144)
[2017.01.30-14.16.39:808][358]LogModuleManager: Shutting down and abandoning module ComponentVisualizers (143)
[2017.01.30-14.16.39:808][358]LogModuleManager: Shutting down and abandoning module DetailCustomizations (142)
[2017.01.30-14.16.39:808][358]LogModuleManager: Shutting down and abandoning module PackagesDialog (141)
[2017.01.30-14.16.39:808][358]LogModuleManager: Shutting down and abandoning module Persona (140)
[2017.01.30-14.16.39:808][358]LogModuleManager: Shutting down and abandoning module Kismet (139)
[2017.01.30-14.16.39:808][358]LogModuleManager: Shutting down and abandoning module GraphEditor (138)
[2017.01.30-14.16.39:808][358]LogModuleManager: Shutting down and abandoning module ClassViewer (137)
[2017.01.30-14.16.39:808][358]LogModuleManager: Shutting down and abandoning module Toolbox (136)
[2017.01.30-14.16.39:808][358]LogModuleManager: Shutting down and abandoning module ModuleUI (135)
[2017.01.30-14.16.39:808][358]LogModuleManager: Shutting down and abandoning module MovieSceneTools (134)
[2017.01.30-14.16.39:808][358]LogModuleManager: Shutting down and abandoning module OutputLog (133)
[2017.01.30-14.16.39:808][358]LogModuleManager: Shutting down and abandoning module GammaUI (132)
[2017.01.30-14.16.39:808][358]LogModuleManager: Shutting down and abandoning module Documentation (131)
[2017.01.30-14.16.39:809][358]LogModuleManager: Shutting down and abandoning module GameLiveStreaming (130)
[2017.01.30-14.16.39:809][358]LogModuleManager: Shutting down and abandoning module StreamingPauseRendering (129)
[2017.01.30-14.16.39:809][358]LogModuleManager: Shutting down and abandoning module AnalyticsET (128)
[2017.01.30-14.16.39:809][358]LogModuleManager: Shutting down and abandoning module Analytics (127)
[2017.01.30-14.16.39:809][358]LogModuleManager: Shutting down and abandoning module AITestSuite (126)
[2017.01.30-14.16.39:809][358]LogModuleManager: Shutting down and abandoning module GameplayDebugger (125)
[2017.01.30-14.16.39:809][358]LogModuleManager: Shutting down and abandoning module AIModule (124)
[2017.01.30-14.16.39:809][358]LogModuleManager: Shutting down and abandoning module ProfilerService (123)
[2017.01.30-14.16.40:637][358]LogModuleManager: Shutting down and abandoning module TaskGraph (122)
[2017.01.30-14.16.40:637][358]LogModuleManager: Shutting down and abandoning module SlateRemote (121)
[2017.01.30-14.16.40:637][358]LogModuleManager: Shutting down and abandoning module SteamVRController (120)
[2017.01.30-14.16.40:637][358]LogModuleManager: Shutting down and abandoning module SteamVR (119)
[2017.01.30-14.16.40:637][358]LogModuleManager: Shutting down and abandoning module ProceduralMeshComponent (118)
[2017.01.30-14.16.40:637][358]LogModuleManager: Shutting down and abandoning module OculusLibrary (117)
[2017.01.30-14.16.40:637][358]LogModuleManager: Shutting down and abandoning module OculusInput (116)
[2017.01.30-14.16.40:637][358]LogModuleManager: Shutting down and abandoning module LeapMotionController (115)
[2017.01.30-14.16.40:660][358]LogModuleManager: Shutting down and abandoning module CustomMeshComponent (114)
[2017.01.30-14.16.40:660][358]LogModuleManager: Shutting down and abandoning module CableComponent (113)
[2017.01.30-14.16.40:660][358]LogModuleManager: Shutting down and abandoning module ArchVisCharacter (112)
[2017.01.30-14.16.40:660][358]LogModuleManager: Shutting down and abandoning module MessagingDebugger (111)
[2017.01.30-14.16.40:660][358]LogModuleManager: Shutting down and abandoning module MediaPlayerEditor (110)
[2017.01.30-14.16.40:660][358]LogModuleManager: Shutting down and abandoning module HTML5Networking (109)
[2017.01.30-14.16.40:660][358]LogModuleManager: Shutting down and abandoning module SpeedTreeImporter (108)
[2017.01.30-14.16.40:660][358]LogModuleManager: Shutting down and abandoning module PluginBrowser (107)
[2017.01.30-14.16.40:660][358]LogModuleManager: Shutting down and abandoning module EpicSurvey (106)
[2017.01.30-14.16.40:660][358]LogModuleManager: Shutting down and abandoning module DesktopPlatform (105)
[2017.01.30-14.16.40:661][358]LogModuleManager: Shutting down and abandoning module VisualStudioSourceCodeAccess (104)
[2017.01.30-14.16.40:661][358]LogModuleManager: Shutting down and abandoning module UObjectPlugin (103)
[2017.01.30-14.16.40:661][358]LogModuleManager: Shutting down and abandoning module SubversionSourceControl (102)
[2017.01.30-14.16.40:661][358]LogModuleManager: Shutting down and abandoning module PerforceSourceControl (101)
[2017.01.30-14.16.40:661][358]LogModuleManager: Shutting down and abandoning module SourceControl (100)
[2017.01.30-14.16.40:661][358]LogModuleManager: Shutting down and abandoning module GitSourceControl (99)
[2017.01.30-14.16.40:661][358]LogModuleManager: Shutting down and abandoning module LightPropagationVolumeEditor (98)
[2017.01.30-14.16.40:661][358]LogModuleManager: Shutting down and abandoning module PaperTiledImporter (97)
[2017.01.30-14.16.40:661][358]LogModuleManager: Shutting down and abandoning module PaperSpriteSheetImporter (96)
[2017.01.30-14.16.40:661][358]LogModuleManager: Shutting down and abandoning module MeshPaint (95)
[2017.01.30-14.16.40:661][358]LogModuleManager: Shutting down and abandoning module SlateReflector (94)
[2017.01.30-14.16.40:661][358]LogModuleManager: Shutting down and abandoning module HotReload (93)
[2017.01.30-14.16.40:661][358]LogModuleManager: Shutting down and abandoning module MainFrame (92)
[2017.01.30-14.16.40:661][358]LogModuleManager: Shutting down and abandoning module LevelEditor (91)
[2017.01.30-14.16.40:662][358]LogModuleManager: Shutting down and abandoning module DirectoryWatcher (90)
[2017.01.30-14.16.40:663][358]LogModuleManager: Shutting down and abandoning module AssetRegistry (89)
[2017.01.30-14.16.40:780][358]LogModuleManager: Shutting down and abandoning module ContentBrowser (88)
[2017.01.30-14.16.40:780][358]LogModuleManager: Shutting down and abandoning module Paper2DEditor (87)
[2017.01.30-14.16.40:781][358]LogModuleManager: Shutting down and abandoning module UdpMessaging (86)
[2017.01.30-14.16.40:882][358]LogModuleManager: Shutting down and abandoning module LightPropagationVolumeRuntime (85)
[2017.01.30-14.16.40:882][358]LogModuleManager: Shutting down and abandoning module Paper2D (84)
[2017.01.30-14.16.40:882][358]LogModuleManager: Shutting down and abandoning module WindowsMoviePlayer (83)
[2017.01.30-14.16.40:884][358]LogModuleManager: Shutting down and abandoning module Media (82)
[2017.01.30-14.16.40:884][358]LogModuleManager: Shutting down and abandoning module WmfMedia (81)
[2017.01.30-14.16.40:884][358]LogModuleManager: Shutting down and abandoning module OnlineBlueprintSupport (80)
[2017.01.30-14.16.40:884][358]LogModuleManager: Shutting down and abandoning module GameplayTasksEditor (79)
[2017.01.30-14.16.40:884][358]LogModuleManager: Shutting down and abandoning module PropertyEditor (78)
[2017.01.30-14.16.40:885][358]LogModuleManager: Shutting down and abandoning module BehaviorTreeEditor (77)
[2017.01.30-14.16.40:885][358]LogModuleManager: Shutting down and abandoning module FunctionalTesting (76)
[2017.01.30-14.16.40:885][358]LogModuleManager: Shutting down and abandoning module CollisionAnalyzer (75)
[2017.01.30-14.16.40:885][358]LogModuleManager: Shutting down and abandoning module WorkspaceMenuStructure (74)
[2017.01.30-14.16.40:885][358]LogModuleManager: Shutting down and abandoning module MessageLog (73)
[2017.01.30-14.16.40:885][358]LogModuleManager: Shutting down and abandoning module Sequencer (72)
[2017.01.30-14.16.40:885][358]LogModuleManager: Shutting down and abandoning module AssetTools (71)
[2017.01.30-14.16.40:885][358]LogModuleManager: Shutting down and abandoning module UMGEditor (70)
[2017.01.30-14.16.40:885][358]LogModuleManager: Shutting down and abandoning module UMG (69)
[2017.01.30-14.16.40:885][358]LogModuleManager: Shutting down and abandoning module Slate (68)
[2017.01.30-14.16.40:885][358]LogModuleManager: Shutting down and abandoning module EditorStyle (67)
[2017.01.30-14.16.40:887][358]LogModuleManager: Shutting down and abandoning module SessionServices (66)
[2017.01.30-14.16.40:887][358]LogModuleManager: Shutting down and abandoning module SourceCodeAccess (65)
[2017.01.30-14.16.40:887][358]LogModuleManager: Shutting down and abandoning module HeadMountedDisplay (64)
[2017.01.30-14.16.40:887][358]LogModuleManager: Shutting down and abandoning module XAudio2 (63)
[2017.01.30-14.16.40:887][358]LogModuleManager: Shutting down and abandoning module Networking (61)
[2017.01.30-14.16.40:887][358]LogModuleManager: Shutting down and abandoning module Core (60)
[2017.01.30-14.16.40:887][358]LogModuleManager: Shutting down and abandoning module KismetCompiler (59)
[2017.01.30-14.16.40:887][358]LogModuleManager: Shutting down and abandoning module PhysXFormats (58)
[2017.01.30-14.16.40:887][358]LogModuleManager: Shutting down and abandoning module MeshUtilities (57)
[2017.01.30-14.16.40:887][358]LogModuleManager: Shutting down and abandoning module DerivedDataCache (56)
[2017.01.30-14.16.40:946][358]LogDerivedDataCache: Shutdown
[2017.01.30-14.16.40:946][358]LogModuleManager: Shutting down and abandoning module ShaderFormatOpenGL (55)
[2017.01.30-14.16.40:946][358]LogModuleManager: Shutting down and abandoning module ShaderFormatD3D (54)
[2017.01.30-14.16.40:946][358]LogModuleManager: Shutting down and abandoning module MetalShaderFormat (53)
[2017.01.30-14.16.40:946][358]LogModuleManager: Shutting down and abandoning module TextureFormatUncompressed (52)
[2017.01.30-14.16.40:946][358]LogModuleManager: Shutting down and abandoning module TextureFormatPVR (51)
[2017.01.30-14.16.40:946][358]LogModuleManager: Shutting down and abandoning module TextureFormatIntelISPCTexComp (50)
[2017.01.30-14.16.40:946][358]LogModuleManager: Shutting down and abandoning module TextureFormatDXT (49)
[2017.01.30-14.16.40:946][358]LogModuleManager: Shutting down and abandoning module ImageWrapper (48)
[2017.01.30-14.16.40:946][358]LogModuleManager: Shutting down and abandoning module TextureFormatASTC (47)
[2017.01.30-14.16.40:946][358]LogModuleManager: Shutting down and abandoning module TextureFormatAndroid (46)
[2017.01.30-14.16.40:946][358]LogModuleManager: Shutting down and abandoning module AudioFormatOpus (45)
[2017.01.30-14.16.40:946][358]LogModuleManager: Shutting down and abandoning module AudioFormatOgg (44)
[2017.01.30-14.16.40:946][358]LogModuleManager: Shutting down and abandoning module AudioFormatADPCM (43)
[2017.01.30-14.16.40:946][358]LogModuleManager: Shutting down and abandoning module LinuxTargetPlatform (42)
[2017.01.30-14.16.40:946][358]LogModuleManager: Shutting down and abandoning module LinuxServerTargetPlatform (41)
[2017.01.30-14.16.40:946][358]LogModuleManager: Shutting down and abandoning module LinuxNoEditorTargetPlatform (40)
[2017.01.30-14.16.40:946][358]LogModuleManager: Shutting down and abandoning module Messaging (39)
[2017.01.30-14.16.40:946][358]LogModuleManager: Shutting down and abandoning module IOSTargetPlatform (38)
[2017.01.30-14.16.40:946][358]LogModuleManager: Shutting down and abandoning module HTML5TargetPlatform (37)
[2017.01.30-14.16.40:946][358]LogModuleManager: Shutting down and abandoning module Android_PVRTCTargetPlatform (36)
[2017.01.30-14.16.40:946][358]LogModuleManager: Shutting down and abandoning module Android_MultiTargetPlatform (35)
[2017.01.30-14.16.40:946][358]LogModuleManager: Shutting down and abandoning module Android_ETC2TargetPlatform (34)
[2017.01.30-14.16.40:946][358]LogModuleManager: Shutting down and abandoning module Android_ETC1TargetPlatform (33)
[2017.01.30-14.16.40:946][358]LogModuleManager: Shutting down and abandoning module Android_DXTTargetPlatform (32)
[2017.01.30-14.16.40:946][358]LogModuleManager: Shutting down and abandoning module Android_ATCTargetPlatform (31)
[2017.01.30-14.16.40:946][358]LogModuleManager: Shutting down and abandoning module Android_ASTCTargetPlatform (30)
[2017.01.30-14.16.40:946][358]LogModuleManager: Shutting down and abandoning module AndroidTargetPlatform (29)
[2017.01.30-14.16.40:946][358]LogModuleManager: Shutting down and abandoning module WindowsTargetPlatform (28)
[2017.01.30-14.16.40:947][358]LogModuleManager: Shutting down and abandoning module WindowsServerTargetPlatform (27)
[2017.01.30-14.16.40:947][358]LogModuleManager: Shutting down and abandoning module WindowsNoEditorTargetPlatform (26)
[2017.01.30-14.16.40:947][358]LogModuleManager: Shutting down and abandoning module WindowsClientTargetPlatform (25)
[2017.01.30-14.16.40:947][358]LogModuleManager: Shutting down and abandoning module AllDesktopTargetPlatform (24)
[2017.01.30-14.16.40:947][358]LogModuleManager: Shutting down and abandoning module TargetPlatform (23)
[2017.01.30-14.16.40:947][358]LogModuleManager: Shutting down and abandoning module InputCore (22)
[2017.01.30-14.16.40:947][358]LogModuleManager: Shutting down and abandoning module Settings (21)
[2017.01.30-14.16.40:947][358]LogModuleManager: Shutting down and abandoning module OnlineSubsystem (19)
[2017.01.30-14.16.40:947][358]LogModuleManager: Shutting down and abandoning module HTTP (18)
[2017.01.30-14.16.42:950][358]LogModuleManager: Shutting down and abandoning module XMPP (17)
[2017.01.30-14.16.42:950][358]LogModuleManager: Shutting down and abandoning module OculusRift (16)
[2017.01.30-14.16.42:950][358]LogModuleManager: Shutting down and abandoning module ExampleDeviceProfileSelector (15)
[2017.01.30-14.16.42:950][358]LogModuleManager: Shutting down and abandoning module TextureCompressor (14)
[2017.01.30-14.16.42:950][358]LogModuleManager: Shutting down and abandoning module ShaderCore (13)
[2017.01.30-14.16.42:950][358]LogModuleManager: Shutting down and abandoning module Landscape (12)
[2017.01.30-14.16.42:950][358]LogModuleManager: Shutting down and abandoning module SlateRHIRenderer (11)
[2017.01.30-14.16.42:953][358]LogModuleManager: Shutting down and abandoning module OpenGLDrv (10)
[2017.01.30-14.16.42:953][358]LogModuleManager: Shutting down and abandoning module D3D11RHI (9)
[2017.01.30-14.16.42:953][358]LogModuleManager: Shutting down and abandoning module AnimGraphRuntime (8)
[2017.01.30-14.16.42:953][358]LogModuleManager: Shutting down and abandoning module Renderer (7)
[2017.01.30-14.16.42:953][358]LogModuleManager: Shutting down and abandoning module Engine (6)
[2017.01.30-14.16.42:953][358]LogModuleManager: Shutting down and abandoning module CoreUObject (5)
[2017.01.30-14.16.42:953][358]LogModuleManager: Shutting down and abandoning module NetworkFile (4)
[2017.01.30-14.16.42:953][358]LogModuleManager: Shutting down and abandoning module StreamingFile (3)
[2017.01.30-14.16.42:953][358]LogModuleManager: Shutting down and abandoning module SandboxFile (2)
[2017.01.30-14.16.42:953][358]LogModuleManager: Shutting down and abandoning module PakFile (1)
[2017.01.30-14.16.42:954][358]LogExit: Exiting.
[2017.01.30-14.16.42:960][358]Log file closed, 01/30/17 15:16:42
